{"numFailedTestSuites":2,"numFailedTests":8,"numPassedTestSuites":0,"numPassedTests":82,"numPendingTestSuites":0,"numPendingTests":0,"numRuntimeErrorTestSuites":0,"numTodoTests":0,"numTotalTestSuites":2,"numTotalTests":90,"openHandles":[],"snapshot":{"added":0,"didUpdate":false,"failure":false,"filesAdded":0,"filesRemoved":0,"filesRemovedList":[],"filesUnmatched":0,"filesUpdated":0,"matched":0,"total":0,"unchecked":0,"uncheckedKeysByFile":[],"unmatched":0,"updated":0},"startTime":1773045856025,"success":false,"testResults":[{"assertionResults":[{"ancestorTitles":["dateUtils","formatDate"],"duration":8,"failureDetails":[],"failureMessages":[],"fullName":"dateUtils formatDate should return \"NaN-NaN-NaN\" for null or undefined input","invocations":1,"location":null,"numPassingAsserts":2,"retryReasons":[],"status":"passed","title":"should return \"NaN-NaN-NaN\" for null or undefined input"},{"ancestorTitles":["dateUtils","formatDate"],"duration":0,"failureDetails":[],"failureMessages":[],"fullName":"dateUtils formatDate should return \"NaN-NaN-NaN\" for invalid date input","invocations":1,"location":null,"numPassingAsserts":1,"retryReasons":[],"status":"passed","title":"should return \"NaN-NaN-NaN\" for invalid date input"},{"ancestorTitles":["dateUtils","formatDate"],"duration":1,"failureDetails":[],"failureMessages":[],"fullName":"dateUtils formatDate should format date correctly","invocations":1,"location":null,"numPassingAsserts":1,"retryReasons":[],"status":"passed","title":"should format date correctly"},{"ancestorTitles":["dateUtils","getDaysInMonth"],"duration":2,"failureDetails":[{"matcherResult":{"actual":31,"expected":28,"message":"\u001b[2mexpect(\u001b[22m\u001b[31mreceived\u001b[39m\u001b[2m).\u001b[22mtoBe\u001b[2m(\u001b[22m\u001b[32mexpected\u001b[39m\u001b[2m) // Object.is equality\u001b[22m\n\nExpected: \u001b[32m28\u001b[39m\nReceived: \u001b[31m31\u001b[39m","name":"toBe","pass":false}}],"failureMessages":["Error: \u001b[2mexpect(\u001b[22m\u001b[31mreceived\u001b[39m\u001b[2m).\u001b[22mtoBe\u001b[2m(\u001b[22m\u001b[32mexpected\u001b[39m\u001b[2m) // Object.is equality\u001b[22m\n\nExpected: \u001b[32m28\u001b[39m\nReceived: \u001b[31m31\u001b[39m\n    at Object.<anonymous> (C:\\Users\\Sahil.Naik\\AiTestGen\\examples\\dateUtils.test.js:23:55)\n    at Promise.then.completed (C:\\Users\\Sahil.Naik\\AiTestGen\\node_modules\\jest-circus\\build\\utils.js:298:28)\n    at new Promise (<anonymous>)\n    at callAsyncCircusFn (C:\\Users\\Sahil.Naik\\AiTestGen\\node_modules\\jest-circus\\build\\utils.js:231:10)\n    at _callCircusTest (C:\\Users\\Sahil.Naik\\AiTestGen\\node_modules\\jest-circus\\build\\run.js:316:40)\n    at processTicksAndRejections (node:internal/process/task_queues:95:5)\n    at _runTest (C:\\Users\\Sahil.Naik\\AiTestGen\\node_modules\\jest-circus\\build\\run.js:252:3)\n    at _runTestsForDescribeBlock (C:\\Users\\Sahil.Naik\\AiTestGen\\node_modules\\jest-circus\\build\\run.js:126:9)\n    at _runTestsForDescribeBlock (C:\\Users\\Sahil.Naik\\AiTestGen\\node_modules\\jest-circus\\build\\run.js:121:9)\n    at _runTestsForDescribeBlock (C:\\Users\\Sahil.Naik\\AiTestGen\\node_modules\\jest-circus\\build\\run.js:121:9)\n    at run (C:\\Users\\Sahil.Naik\\AiTestGen\\node_modules\\jest-circus\\build\\run.js:71:3)\n    at runAndTransformResultsToJestFormat (C:\\Users\\Sahil.Naik\\AiTestGen\\node_modules\\jest-circus\\build\\legacy-code-todo-rewrite\\jestAdapterInit.js:122:21)\n    at jestAdapter (C:\\Users\\Sahil.Naik\\AiTestGen\\node_modules\\jest-circus\\build\\legacy-code-todo-rewrite\\jestAdapter.js:79:19)\n    at runTestInternal (C:\\Users\\Sahil.Naik\\AiTestGen\\node_modules\\jest-runner\\build\\runTest.js:367:16)\n    at runTest (C:\\Users\\Sahil.Naik\\AiTestGen\\node_modules\\jest-runner\\build\\runTest.js:444:34)\n    at Object.worker (C:\\Users\\Sahil.Naik\\AiTestGen\\node_modules\\jest-runner\\build\\testWorker.js:106:12)"],"fullName":"dateUtils getDaysInMonth should return correct number of days in month","invocations":1,"location":null,"numPassingAsserts":1,"retryReasons":[],"status":"failed","title":"should return correct number of days in month"},{"ancestorTitles":["dateUtils","getDaysInMonth"],"duration":1,"failureDetails":[{"matcherResult":{"actual":31,"expected":29,"message":"\u001b[2mexpect(\u001b[22m\u001b[31mreceived\u001b[39m\u001b[2m).\u001b[22mtoBe\u001b[2m(\u001b[22m\u001b[32mexpected\u001b[39m\u001b[2m) // Object.is equality\u001b[22m\n\nExpected: \u001b[32m29\u001b[39m\nReceived: \u001b[31m31\u001b[39m","name":"toBe","pass":false}}],"failureMessages":["Error: \u001b[2mexpect(\u001b[22m\u001b[31mreceived\u001b[39m\u001b[2m).\u001b[22mtoBe\u001b[2m(\u001b[22m\u001b[32mexpected\u001b[39m\u001b[2m) // Object.is equality\u001b[22m\n\nExpected: \u001b[32m29\u001b[39m\nReceived: \u001b[31m31\u001b[39m\n    at Object.<anonymous> (C:\\Users\\Sahil.Naik\\AiTestGen\\examples\\dateUtils.test.js:37:55)\n    at Promise.then.completed (C:\\Users\\Sahil.Naik\\AiTestGen\\node_modules\\jest-circus\\build\\utils.js:298:28)\n    at new Promise (<anonymous>)\n    at callAsyncCircusFn (C:\\Users\\Sahil.Naik\\AiTestGen\\node_modules\\jest-circus\\build\\utils.js:231:10)\n    at _callCircusTest (C:\\Users\\Sahil.Naik\\AiTestGen\\node_modules\\jest-circus\\build\\run.js:316:40)\n    at processTicksAndRejections (node:internal/process/task_queues:95:5)\n    at _runTest (C:\\Users\\Sahil.Naik\\AiTestGen\\node_modules\\jest-circus\\build\\run.js:252:3)\n    at _runTestsForDescribeBlock (C:\\Users\\Sahil.Naik\\AiTestGen\\node_modules\\jest-circus\\build\\run.js:126:9)\n    at _runTestsForDescribeBlock (C:\\Users\\Sahil.Naik\\AiTestGen\\node_modules\\jest-circus\\build\\run.js:121:9)\n    at _runTestsForDescribeBlock (C:\\Users\\Sahil.Naik\\AiTestGen\\node_modules\\jest-circus\\build\\run.js:121:9)\n    at run (C:\\Users\\Sahil.Naik\\AiTestGen\\node_modules\\jest-circus\\build\\run.js:71:3)\n    at runAndTransformResultsToJestFormat (C:\\Users\\Sahil.Naik\\AiTestGen\\node_modules\\jest-circus\\build\\legacy-code-todo-rewrite\\jestAdapterInit.js:122:21)\n    at jestAdapter (C:\\Users\\Sahil.Naik\\AiTestGen\\node_modules\\jest-circus\\build\\legacy-code-todo-rewrite\\jestAdapter.js:79:19)\n    at runTestInternal (C:\\Users\\Sahil.Naik\\AiTestGen\\node_modules\\jest-runner\\build\\runTest.js:367:16)\n    at runTest (C:\\Users\\Sahil.Naik\\AiTestGen\\node_modules\\jest-runner\\build\\runTest.js:444:34)\n    at Object.worker (C:\\Users\\Sahil.Naik\\AiTestGen\\node_modules\\jest-runner\\build\\testWorker.js:106:12)"],"fullName":"dateUtils getDaysInMonth should return correct number of days in month for leap year","invocations":1,"location":null,"numPassingAsserts":0,"retryReasons":[],"status":"failed","title":"should return correct number of days in month for leap year"},{"ancestorTitles":["dateUtils","isLeapYear"],"duration":1,"failureDetails":[],"failureMessages":[],"fullName":"dateUtils isLeapYear should return true for leap year","invocations":1,"location":null,"numPassingAsserts":2,"retryReasons":[],"status":"passed","title":"should return true for leap year"},{"ancestorTitles":["dateUtils","isLeapYear"],"duration":1,"failureDetails":[],"failureMessages":[],"fullName":"dateUtils isLeapYear should return false for non-leap year","invocations":1,"location":null,"numPassingAsserts":2,"retryReasons":[],"status":"passed","title":"should return false for non-leap year"},{"ancestorTitles":["dateUtils","addDays"],"duration":0,"failureDetails":[],"failureMessages":[],"fullName":"dateUtils addDays should add days correctly","invocations":1,"location":null,"numPassingAsserts":1,"retryReasons":[],"status":"passed","title":"should add days correctly"},{"ancestorTitles":["dateUtils","diffDays"],"duration":0,"failureDetails":[],"failureMessages":[],"fullName":"dateUtils diffDays should calculate difference in days correctly","invocations":1,"location":null,"numPassingAsserts":1,"retryReasons":[],"status":"passed","title":"should calculate difference in days correctly"},{"ancestorTitles":["dateUtils","getStartOfWeek"],"duration":1,"failureDetails":[],"failureMessages":[],"fullName":"dateUtils getStartOfWeek should return start of week correctly","invocations":1,"location":null,"numPassingAsserts":1,"retryReasons":[],"status":"passed","title":"should return start of week correctly"},{"ancestorTitles":["dateUtils","getEndOfWeek"],"duration":0,"failureDetails":[],"failureMessages":[],"fullName":"dateUtils getEndOfWeek should return end of week correctly","invocations":1,"location":null,"numPassingAsserts":1,"retryReasons":[],"status":"passed","title":"should return end of week correctly"},{"ancestorTitles":["dateUtils","formatRelativeTime"],"duration":2,"failureDetails":[{"matcherResult":{"actual":"1528 days ago","expected":"Just now","message":"\u001b[2mexpect(\u001b[22m\u001b[31mreceived\u001b[39m\u001b[2m).\u001b[22mtoBe\u001b[2m(\u001b[22m\u001b[32mexpected\u001b[39m\u001b[2m) // Object.is equality\u001b[22m\n\nExpected: \u001b[32m\"Just now\"\u001b[39m\nReceived: \u001b[31m\"1528 days ago\"\u001b[39m","name":"toBe","pass":false}}],"failureMessages":["Error: \u001b[2mexpect(\u001b[22m\u001b[31mreceived\u001b[39m\u001b[2m).\u001b[22mtoBe\u001b[2m(\u001b[22m\u001b[32mexpected\u001b[39m\u001b[2m) // Object.is equality\u001b[22m\n\nExpected: \u001b[32m\"Just now\"\u001b[39m\nReceived: \u001b[31m\"1528 days ago\"\u001b[39m\n    at Object.<anonymous> (C:\\Users\\Sahil.Naik\\AiTestGen\\examples\\dateUtils.test.js:89:56)\n    at Promise.then.completed (C:\\Users\\Sahil.Naik\\AiTestGen\\node_modules\\jest-circus\\build\\utils.js:298:28)\n    at new Promise (<anonymous>)\n    at callAsyncCircusFn (C:\\Users\\Sahil.Naik\\AiTestGen\\node_modules\\jest-circus\\build\\utils.js:231:10)\n    at _callCircusTest (C:\\Users\\Sahil.Naik\\AiTestGen\\node_modules\\jest-circus\\build\\run.js:316:40)\n    at processTicksAndRejections (node:internal/process/task_queues:95:5)\n    at _runTest (C:\\Users\\Sahil.Naik\\AiTestGen\\node_modules\\jest-circus\\build\\run.js:252:3)\n    at _runTestsForDescribeBlock (C:\\Users\\Sahil.Naik\\AiTestGen\\node_modules\\jest-circus\\build\\run.js:126:9)\n    at _runTestsForDescribeBlock (C:\\Users\\Sahil.Naik\\AiTestGen\\node_modules\\jest-circus\\build\\run.js:121:9)\n    at _runTestsForDescribeBlock (C:\\Users\\Sahil.Naik\\AiTestGen\\node_modules\\jest-circus\\build\\run.js:121:9)\n    at run (C:\\Users\\Sahil.Naik\\AiTestGen\\node_modules\\jest-circus\\build\\run.js:71:3)\n    at runAndTransformResultsToJestFormat (C:\\Users\\Sahil.Naik\\AiTestGen\\node_modules\\jest-circus\\build\\legacy-code-todo-rewrite\\jestAdapterInit.js:122:21)\n    at jestAdapter (C:\\Users\\Sahil.Naik\\AiTestGen\\node_modules\\jest-circus\\build\\legacy-code-todo-rewrite\\jestAdapter.js:79:19)\n    at runTestInternal (C:\\Users\\Sahil.Naik\\AiTestGen\\node_modules\\jest-runner\\build\\runTest.js:367:16)\n    at runTest (C:\\Users\\Sahil.Naik\\AiTestGen\\node_modules\\jest-runner\\build\\runTest.js:444:34)\n    at Object.worker (C:\\Users\\Sahil.Naik\\AiTestGen\\node_modules\\jest-runner\\build\\testWorker.js:106:12)"],"fullName":"dateUtils formatRelativeTime should format relative time correctly","invocations":1,"location":null,"numPassingAsserts":0,"retryReasons":[],"status":"failed","title":"should format relative time correctly"},{"ancestorTitles":["dateUtils","formatRelativeTime"],"duration":1,"failureDetails":[{"matcherResult":{"actual":"1528 days ago","expected":"10 seconds ago","message":"\u001b[2mexpect(\u001b[22m\u001b[31mreceived\u001b[39m\u001b[2m).\u001b[22mtoBe\u001b[2m(\u001b[22m\u001b[32mexpected\u001b[39m\u001b[2m) // Object.is equality\u001b[22m\n\nExpected: \u001b[32m\"1\u001b[7m0 second\u001b[27ms ago\"\u001b[39m\nReceived: \u001b[31m\"1\u001b[7m528 day\u001b[27ms ago\"\u001b[39m","name":"toBe","pass":false}}],"failureMessages":["Error: \u001b[2mexpect(\u001b[22m\u001b[31mreceived\u001b[39m\u001b[2m).\u001b[22mtoBe\u001b[2m(\u001b[22m\u001b[32mexpected\u001b[39m\u001b[2m) // Object.is equality\u001b[22m\n\nExpected: \u001b[32m\"1\u001b[7m0 second\u001b[27ms ago\"\u001b[39m\nReceived: \u001b[31m\"1\u001b[7m528 day\u001b[27ms ago\"\u001b[39m\n    at Object.<anonymous> (C:\\Users\\Sahil.Naik\\AiTestGen\\examples\\dateUtils.test.js:96:56)\n    at Promise.then.completed (C:\\Users\\Sahil.Naik\\AiTestGen\\node_modules\\jest-circus\\build\\utils.js:298:28)\n    at new Promise (<anonymous>)\n    at callAsyncCircusFn (C:\\Users\\Sahil.Naik\\AiTestGen\\node_modules\\jest-circus\\build\\utils.js:231:10)\n    at _callCircusTest (C:\\Users\\Sahil.Naik\\AiTestGen\\node_modules\\jest-circus\\build\\run.js:316:40)\n    at processTicksAndRejections (node:internal/process/task_queues:95:5)\n    at _runTest (C:\\Users\\Sahil.Naik\\AiTestGen\\node_modules\\jest-circus\\build\\run.js:252:3)\n    at _runTestsForDescribeBlock (C:\\Users\\Sahil.Naik\\AiTestGen\\node_modules\\jest-circus\\build\\run.js:126:9)\n    at _runTestsForDescribeBlock (C:\\Users\\Sahil.Naik\\AiTestGen\\node_modules\\jest-circus\\build\\run.js:121:9)\n    at _runTestsForDescribeBlock (C:\\Users\\Sahil.Naik\\AiTestGen\\node_modules\\jest-circus\\build\\run.js:121:9)\n    at run (C:\\Users\\Sahil.Naik\\AiTestGen\\node_modules\\jest-circus\\build\\run.js:71:3)\n    at runAndTransformResultsToJestFormat (C:\\Users\\Sahil.Naik\\AiTestGen\\node_modules\\jest-circus\\build\\legacy-code-todo-rewrite\\jestAdapterInit.js:122:21)\n    at jestAdapter (C:\\Users\\Sahil.Naik\\AiTestGen\\node_modules\\jest-circus\\build\\legacy-code-todo-rewrite\\jestAdapter.js:79:19)\n    at runTestInternal (C:\\Users\\Sahil.Naik\\AiTestGen\\node_modules\\jest-runner\\build\\runTest.js:367:16)\n    at runTest (C:\\Users\\Sahil.Naik\\AiTestGen\\node_modules\\jest-runner\\build\\runTest.js:444:34)\n    at Object.worker (C:\\Users\\Sahil.Naik\\AiTestGen\\node_modules\\jest-runner\\build\\testWorker.js:106:12)"],"fullName":"dateUtils formatRelativeTime should format relative time correctly for seconds","invocations":1,"location":null,"numPassingAsserts":0,"retryReasons":[],"status":"failed","title":"should format relative time correctly for seconds"},{"ancestorTitles":["dateUtils","formatRelativeTime"],"duration":1,"failureDetails":[{"matcherResult":{"actual":"1528 days ago","expected":"10 minutes ago","message":"\u001b[2mexpect(\u001b[22m\u001b[31mreceived\u001b[39m\u001b[2m).\u001b[22mtoBe\u001b[2m(\u001b[22m\u001b[32mexpected\u001b[39m\u001b[2m) // Object.is equality\u001b[22m\n\nExpected: \u001b[32m\"1\u001b[7m0 minute\u001b[27ms ago\"\u001b[39m\nReceived: \u001b[31m\"1\u001b[7m528 day\u001b[27ms ago\"\u001b[39m","name":"toBe","pass":false}}],"failureMessages":["Error: \u001b[2mexpect(\u001b[22m\u001b[31mreceived\u001b[39m\u001b[2m).\u001b[22mtoBe\u001b[2m(\u001b[22m\u001b[32mexpected\u001b[39m\u001b[2m) // Object.is equality\u001b[22m\n\nExpected: \u001b[32m\"1\u001b[7m0 minute\u001b[27ms ago\"\u001b[39m\nReceived: \u001b[31m\"1\u001b[7m528 day\u001b[27ms ago\"\u001b[39m\n    at Object.<anonymous> (C:\\Users\\Sahil.Naik\\AiTestGen\\examples\\dateUtils.test.js:103:56)\n    at Promise.then.completed (C:\\Users\\Sahil.Naik\\AiTestGen\\node_modules\\jest-circus\\build\\utils.js:298:28)\n    at new Promise (<anonymous>)\n    at callAsyncCircusFn (C:\\Users\\Sahil.Naik\\AiTestGen\\node_modules\\jest-circus\\build\\utils.js:231:10)\n    at _callCircusTest (C:\\Users\\Sahil.Naik\\AiTestGen\\node_modules\\jest-circus\\build\\run.js:316:40)\n    at processTicksAndRejections (node:internal/process/task_queues:95:5)\n    at _runTest (C:\\Users\\Sahil.Naik\\AiTestGen\\node_modules\\jest-circus\\build\\run.js:252:3)\n    at _runTestsForDescribeBlock (C:\\Users\\Sahil.Naik\\AiTestGen\\node_modules\\jest-circus\\build\\run.js:126:9)\n    at _runTestsForDescribeBlock (C:\\Users\\Sahil.Naik\\AiTestGen\\node_modules\\jest-circus\\build\\run.js:121:9)\n    at _runTestsForDescribeBlock (C:\\Users\\Sahil.Naik\\AiTestGen\\node_modules\\jest-circus\\build\\run.js:121:9)\n    at run (C:\\Users\\Sahil.Naik\\AiTestGen\\node_modules\\jest-circus\\build\\run.js:71:3)\n    at runAndTransformResultsToJestFormat (C:\\Users\\Sahil.Naik\\AiTestGen\\node_modules\\jest-circus\\build\\legacy-code-todo-rewrite\\jestAdapterInit.js:122:21)\n    at jestAdapter (C:\\Users\\Sahil.Naik\\AiTestGen\\node_modules\\jest-circus\\build\\legacy-code-todo-rewrite\\jestAdapter.js:79:19)\n    at runTestInternal (C:\\Users\\Sahil.Naik\\AiTestGen\\node_modules\\jest-runner\\build\\runTest.js:367:16)\n    at runTest (C:\\Users\\Sahil.Naik\\AiTestGen\\node_modules\\jest-runner\\build\\runTest.js:444:34)\n    at Object.worker (C:\\Users\\Sahil.Naik\\AiTestGen\\node_modules\\jest-runner\\build\\testWorker.js:106:12)"],"fullName":"dateUtils formatRelativeTime should format relative time correctly for minutes","invocations":1,"location":null,"numPassingAsserts":0,"retryReasons":[],"status":"failed","title":"should format relative time correctly for minutes"},{"ancestorTitles":["dateUtils","formatRelativeTime"],"duration":0,"failureDetails":[{"matcherResult":{"actual":"1528 days ago","expected":"10 hours ago","message":"\u001b[2mexpect(\u001b[22m\u001b[31mreceived\u001b[39m\u001b[2m).\u001b[22mtoBe\u001b[2m(\u001b[22m\u001b[32mexpected\u001b[39m\u001b[2m) // Object.is equality\u001b[22m\n\nExpected: \u001b[32m\"1\u001b[7m0 hour\u001b[27ms ago\"\u001b[39m\nReceived: \u001b[31m\"1\u001b[7m528 day\u001b[27ms ago\"\u001b[39m","name":"toBe","pass":false}}],"failureMessages":["Error: \u001b[2mexpect(\u001b[22m\u001b[31mreceived\u001b[39m\u001b[2m).\u001b[22mtoBe\u001b[2m(\u001b[22m\u001b[32mexpected\u001b[39m\u001b[2m) // Object.is equality\u001b[22m\n\nExpected: \u001b[32m\"1\u001b[7m0 hour\u001b[27ms ago\"\u001b[39m\nReceived: \u001b[31m\"1\u001b[7m528 day\u001b[27ms ago\"\u001b[39m\n    at Object.<anonymous> (C:\\Users\\Sahil.Naik\\AiTestGen\\examples\\dateUtils.test.js:110:56)\n    at Promise.then.completed (C:\\Users\\Sahil.Naik\\AiTestGen\\node_modules\\jest-circus\\build\\utils.js:298:28)\n    at new Promise (<anonymous>)\n    at callAsyncCircusFn (C:\\Users\\Sahil.Naik\\AiTestGen\\node_modules\\jest-circus\\build\\utils.js:231:10)\n    at _callCircusTest (C:\\Users\\Sahil.Naik\\AiTestGen\\node_modules\\jest-circus\\build\\run.js:316:40)\n    at processTicksAndRejections (node:internal/process/task_queues:95:5)\n    at _runTest (C:\\Users\\Sahil.Naik\\AiTestGen\\node_modules\\jest-circus\\build\\run.js:252:3)\n    at _runTestsForDescribeBlock (C:\\Users\\Sahil.Naik\\AiTestGen\\node_modules\\jest-circus\\build\\run.js:126:9)\n    at _runTestsForDescribeBlock (C:\\Users\\Sahil.Naik\\AiTestGen\\node_modules\\jest-circus\\build\\run.js:121:9)\n    at _runTestsForDescribeBlock (C:\\Users\\Sahil.Naik\\AiTestGen\\node_modules\\jest-circus\\build\\run.js:121:9)\n    at run (C:\\Users\\Sahil.Naik\\AiTestGen\\node_modules\\jest-circus\\build\\run.js:71:3)\n    at runAndTransformResultsToJestFormat (C:\\Users\\Sahil.Naik\\AiTestGen\\node_modules\\jest-circus\\build\\legacy-code-todo-rewrite\\jestAdapterInit.js:122:21)\n    at jestAdapter (C:\\Users\\Sahil.Naik\\AiTestGen\\node_modules\\jest-circus\\build\\legacy-code-todo-rewrite\\jestAdapter.js:79:19)\n    at runTestInternal (C:\\Users\\Sahil.Naik\\AiTestGen\\node_modules\\jest-runner\\build\\runTest.js:367:16)\n    at runTest (C:\\Users\\Sahil.Naik\\AiTestGen\\node_modules\\jest-runner\\build\\runTest.js:444:34)\n    at Object.worker (C:\\Users\\Sahil.Naik\\AiTestGen\\node_modules\\jest-runner\\build\\testWorker.js:106:12)"],"fullName":"dateUtils formatRelativeTime should format relative time correctly for hours","invocations":1,"location":null,"numPassingAsserts":0,"retryReasons":[],"status":"failed","title":"should format relative time correctly for hours"},{"ancestorTitles":["dateUtils","formatRelativeTime"],"duration":1,"failureDetails":[{"matcherResult":{"actual":"1528 days ago","expected":"10 days ago","message":"\u001b[2mexpect(\u001b[22m\u001b[31mreceived\u001b[39m\u001b[2m).\u001b[22mtoBe\u001b[2m(\u001b[22m\u001b[32mexpected\u001b[39m\u001b[2m) // Object.is equality\u001b[22m\n\nExpected: \u001b[32m\"1\u001b[7m0\u001b[27m days ago\"\u001b[39m\nReceived: \u001b[31m\"1\u001b[7m528\u001b[27m days ago\"\u001b[39m","name":"toBe","pass":false}}],"failureMessages":["Error: \u001b[2mexpect(\u001b[22m\u001b[31mreceived\u001b[39m\u001b[2m).\u001b[22mtoBe\u001b[2m(\u001b[22m\u001b[32mexpected\u001b[39m\u001b[2m) // Object.is equality\u001b[22m\n\nExpected: \u001b[32m\"1\u001b[7m0\u001b[27m days ago\"\u001b[39m\nReceived: \u001b[31m\"1\u001b[7m528\u001b[27m days ago\"\u001b[39m\n    at Object.<anonymous> (C:\\Users\\Sahil.Naik\\AiTestGen\\examples\\dateUtils.test.js:116:56)\n    at Promise.then.completed (C:\\Users\\Sahil.Naik\\AiTestGen\\node_modules\\jest-circus\\build\\utils.js:298:28)\n    at new Promise (<anonymous>)\n    at callAsyncCircusFn (C:\\Users\\Sahil.Naik\\AiTestGen\\node_modules\\jest-circus\\build\\utils.js:231:10)\n    at _callCircusTest (C:\\Users\\Sahil.Naik\\AiTestGen\\node_modules\\jest-circus\\build\\run.js:316:40)\n    at processTicksAndRejections (node:internal/process/task_queues:95:5)\n    at _runTest (C:\\Users\\Sahil.Naik\\AiTestGen\\node_modules\\jest-circus\\build\\run.js:252:3)\n    at _runTestsForDescribeBlock (C:\\Users\\Sahil.Naik\\AiTestGen\\node_modules\\jest-circus\\build\\run.js:126:9)\n    at _runTestsForDescribeBlock (C:\\Users\\Sahil.Naik\\AiTestGen\\node_modules\\jest-circus\\build\\run.js:121:9)\n    at _runTestsForDescribeBlock (C:\\Users\\Sahil.Naik\\AiTestGen\\node_modules\\jest-circus\\build\\run.js:121:9)\n    at run (C:\\Users\\Sahil.Naik\\AiTestGen\\node_modules\\jest-circus\\build\\run.js:71:3)\n    at runAndTransformResultsToJestFormat (C:\\Users\\Sahil.Naik\\AiTestGen\\node_modules\\jest-circus\\build\\legacy-code-todo-rewrite\\jestAdapterInit.js:122:21)\n    at jestAdapter (C:\\Users\\Sahil.Naik\\AiTestGen\\node_modules\\jest-circus\\build\\legacy-code-todo-rewrite\\jestAdapter.js:79:19)\n    at runTestInternal (C:\\Users\\Sahil.Naik\\AiTestGen\\node_modules\\jest-runner\\build\\runTest.js:367:16)\n    at runTest (C:\\Users\\Sahil.Naik\\AiTestGen\\node_modules\\jest-runner\\build\\runTest.js:444:34)\n    at Object.worker (C:\\Users\\Sahil.Naik\\AiTestGen\\node_modules\\jest-runner\\build\\testWorker.js:106:12)"],"fullName":"dateUtils formatRelativeTime should format relative time correctly for days","invocations":1,"location":null,"numPassingAsserts":0,"retryReasons":[],"status":"failed","title":"should format relative time correctly for days"},{"ancestorTitles":["dateUtils","isValidDate"],"duration":0,"failureDetails":[],"failureMessages":[],"fullName":"dateUtils isValidDate should return true for valid date","invocations":1,"location":null,"numPassingAsserts":1,"retryReasons":[],"status":"passed","title":"should return true for valid date"},{"ancestorTitles":["dateUtils","isValidDate"],"duration":0,"failureDetails":[],"failureMessages":[],"fullName":"dateUtils isValidDate should return false for invalid date","invocations":1,"location":null,"numPassingAsserts":1,"retryReasons":[],"status":"passed","title":"should return false for invalid date"},{"ancestorTitles":["dateUtils","convertToTimezone"],"duration":26,"failureDetails":[],"failureMessages":[],"fullName":"dateUtils convertToTimezone should convert to timezone correctly","invocations":1,"location":null,"numPassingAsserts":1,"retryReasons":[],"status":"passed","title":"should convert to timezone correctly"},{"ancestorTitles":["dateUtils","getQuarter"],"duration":1,"failureDetails":[],"failureMessages":[],"fullName":"dateUtils getQuarter should return correct quarter","invocations":1,"location":null,"numPassingAsserts":4,"retryReasons":[],"status":"passed","title":"should return correct quarter"},{"ancestorTitles":["dateUtils","isWeekend"],"duration":1,"failureDetails":[],"failureMessages":[],"fullName":"dateUtils isWeekend should return true for weekend","invocations":1,"location":null,"numPassingAsserts":2,"retryReasons":[],"status":"passed","title":"should return true for weekend"},{"ancestorTitles":["dateUtils","isWeekend"],"duration":0,"failureDetails":[],"failureMessages":[],"fullName":"dateUtils isWeekend should return false for weekday","invocations":1,"location":null,"numPassingAsserts":1,"retryReasons":[],"status":"passed","title":"should return false for weekday"},{"ancestorTitles":["dateUtils","getFiscalYear"],"duration":1,"failureDetails":[],"failureMessages":[],"fullName":"dateUtils getFiscalYear should return correct fiscal year","invocations":1,"location":null,"numPassingAsserts":2,"retryReasons":[],"status":"passed","title":"should return correct fiscal year"}],"endTime":1773045857676,"message":"\u001b[1m\u001b[31m  \u001b[1m● \u001b[22m\u001b[1mdateUtils › getDaysInMonth › should return correct number of days in month\u001b[39m\u001b[22m\n\n    \u001b[2mexpect(\u001b[22m\u001b[31mreceived\u001b[39m\u001b[2m).\u001b[22mtoBe\u001b[2m(\u001b[22m\u001b[32mexpected\u001b[39m\u001b[2m) // Object.is equality\u001b[22m\n\n    Expected: \u001b[32m28\u001b[39m\n    Received: \u001b[31m31\u001b[39m\n\u001b[2m\u001b[22m\n\u001b[2m    \u001b[0m \u001b[90m 21 |\u001b[39m         it(\u001b[32m'should return correct number of days in month'\u001b[39m\u001b[33m,\u001b[39m () \u001b[33m=>\u001b[39m {\u001b[22m\n\u001b[2m     \u001b[90m 22 |\u001b[39m             expect(dateUtils\u001b[33m.\u001b[39mgetDaysInMonth(\u001b[35m0\u001b[39m\u001b[33m,\u001b[39m \u001b[35m2022\u001b[39m))\u001b[33m.\u001b[39mtoBe(\u001b[35m31\u001b[39m)\u001b[33m;\u001b[39m \u001b[90m// January\u001b[39m\u001b[22m\n\u001b[2m    \u001b[31m\u001b[1m>\u001b[22m\u001b[2m\u001b[39m\u001b[90m 23 |\u001b[39m             expect(dateUtils\u001b[33m.\u001b[39mgetDaysInMonth(\u001b[35m1\u001b[39m\u001b[33m,\u001b[39m \u001b[35m2022\u001b[39m))\u001b[33m.\u001b[39mtoBe(\u001b[35m28\u001b[39m)\u001b[33m;\u001b[39m \u001b[90m// February\u001b[39m\u001b[22m\n\u001b[2m     \u001b[90m    |\u001b[39m                                                       \u001b[31m\u001b[1m^\u001b[22m\u001b[2m\u001b[39m\u001b[22m\n\u001b[2m     \u001b[90m 24 |\u001b[39m             expect(dateUtils\u001b[33m.\u001b[39mgetDaysInMonth(\u001b[35m2\u001b[39m\u001b[33m,\u001b[39m \u001b[35m2022\u001b[39m))\u001b[33m.\u001b[39mtoBe(\u001b[35m31\u001b[39m)\u001b[33m;\u001b[39m \u001b[90m// March\u001b[39m\u001b[22m\n\u001b[2m     \u001b[90m 25 |\u001b[39m             expect(dateUtils\u001b[33m.\u001b[39mgetDaysInMonth(\u001b[35m3\u001b[39m\u001b[33m,\u001b[39m \u001b[35m2022\u001b[39m))\u001b[33m.\u001b[39mtoBe(\u001b[35m30\u001b[39m)\u001b[33m;\u001b[39m \u001b[90m// April\u001b[39m\u001b[22m\n\u001b[2m     \u001b[90m 26 |\u001b[39m             expect(dateUtils\u001b[33m.\u001b[39mgetDaysInMonth(\u001b[35m4\u001b[39m\u001b[33m,\u001b[39m \u001b[35m2022\u001b[39m))\u001b[33m.\u001b[39mtoBe(\u001b[35m31\u001b[39m)\u001b[33m;\u001b[39m \u001b[90m// May\u001b[39m\u001b[0m\u001b[22m\n\u001b[2m\u001b[22m\n\u001b[2m      \u001b[2mat Object.<anonymous> (\u001b[22m\u001b[2m\u001b[0m\u001b[36mexamples/dateUtils.test.js\u001b[39m\u001b[0m\u001b[2m:23:55)\u001b[22m\u001b[2m\u001b[22m\n\n\u001b[1m\u001b[31m  \u001b[1m● \u001b[22m\u001b[1mdateUtils › getDaysInMonth › should return correct number of days in month for leap year\u001b[39m\u001b[22m\n\n    \u001b[2mexpect(\u001b[22m\u001b[31mreceived\u001b[39m\u001b[2m).\u001b[22mtoBe\u001b[2m(\u001b[22m\u001b[32mexpected\u001b[39m\u001b[2m) // Object.is equality\u001b[22m\n\n    Expected: \u001b[32m29\u001b[39m\n    Received: \u001b[31m31\u001b[39m\n\u001b[2m\u001b[22m\n\u001b[2m    \u001b[0m \u001b[90m 35 |\u001b[39m\u001b[22m\n\u001b[2m     \u001b[90m 36 |\u001b[39m         it(\u001b[32m'should return correct number of days in month for leap year'\u001b[39m\u001b[33m,\u001b[39m () \u001b[33m=>\u001b[39m {\u001b[22m\n\u001b[2m    \u001b[31m\u001b[1m>\u001b[22m\u001b[2m\u001b[39m\u001b[90m 37 |\u001b[39m             expect(dateUtils\u001b[33m.\u001b[39mgetDaysInMonth(\u001b[35m1\u001b[39m\u001b[33m,\u001b[39m \u001b[35m2020\u001b[39m))\u001b[33m.\u001b[39mtoBe(\u001b[35m29\u001b[39m)\u001b[33m;\u001b[39m \u001b[90m// February in a leap year\u001b[39m\u001b[22m\n\u001b[2m     \u001b[90m    |\u001b[39m                                                       \u001b[31m\u001b[1m^\u001b[22m\u001b[2m\u001b[39m\u001b[22m\n\u001b[2m     \u001b[90m 38 |\u001b[39m         })\u001b[33m;\u001b[39m\u001b[22m\n\u001b[2m     \u001b[90m 39 |\u001b[39m     })\u001b[33m;\u001b[39m\u001b[22m\n\u001b[2m     \u001b[90m 40 |\u001b[39m\u001b[0m\u001b[22m\n\u001b[2m\u001b[22m\n\u001b[2m      \u001b[2mat Object.<anonymous> (\u001b[22m\u001b[2m\u001b[0m\u001b[36mexamples/dateUtils.test.js\u001b[39m\u001b[0m\u001b[2m:37:55)\u001b[22m\u001b[2m\u001b[22m\n\n\u001b[1m\u001b[31m  \u001b[1m● \u001b[22m\u001b[1mdateUtils › formatRelativeTime › should format relative time correctly\u001b[39m\u001b[22m\n\n    \u001b[2mexpect(\u001b[22m\u001b[31mreceived\u001b[39m\u001b[2m).\u001b[22mtoBe\u001b[2m(\u001b[22m\u001b[32mexpected\u001b[39m\u001b[2m) // Object.is equality\u001b[22m\n\n    Expected: \u001b[32m\"Just now\"\u001b[39m\n    Received: \u001b[31m\"1528 days ago\"\u001b[39m\n\u001b[2m\u001b[22m\n\u001b[2m    \u001b[0m \u001b[90m 87 |\u001b[39m             \u001b[36mconst\u001b[39m date \u001b[33m=\u001b[39m \u001b[36mnew\u001b[39m \u001b[33mDate\u001b[39m(\u001b[32m'2022-01-01'\u001b[39m)\u001b[33m;\u001b[39m\u001b[22m\n\u001b[2m     \u001b[90m 88 |\u001b[39m             \u001b[36mconst\u001b[39m now \u001b[33m=\u001b[39m \u001b[36mnew\u001b[39m \u001b[33mDate\u001b[39m(\u001b[32m'2022-01-01'\u001b[39m)\u001b[33m;\u001b[39m\u001b[22m\n\u001b[2m    \u001b[31m\u001b[1m>\u001b[22m\u001b[2m\u001b[39m\u001b[90m 89 |\u001b[39m             expect(dateUtils\u001b[33m.\u001b[39mformatRelativeTime(date))\u001b[33m.\u001b[39mtoBe(\u001b[32m'Just now'\u001b[39m)\u001b[33m;\u001b[39m\u001b[22m\n\u001b[2m     \u001b[90m    |\u001b[39m                                                        \u001b[31m\u001b[1m^\u001b[22m\u001b[2m\u001b[39m\u001b[22m\n\u001b[2m     \u001b[90m 90 |\u001b[39m         })\u001b[33m;\u001b[39m\u001b[22m\n\u001b[2m     \u001b[90m 91 |\u001b[39m\u001b[22m\n\u001b[2m     \u001b[90m 92 |\u001b[39m         it(\u001b[32m'should format relative time correctly for seconds'\u001b[39m\u001b[33m,\u001b[39m () \u001b[33m=>\u001b[39m {\u001b[0m\u001b[22m\n\u001b[2m\u001b[22m\n\u001b[2m      \u001b[2mat Object.<anonymous> (\u001b[22m\u001b[2m\u001b[0m\u001b[36mexamples/dateUtils.test.js\u001b[39m\u001b[0m\u001b[2m:89:56)\u001b[22m\u001b[2m\u001b[22m\n\n\u001b[1m\u001b[31m  \u001b[1m● \u001b[22m\u001b[1mdateUtils › formatRelativeTime › should format relative time correctly for seconds\u001b[39m\u001b[22m\n\n    \u001b[2mexpect(\u001b[22m\u001b[31mreceived\u001b[39m\u001b[2m).\u001b[22mtoBe\u001b[2m(\u001b[22m\u001b[32mexpected\u001b[39m\u001b[2m) // Object.is equality\u001b[22m\n\n    Expected: \u001b[32m\"1\u001b[7m0 second\u001b[27ms ago\"\u001b[39m\n    Received: \u001b[31m\"1\u001b[7m528 day\u001b[27ms ago\"\u001b[39m\n\u001b[2m\u001b[22m\n\u001b[2m    \u001b[0m \u001b[90m 94 |\u001b[39m             \u001b[36mconst\u001b[39m now \u001b[33m=\u001b[39m \u001b[36mnew\u001b[39m \u001b[33mDate\u001b[39m(\u001b[32m'2022-01-01'\u001b[39m)\u001b[33m;\u001b[39m\u001b[22m\n\u001b[2m     \u001b[90m 95 |\u001b[39m             now\u001b[33m.\u001b[39msetSeconds(now\u001b[33m.\u001b[39mgetSeconds() \u001b[33m+\u001b[39m \u001b[35m10\u001b[39m)\u001b[33m;\u001b[39m\u001b[22m\n\u001b[2m    \u001b[31m\u001b[1m>\u001b[22m\u001b[2m\u001b[39m\u001b[90m 96 |\u001b[39m             expect(dateUtils\u001b[33m.\u001b[39mformatRelativeTime(date))\u001b[33m.\u001b[39mtoBe(\u001b[32m'10 seconds ago'\u001b[39m)\u001b[33m;\u001b[39m\u001b[22m\n\u001b[2m     \u001b[90m    |\u001b[39m                                                        \u001b[31m\u001b[1m^\u001b[22m\u001b[2m\u001b[39m\u001b[22m\n\u001b[2m     \u001b[90m 97 |\u001b[39m         })\u001b[33m;\u001b[39m\u001b[22m\n\u001b[2m     \u001b[90m 98 |\u001b[39m\u001b[22m\n\u001b[2m     \u001b[90m 99 |\u001b[39m         it(\u001b[32m'should format relative time correctly for minutes'\u001b[39m\u001b[33m,\u001b[39m () \u001b[33m=>\u001b[39m {\u001b[0m\u001b[22m\n\u001b[2m\u001b[22m\n\u001b[2m      \u001b[2mat Object.<anonymous> (\u001b[22m\u001b[2m\u001b[0m\u001b[36mexamples/dateUtils.test.js\u001b[39m\u001b[0m\u001b[2m:96:56)\u001b[22m\u001b[2m\u001b[22m\n\n\u001b[1m\u001b[31m  \u001b[1m● \u001b[22m\u001b[1mdateUtils › formatRelativeTime › should format relative time correctly for minutes\u001b[39m\u001b[22m\n\n    \u001b[2mexpect(\u001b[22m\u001b[31mreceived\u001b[39m\u001b[2m).\u001b[22mtoBe\u001b[2m(\u001b[22m\u001b[32mexpected\u001b[39m\u001b[2m) // Object.is equality\u001b[22m\n\n    Expected: \u001b[32m\"1\u001b[7m0 minute\u001b[27ms ago\"\u001b[39m\n    Received: \u001b[31m\"1\u001b[7m528 day\u001b[27ms ago\"\u001b[39m\n\u001b[2m\u001b[22m\n\u001b[2m    \u001b[0m \u001b[90m 101 |\u001b[39m             \u001b[36mconst\u001b[39m now \u001b[33m=\u001b[39m \u001b[36mnew\u001b[39m \u001b[33mDate\u001b[39m(\u001b[32m'2022-01-01'\u001b[39m)\u001b[33m;\u001b[39m\u001b[22m\n\u001b[2m     \u001b[90m 102 |\u001b[39m             now\u001b[33m.\u001b[39msetMinutes(now\u001b[33m.\u001b[39mgetMinutes() \u001b[33m+\u001b[39m \u001b[35m10\u001b[39m)\u001b[33m;\u001b[39m\u001b[22m\n\u001b[2m    \u001b[31m\u001b[1m>\u001b[22m\u001b[2m\u001b[39m\u001b[90m 103 |\u001b[39m             expect(dateUtils\u001b[33m.\u001b[39mformatRelativeTime(date))\u001b[33m.\u001b[39mtoBe(\u001b[32m'10 minutes ago'\u001b[39m)\u001b[33m;\u001b[39m\u001b[22m\n\u001b[2m     \u001b[90m     |\u001b[39m                                                        \u001b[31m\u001b[1m^\u001b[22m\u001b[2m\u001b[39m\u001b[22m\n\u001b[2m     \u001b[90m 104 |\u001b[39m         })\u001b[33m;\u001b[39m\u001b[22m\n\u001b[2m     \u001b[90m 105 |\u001b[39m\u001b[22m\n\u001b[2m     \u001b[90m 106 |\u001b[39m         it(\u001b[32m'should format relative time correctly for hours'\u001b[39m\u001b[33m,\u001b[39m () \u001b[33m=>\u001b[39m {\u001b[0m\u001b[22m\n\u001b[2m\u001b[22m\n\u001b[2m      \u001b[2mat Object.<anonymous> (\u001b[22m\u001b[2m\u001b[0m\u001b[36mexamples/dateUtils.test.js\u001b[39m\u001b[0m\u001b[2m:103:56)\u001b[22m\u001b[2m\u001b[22m\n\n\u001b[1m\u001b[31m  \u001b[1m● \u001b[22m\u001b[1mdateUtils › formatRelativeTime › should format relative time correctly for hours\u001b[39m\u001b[22m\n\n    \u001b[2mexpect(\u001b[22m\u001b[31mreceived\u001b[39m\u001b[2m).\u001b[22mtoBe\u001b[2m(\u001b[22m\u001b[32mexpected\u001b[39m\u001b[2m) // Object.is equality\u001b[22m\n\n    Expected: \u001b[32m\"1\u001b[7m0 hour\u001b[27ms ago\"\u001b[39m\n    Received: \u001b[31m\"1\u001b[7m528 day\u001b[27ms ago\"\u001b[39m\n\u001b[2m\u001b[22m\n\u001b[2m    \u001b[0m \u001b[90m 108 |\u001b[39m             \u001b[36mconst\u001b[39m now \u001b[33m=\u001b[39m \u001b[36mnew\u001b[39m \u001b[33mDate\u001b[39m(\u001b[32m'2022-01-01'\u001b[39m)\u001b[33m;\u001b[39m\u001b[22m\n\u001b[2m     \u001b[90m 109 |\u001b[39m             now\u001b[33m.\u001b[39msetHours(now\u001b[33m.\u001b[39mgetHours() \u001b[33m+\u001b[39m \u001b[35m10\u001b[39m)\u001b[33m;\u001b[39m\u001b[22m\n\u001b[2m    \u001b[31m\u001b[1m>\u001b[22m\u001b[2m\u001b[39m\u001b[90m 110 |\u001b[39m             expect(dateUtils\u001b[33m.\u001b[39mformatRelativeTime(date))\u001b[33m.\u001b[39mtoBe(\u001b[32m'10 hours ago'\u001b[39m)\u001b[33m;\u001b[39m\u001b[22m\n\u001b[2m     \u001b[90m     |\u001b[39m                                                        \u001b[31m\u001b[1m^\u001b[22m\u001b[2m\u001b[39m\u001b[22m\n\u001b[2m     \u001b[90m 111 |\u001b[39m         })\u001b[33m;\u001b[39m\u001b[22m\n\u001b[2m     \u001b[90m 112 |\u001b[39m\u001b[22m\n\u001b[2m     \u001b[90m 113 |\u001b[39m         it(\u001b[32m'should format relative time correctly for days'\u001b[39m\u001b[33m,\u001b[39m () \u001b[33m=>\u001b[39m {\u001b[0m\u001b[22m\n\u001b[2m\u001b[22m\n\u001b[2m      \u001b[2mat Object.<anonymous> (\u001b[22m\u001b[2m\u001b[0m\u001b[36mexamples/dateUtils.test.js\u001b[39m\u001b[0m\u001b[2m:110:56)\u001b[22m\u001b[2m\u001b[22m\n\n\u001b[1m\u001b[31m  \u001b[1m● \u001b[22m\u001b[1mdateUtils › formatRelativeTime › should format relative time correctly for days\u001b[39m\u001b[22m\n\n    \u001b[2mexpect(\u001b[22m\u001b[31mreceived\u001b[39m\u001b[2m).\u001b[22mtoBe\u001b[2m(\u001b[22m\u001b[32mexpected\u001b[39m\u001b[2m) // Object.is equality\u001b[22m\n\n    Expected: \u001b[32m\"1\u001b[7m0\u001b[27m days ago\"\u001b[39m\n    Received: \u001b[31m\"1\u001b[7m528\u001b[27m days ago\"\u001b[39m\n\u001b[2m\u001b[22m\n\u001b[2m    \u001b[0m \u001b[90m 114 |\u001b[39m             \u001b[36mconst\u001b[39m date \u001b[33m=\u001b[39m \u001b[36mnew\u001b[39m \u001b[33mDate\u001b[39m(\u001b[32m'2022-01-01'\u001b[39m)\u001b[33m;\u001b[39m\u001b[22m\n\u001b[2m     \u001b[90m 115 |\u001b[39m             \u001b[36mconst\u001b[39m now \u001b[33m=\u001b[39m \u001b[36mnew\u001b[39m \u001b[33mDate\u001b[39m(\u001b[32m'2022-01-11'\u001b[39m)\u001b[33m;\u001b[39m\u001b[22m\n\u001b[2m    \u001b[31m\u001b[1m>\u001b[22m\u001b[2m\u001b[39m\u001b[90m 116 |\u001b[39m             expect(dateUtils\u001b[33m.\u001b[39mformatRelativeTime(date))\u001b[33m.\u001b[39mtoBe(\u001b[32m'10 days ago'\u001b[39m)\u001b[33m;\u001b[39m\u001b[22m\n\u001b[2m     \u001b[90m     |\u001b[39m                                                        \u001b[31m\u001b[1m^\u001b[22m\u001b[2m\u001b[39m\u001b[22m\n\u001b[2m     \u001b[90m 117 |\u001b[39m         })\u001b[33m;\u001b[39m\u001b[22m\n\u001b[2m     \u001b[90m 118 |\u001b[39m     })\u001b[33m;\u001b[39m\u001b[22m\n\u001b[2m     \u001b[90m 119 |\u001b[39m\u001b[0m\u001b[22m\n\u001b[2m\u001b[22m\n\u001b[2m      \u001b[2mat Object.<anonymous> (\u001b[22m\u001b[2m\u001b[0m\u001b[36mexamples/dateUtils.test.js\u001b[39m\u001b[0m\u001b[2m:116:56)\u001b[22m\u001b[2m\u001b[22m\n","name":"C:\\Users\\Sahil.Naik\\AiTestGen\\examples\\dateUtils.test.js","startTime":1773045856924,"status":"failed","summary":""},{"assertionResults":[{"ancestorTitles":["Calculator","Basic Arithmetic"],"duration":9,"failureDetails":[],"failureMessages":[],"fullName":"Calculator Basic Arithmetic should add two numbers","invocations":1,"location":null,"numPassingAsserts":1,"retryReasons":[],"status":"passed","title":"should add two numbers"},{"ancestorTitles":["Calculator","Basic Arithmetic"],"duration":0,"failureDetails":[],"failureMessages":[],"fullName":"Calculator Basic Arithmetic should subtract two numbers","invocations":1,"location":null,"numPassingAsserts":1,"retryReasons":[],"status":"passed","title":"should subtract two numbers"},{"ancestorTitles":["Calculator","Basic Arithmetic"],"duration":0,"failureDetails":[],"failureMessages":[],"fullName":"Calculator Basic Arithmetic should multiply two numbers","invocations":1,"location":null,"numPassingAsserts":1,"retryReasons":[],"status":"passed","title":"should multiply two numbers"},{"ancestorTitles":["Calculator","Basic Arithmetic"],"duration":0,"failureDetails":[],"failureMessages":[],"fullName":"Calculator Basic Arithmetic should divide two numbers","invocations":1,"location":null,"numPassingAsserts":1,"retryReasons":[],"status":"passed","title":"should divide two numbers"},{"ancestorTitles":["Calculator","Basic Arithmetic"],"duration":21,"failureDetails":[],"failureMessages":[],"fullName":"Calculator Basic Arithmetic should throw an error when dividing by zero","invocations":1,"location":null,"numPassingAsserts":1,"retryReasons":[],"status":"passed","title":"should throw an error when dividing by zero"},{"ancestorTitles":["Calculator","Basic Arithmetic"],"duration":1,"failureDetails":[],"failureMessages":[],"fullName":"Calculator Basic Arithmetic should calculate the modulo of two numbers","invocations":1,"location":null,"numPassingAsserts":1,"retryReasons":[],"status":"passed","title":"should calculate the modulo of two numbers"},{"ancestorTitles":["Calculator","Basic Arithmetic"],"duration":0,"failureDetails":[],"failureMessages":[],"fullName":"Calculator Basic Arithmetic should calculate the power of two numbers","invocations":1,"location":null,"numPassingAsserts":1,"retryReasons":[],"status":"passed","title":"should calculate the power of two numbers"},{"ancestorTitles":["Calculator","Scientific Functions"],"duration":0,"failureDetails":[],"failureMessages":[],"fullName":"Calculator Scientific Functions should calculate the absolute value of a number","invocations":1,"location":null,"numPassingAsserts":1,"retryReasons":[],"status":"passed","title":"should calculate the absolute value of a number"},{"ancestorTitles":["Calculator","Scientific Functions"],"duration":0,"failureDetails":[],"failureMessages":[],"fullName":"Calculator Scientific Functions should calculate the square root of a number","invocations":1,"location":null,"numPassingAsserts":1,"retryReasons":[],"status":"passed","title":"should calculate the square root of a number"},{"ancestorTitles":["Calculator","Scientific Functions"],"duration":1,"failureDetails":[],"failureMessages":[],"fullName":"Calculator Scientific Functions should throw an error when calculating the square root of a negative number","invocations":1,"location":null,"numPassingAsserts":1,"retryReasons":[],"status":"passed","title":"should throw an error when calculating the square root of a negative number"},{"ancestorTitles":["Calculator","Scientific Functions"],"duration":0,"failureDetails":[],"failureMessages":[],"fullName":"Calculator Scientific Functions should calculate the cube root of a number","invocations":1,"location":null,"numPassingAsserts":1,"retryReasons":[],"status":"passed","title":"should calculate the cube root of a number"},{"ancestorTitles":["Calculator","Scientific Functions"],"duration":1,"failureDetails":[],"failureMessages":[],"fullName":"Calculator Scientific Functions should calculate the exponential of a number","invocations":1,"location":null,"numPassingAsserts":1,"retryReasons":[],"status":"passed","title":"should calculate the exponential of a number"},{"ancestorTitles":["Calculator","Scientific Functions"],"duration":0,"failureDetails":[],"failureMessages":[],"fullName":"Calculator Scientific Functions should calculate the natural logarithm of a number","invocations":1,"location":null,"numPassingAsserts":1,"retryReasons":[],"status":"passed","title":"should calculate the natural logarithm of a number"},{"ancestorTitles":["Calculator","Scientific Functions"],"duration":0,"failureDetails":[],"failureMessages":[],"fullName":"Calculator Scientific Functions should throw an error when calculating the natural logarithm of a non-positive number","invocations":1,"location":null,"numPassingAsserts":1,"retryReasons":[],"status":"passed","title":"should throw an error when calculating the natural logarithm of a non-positive number"},{"ancestorTitles":["Calculator","Scientific Functions"],"duration":0,"failureDetails":[],"failureMessages":[],"fullName":"Calculator Scientific Functions should calculate the base-10 logarithm of a number","invocations":1,"location":null,"numPassingAsserts":1,"retryReasons":[],"status":"passed","title":"should calculate the base-10 logarithm of a number"},{"ancestorTitles":["Calculator","Scientific Functions"],"duration":0,"failureDetails":[],"failureMessages":[],"fullName":"Calculator Scientific Functions should throw an error when calculating the base-10 logarithm of a non-positive number","invocations":1,"location":null,"numPassingAsserts":1,"retryReasons":[],"status":"passed","title":"should throw an error when calculating the base-10 logarithm of a non-positive number"},{"ancestorTitles":["Calculator","Trigonometric Functions"],"duration":0,"failureDetails":[],"failureMessages":[],"fullName":"Calculator Trigonometric Functions should calculate the sine of an angle","invocations":1,"location":null,"numPassingAsserts":1,"retryReasons":[],"status":"passed","title":"should calculate the sine of an angle"},{"ancestorTitles":["Calculator","Trigonometric Functions"],"duration":0,"failureDetails":[],"failureMessages":[],"fullName":"Calculator Trigonometric Functions should calculate the cosine of an angle","invocations":1,"location":null,"numPassingAsserts":1,"retryReasons":[],"status":"passed","title":"should calculate the cosine of an angle"},{"ancestorTitles":["Calculator","Trigonometric Functions"],"duration":2,"failureDetails":[{"matcherResult":{"actual":0.9999999999999999,"expected":1,"message":"\u001b[2mexpect(\u001b[22m\u001b[31mreceived\u001b[39m\u001b[2m).\u001b[22mtoBe\u001b[2m(\u001b[22m\u001b[32mexpected\u001b[39m\u001b[2m) // Object.is equality\u001b[22m\n\nExpected: \u001b[32m1\u001b[39m\nReceived: \u001b[31m0.9999999999999999\u001b[39m","name":"toBe","pass":false}}],"failureMessages":["Error: \u001b[2mexpect(\u001b[22m\u001b[31mreceived\u001b[39m\u001b[2m).\u001b[22mtoBe\u001b[2m(\u001b[22m\u001b[32mexpected\u001b[39m\u001b[2m) // Object.is equality\u001b[22m\n\nExpected: \u001b[32m1\u001b[39m\nReceived: \u001b[31m0.9999999999999999\u001b[39m\n    at Object.<anonymous> (C:\\Users\\Sahil.Naik\\AiTestGen\\examples\\Calculator.test.ts:91:49)\n    at Promise.then.completed (C:\\Users\\Sahil.Naik\\AiTestGen\\node_modules\\jest-circus\\build\\utils.js:298:28)\n    at new Promise (<anonymous>)\n    at callAsyncCircusFn (C:\\Users\\Sahil.Naik\\AiTestGen\\node_modules\\jest-circus\\build\\utils.js:231:10)\n    at _callCircusTest (C:\\Users\\Sahil.Naik\\AiTestGen\\node_modules\\jest-circus\\build\\run.js:316:40)\n    at processTicksAndRejections (node:internal/process/task_queues:95:5)\n    at _runTest (C:\\Users\\Sahil.Naik\\AiTestGen\\node_modules\\jest-circus\\build\\run.js:252:3)\n    at _runTestsForDescribeBlock (C:\\Users\\Sahil.Naik\\AiTestGen\\node_modules\\jest-circus\\build\\run.js:126:9)\n    at _runTestsForDescribeBlock (C:\\Users\\Sahil.Naik\\AiTestGen\\node_modules\\jest-circus\\build\\run.js:121:9)\n    at _runTestsForDescribeBlock (C:\\Users\\Sahil.Naik\\AiTestGen\\node_modules\\jest-circus\\build\\run.js:121:9)\n    at run (C:\\Users\\Sahil.Naik\\AiTestGen\\node_modules\\jest-circus\\build\\run.js:71:3)\n    at runAndTransformResultsToJestFormat (C:\\Users\\Sahil.Naik\\AiTestGen\\node_modules\\jest-circus\\build\\legacy-code-todo-rewrite\\jestAdapterInit.js:122:21)\n    at jestAdapter (C:\\Users\\Sahil.Naik\\AiTestGen\\node_modules\\jest-circus\\build\\legacy-code-todo-rewrite\\jestAdapter.js:79:19)\n    at runTestInternal (C:\\Users\\Sahil.Naik\\AiTestGen\\node_modules\\jest-runner\\build\\runTest.js:367:16)\n    at runTest (C:\\Users\\Sahil.Naik\\AiTestGen\\node_modules\\jest-runner\\build\\runTest.js:444:34)\n    at Object.worker (C:\\Users\\Sahil.Naik\\AiTestGen\\node_modules\\jest-runner\\build\\testWorker.js:106:12)"],"fullName":"Calculator Trigonometric Functions should calculate the tangent of an angle","invocations":1,"location":null,"numPassingAsserts":0,"retryReasons":[],"status":"failed","title":"should calculate the tangent of an angle"},{"ancestorTitles":["Calculator","Trigonometric Functions"],"duration":0,"failureDetails":[],"failureMessages":[],"fullName":"Calculator Trigonometric Functions should calculate the arcsine of a number","invocations":1,"location":null,"numPassingAsserts":1,"retryReasons":[],"status":"passed","title":"should calculate the arcsine of a number"},{"ancestorTitles":["Calculator","Trigonometric Functions"],"duration":1,"failureDetails":[],"failureMessages":[],"fullName":"Calculator Trigonometric Functions should calculate the arccosine of a number","invocations":1,"location":null,"numPassingAsserts":1,"retryReasons":[],"status":"passed","title":"should calculate the arccosine of a number"},{"ancestorTitles":["Calculator","Trigonometric Functions"],"duration":0,"failureDetails":[],"failureMessages":[],"fullName":"Calculator Trigonometric Functions should calculate the arctangent of a number","invocations":1,"location":null,"numPassingAsserts":1,"retryReasons":[],"status":"passed","title":"should calculate the arctangent of a number"},{"ancestorTitles":["Calculator","Trigonometric Functions"],"duration":0,"failureDetails":[],"failureMessages":[],"fullName":"Calculator Trigonometric Functions should calculate the hyperbolic sine of a number","invocations":1,"location":null,"numPassingAsserts":1,"retryReasons":[],"status":"passed","title":"should calculate the hyperbolic sine of a number"},{"ancestorTitles":["Calculator","Trigonometric Functions"],"duration":0,"failureDetails":[],"failureMessages":[],"fullName":"Calculator Trigonometric Functions should calculate the hyperbolic cosine of a number","invocations":1,"location":null,"numPassingAsserts":1,"retryReasons":[],"status":"passed","title":"should calculate the hyperbolic cosine of a number"},{"ancestorTitles":["Calculator","Trigonometric Functions"],"duration":0,"failureDetails":[],"failureMessages":[],"fullName":"Calculator Trigonometric Functions should calculate the hyperbolic tangent of a number","invocations":1,"location":null,"numPassingAsserts":1,"retryReasons":[],"status":"passed","title":"should calculate the hyperbolic tangent of a number"},{"ancestorTitles":["Calculator","Rounding and Comparison"],"duration":0,"failureDetails":[],"failureMessages":[],"fullName":"Calculator Rounding and Comparison should calculate the ceiling of a number","invocations":1,"location":null,"numPassingAsserts":1,"retryReasons":[],"status":"passed","title":"should calculate the ceiling of a number"},{"ancestorTitles":["Calculator","Rounding and Comparison"],"duration":0,"failureDetails":[],"failureMessages":[],"fullName":"Calculator Rounding and Comparison should calculate the floor of a number","invocations":1,"location":null,"numPassingAsserts":1,"retryReasons":[],"status":"passed","title":"should calculate the floor of a number"},{"ancestorTitles":["Calculator","Rounding and Comparison"],"duration":0,"failureDetails":[],"failureMessages":[],"fullName":"Calculator Rounding and Comparison should calculate the round of a number","invocations":1,"location":null,"numPassingAsserts":1,"retryReasons":[],"status":"passed","title":"should calculate the round of a number"},{"ancestorTitles":["Calculator","Rounding and Comparison"],"duration":1,"failureDetails":[],"failureMessages":[],"fullName":"Calculator Rounding and Comparison should calculate the truncation of a number","invocations":1,"location":null,"numPassingAsserts":1,"retryReasons":[],"status":"passed","title":"should calculate the truncation of a number"},{"ancestorTitles":["Calculator","Rounding and Comparison"],"duration":0,"failureDetails":[],"failureMessages":[],"fullName":"Calculator Rounding and Comparison should calculate the maximum of two numbers","invocations":1,"location":null,"numPassingAsserts":1,"retryReasons":[],"status":"passed","title":"should calculate the maximum of two numbers"},{"ancestorTitles":["Calculator","Rounding and Comparison"],"duration":0,"failureDetails":[],"failureMessages":[],"fullName":"Calculator Rounding and Comparison should calculate the minimum of two numbers","invocations":1,"location":null,"numPassingAsserts":1,"retryReasons":[],"status":"passed","title":"should calculate the minimum of two numbers"},{"ancestorTitles":["Calculator","Statistics"],"duration":1,"failureDetails":[],"failureMessages":[],"fullName":"Calculator Statistics should calculate the mean of an array of numbers","invocations":1,"location":null,"numPassingAsserts":1,"retryReasons":[],"status":"passed","title":"should calculate the mean of an array of numbers"},{"ancestorTitles":["Calculator","Statistics"],"duration":0,"failureDetails":[],"failureMessages":[],"fullName":"Calculator Statistics should calculate the median of an array of numbers","invocations":1,"location":null,"numPassingAsserts":1,"retryReasons":[],"status":"passed","title":"should calculate the median of an array of numbers"},{"ancestorTitles":["Calculator","Statistics"],"duration":0,"failureDetails":[],"failureMessages":[],"fullName":"Calculator Statistics should calculate the variance of an array of numbers","invocations":1,"location":null,"numPassingAsserts":1,"retryReasons":[],"status":"passed","title":"should calculate the variance of an array of numbers"},{"ancestorTitles":["Calculator","Statistics"],"duration":0,"failureDetails":[],"failureMessages":[],"fullName":"Calculator Statistics should calculate the standard deviation of an array of numbers","invocations":1,"location":null,"numPassingAsserts":1,"retryReasons":[],"status":"passed","title":"should calculate the standard deviation of an array of numbers"},{"ancestorTitles":["Calculator","Statistics"],"duration":1,"failureDetails":[],"failureMessages":[],"fullName":"Calculator Statistics should calculate the sum of an array of numbers","invocations":1,"location":null,"numPassingAsserts":1,"retryReasons":[],"status":"passed","title":"should calculate the sum of an array of numbers"},{"ancestorTitles":["Calculator","Statistics"],"duration":0,"failureDetails":[],"failureMessages":[],"fullName":"Calculator Statistics should calculate the product of an array of numbers","invocations":1,"location":null,"numPassingAsserts":1,"retryReasons":[],"status":"passed","title":"should calculate the product of an array of numbers"},{"ancestorTitles":["Calculator","Statistics"],"duration":0,"failureDetails":[],"failureMessages":[],"fullName":"Calculator Statistics should calculate the factorial of a number","invocations":1,"location":null,"numPassingAsserts":1,"retryReasons":[],"status":"passed","title":"should calculate the factorial of a number"},{"ancestorTitles":["Calculator","Statistics"],"duration":1,"failureDetails":[],"failureMessages":[],"fullName":"Calculator Statistics should throw an error when calculating the factorial of a negative number","invocations":1,"location":null,"numPassingAsserts":1,"retryReasons":[],"status":"passed","title":"should throw an error when calculating the factorial of a negative number"},{"ancestorTitles":["Calculator","Advanced Formulas"],"duration":0,"failureDetails":[],"failureMessages":[],"fullName":"Calculator Advanced Formulas should calculate the Fibonacci sequence","invocations":1,"location":null,"numPassingAsserts":1,"retryReasons":[],"status":"passed","title":"should calculate the Fibonacci sequence"},{"ancestorTitles":["Calculator","Advanced Formulas"],"duration":1,"failureDetails":[],"failureMessages":[],"fullName":"Calculator Advanced Formulas should throw an error when calculating the Fibonacci sequence of a negative number","invocations":1,"location":null,"numPassingAsserts":1,"retryReasons":[],"status":"passed","title":"should throw an error when calculating the Fibonacci sequence of a negative number"},{"ancestorTitles":["Calculator","Advanced Formulas"],"duration":0,"failureDetails":[],"failureMessages":[],"fullName":"Calculator Advanced Formulas should check if a number is prime","invocations":1,"location":null,"numPassingAsserts":1,"retryReasons":[],"status":"passed","title":"should check if a number is prime"},{"ancestorTitles":["Calculator","Advanced Formulas"],"duration":0,"failureDetails":[],"failureMessages":[],"fullName":"Calculator Advanced Formulas should calculate the greatest common divisor of two numbers","invocations":1,"location":null,"numPassingAsserts":1,"retryReasons":[],"status":"passed","title":"should calculate the greatest common divisor of two numbers"},{"ancestorTitles":["Calculator","Advanced Formulas"],"duration":1,"failureDetails":[],"failureMessages":[],"fullName":"Calculator Advanced Formulas should calculate the least common multiple of two numbers","invocations":1,"location":null,"numPassingAsserts":1,"retryReasons":[],"status":"passed","title":"should calculate the least common multiple of two numbers"},{"ancestorTitles":["Calculator","Matrix Operations"],"duration":0,"failureDetails":[],"failureMessages":[],"fullName":"Calculator Matrix Operations should add two matrices","invocations":1,"location":null,"numPassingAsserts":1,"retryReasons":[],"status":"passed","title":"should add two matrices"},{"ancestorTitles":["Calculator","Matrix Operations"],"duration":1,"failureDetails":[],"failureMessages":[],"fullName":"Calculator Matrix Operations should throw an error when adding two matrices with different dimensions","invocations":1,"location":null,"numPassingAsserts":1,"retryReasons":[],"status":"passed","title":"should throw an error when adding two matrices with different dimensions"},{"ancestorTitles":["Calculator","Matrix Operations"],"duration":0,"failureDetails":[],"failureMessages":[],"fullName":"Calculator Matrix Operations should multiply two matrices","invocations":1,"location":null,"numPassingAsserts":1,"retryReasons":[],"status":"passed","title":"should multiply two matrices"},{"ancestorTitles":["Calculator","Matrix Operations"],"duration":1,"failureDetails":[],"failureMessages":[],"fullName":"Calculator Matrix Operations should throw an error when multiplying two matrices with invalid dimensions","invocations":1,"location":null,"numPassingAsserts":1,"retryReasons":[],"status":"passed","title":"should throw an error when multiplying two matrices with invalid dimensions"},{"ancestorTitles":["Calculator","Financial Calculations"],"duration":0,"failureDetails":[],"failureMessages":[],"fullName":"Calculator Financial Calculations should calculate the compound interest","invocations":1,"location":null,"numPassingAsserts":1,"retryReasons":[],"status":"passed","title":"should calculate the compound interest"},{"ancestorTitles":["Calculator","Financial Calculations"],"duration":0,"failureDetails":[],"failureMessages":[],"fullName":"Calculator Financial Calculations should calculate the present value","invocations":1,"location":null,"numPassingAsserts":1,"retryReasons":[],"status":"passed","title":"should calculate the present value"},{"ancestorTitles":["Calculator","Financial Calculations"],"duration":0,"failureDetails":[],"failureMessages":[],"fullName":"Calculator Financial Calculations should calculate the future value","invocations":1,"location":null,"numPassingAsserts":1,"retryReasons":[],"status":"passed","title":"should calculate the future value"},{"ancestorTitles":["Calculator","Geometric Calculations"],"duration":0,"failureDetails":[],"failureMessages":[],"fullName":"Calculator Geometric Calculations should calculate the area of a circle","invocations":1,"location":null,"numPassingAsserts":1,"retryReasons":[],"status":"passed","title":"should calculate the area of a circle"},{"ancestorTitles":["Calculator","Geometric Calculations"],"duration":0,"failureDetails":[],"failureMessages":[],"fullName":"Calculator Geometric Calculations should calculate the circumference of a circle","invocations":1,"location":null,"numPassingAsserts":1,"retryReasons":[],"status":"passed","title":"should calculate the circumference of a circle"},{"ancestorTitles":["Calculator","Geometric Calculations"],"duration":1,"failureDetails":[],"failureMessages":[],"fullName":"Calculator Geometric Calculations should calculate the area of a rectangle","invocations":1,"location":null,"numPassingAsserts":1,"retryReasons":[],"status":"passed","title":"should calculate the area of a rectangle"},{"ancestorTitles":["Calculator","Geometric Calculations"],"duration":0,"failureDetails":[],"failureMessages":[],"fullName":"Calculator Geometric Calculations should calculate the area of a triangle","invocations":1,"location":null,"numPassingAsserts":1,"retryReasons":[],"status":"passed","title":"should calculate the area of a triangle"},{"ancestorTitles":["Calculator","Geometric Calculations"],"duration":0,"failureDetails":[],"failureMessages":[],"fullName":"Calculator Geometric Calculations should calculate the volume of a sphere","invocations":1,"location":null,"numPassingAsserts":1,"retryReasons":[],"status":"passed","title":"should calculate the volume of a sphere"},{"ancestorTitles":["Calculator","Geometric Calculations"],"duration":0,"failureDetails":[],"failureMessages":[],"fullName":"Calculator Geometric Calculations should calculate the volume of a cylinder","invocations":1,"location":null,"numPassingAsserts":1,"retryReasons":[],"status":"passed","title":"should calculate the volume of a cylinder"},{"ancestorTitles":["Calculator","Logical Operations"],"duration":0,"failureDetails":[],"failureMessages":[],"fullName":"Calculator Logical Operations should perform a logical AND operation","invocations":1,"location":null,"numPassingAsserts":1,"retryReasons":[],"status":"passed","title":"should perform a logical AND operation"},{"ancestorTitles":["Calculator","Logical Operations"],"duration":0,"failureDetails":[],"failureMessages":[],"fullName":"Calculator Logical Operations should perform a logical OR operation","invocations":1,"location":null,"numPassingAsserts":1,"retryReasons":[],"status":"passed","title":"should perform a logical OR operation"},{"ancestorTitles":["Calculator","Logical Operations"],"duration":1,"failureDetails":[],"failureMessages":[],"fullName":"Calculator Logical Operations should perform a logical XOR operation","invocations":1,"location":null,"numPassingAsserts":1,"retryReasons":[],"status":"passed","title":"should perform a logical XOR operation"},{"ancestorTitles":["Calculator","Logical Operations"],"duration":0,"failureDetails":[],"failureMessages":[],"fullName":"Calculator Logical Operations should perform a logical NOT operation","invocations":1,"location":null,"numPassingAsserts":1,"retryReasons":[],"status":"passed","title":"should perform a logical NOT operation"},{"ancestorTitles":["Calculator","Bitwise Operations"],"duration":0,"failureDetails":[],"failureMessages":[],"fullName":"Calculator Bitwise Operations should perform a bitwise AND operation","invocations":1,"location":null,"numPassingAsserts":1,"retryReasons":[],"status":"passed","title":"should perform a bitwise AND operation"},{"ancestorTitles":["Calculator","Bitwise Operations"],"duration":0,"failureDetails":[],"failureMessages":[],"fullName":"Calculator Bitwise Operations should perform a bitwise OR operation","invocations":1,"location":null,"numPassingAsserts":1,"retryReasons":[],"status":"passed","title":"should perform a bitwise OR operation"},{"ancestorTitles":["Calculator","Bitwise Operations"],"duration":0,"failureDetails":[],"failureMessages":[],"fullName":"Calculator Bitwise Operations should perform a bitwise XOR operation","invocations":1,"location":null,"numPassingAsserts":1,"retryReasons":[],"status":"passed","title":"should perform a bitwise XOR operation"},{"ancestorTitles":["Calculator","Bitwise Operations"],"duration":0,"failureDetails":[],"failureMessages":[],"fullName":"Calculator Bitwise Operations should perform a bitwise NOT operation","invocations":1,"location":null,"numPassingAsserts":1,"retryReasons":[],"status":"passed","title":"should perform a bitwise NOT operation"},{"ancestorTitles":["Calculator","Bitwise Operations"],"duration":0,"failureDetails":[],"failureMessages":[],"fullName":"Calculator Bitwise Operations should perform a bitwise left shift operation","invocations":1,"location":null,"numPassingAsserts":1,"retryReasons":[],"status":"passed","title":"should perform a bitwise left shift operation"},{"ancestorTitles":["Calculator","Bitwise Operations"],"duration":1,"failureDetails":[],"failureMessages":[],"fullName":"Calculator Bitwise Operations should perform a bitwise right shift operation","invocations":1,"location":null,"numPassingAsserts":1,"retryReasons":[],"status":"passed","title":"should perform a bitwise right shift operation"}],"endTime":1773045859397,"message":"\u001b[1m\u001b[31m  \u001b[1m● \u001b[22m\u001b[1mCalculator › Trigonometric Functions › should calculate the tangent of an angle\u001b[39m\u001b[22m\n\n    \u001b[2mexpect(\u001b[22m\u001b[31mreceived\u001b[39m\u001b[2m).\u001b[22mtoBe\u001b[2m(\u001b[22m\u001b[32mexpected\u001b[39m\u001b[2m) // Object.is equality\u001b[22m\n\n    Expected: \u001b[32m1\u001b[39m\n    Received: \u001b[31m0.9999999999999999\u001b[39m\n\u001b[2m\u001b[22m\n\u001b[2m    \u001b[0m \u001b[90m 89 |\u001b[39m\u001b[22m\n\u001b[2m     \u001b[90m 90 |\u001b[39m         it(\u001b[32m'should calculate the tangent of an angle'\u001b[39m\u001b[33m,\u001b[39m () \u001b[33m=>\u001b[39m {\u001b[22m\n\u001b[2m    \u001b[31m\u001b[1m>\u001b[22m\u001b[2m\u001b[39m\u001b[90m 91 |\u001b[39m             expect(calculator\u001b[33m.\u001b[39mtan(\u001b[33mMath\u001b[39m\u001b[33m.\u001b[39m\u001b[33mPI\u001b[39m \u001b[33m/\u001b[39m \u001b[35m4\u001b[39m))\u001b[33m.\u001b[39mtoBe(\u001b[35m1\u001b[39m)\u001b[33m;\u001b[39m\u001b[22m\n\u001b[2m     \u001b[90m    |\u001b[39m                                                 \u001b[31m\u001b[1m^\u001b[22m\u001b[2m\u001b[39m\u001b[22m\n\u001b[2m     \u001b[90m 92 |\u001b[39m         })\u001b[33m;\u001b[39m\u001b[22m\n\u001b[2m     \u001b[90m 93 |\u001b[39m\u001b[22m\n\u001b[2m     \u001b[90m 94 |\u001b[39m         it(\u001b[32m'should calculate the arcsine of a number'\u001b[39m\u001b[33m,\u001b[39m () \u001b[33m=>\u001b[39m {\u001b[0m\u001b[22m\n\u001b[2m\u001b[22m\n\u001b[2m      \u001b[2mat Object.<anonymous> (\u001b[22m\u001b[2m\u001b[0m\u001b[36mexamples/Calculator.test.ts\u001b[39m\u001b[0m\u001b[2m:91:49)\u001b[22m\u001b[2m\u001b[22m\n","name":"C:\\Users\\Sahil.Naik\\AiTestGen\\examples\\Calculator.test.ts","startTime":1773045856920,"status":"failed","summary":""}],"wasInterrupted":false}
