<?xml version="1.0" encoding="UTF-8"?>
<testsuite xmlns:xsi="http://www.w3.org/2001/XMLSchema-instance" xsi:noNamespaceSchemaLocation="https://maven.apache.org/surefire/maven-surefire-plugin/xsd/surefire-test-report-3.0.xsd" version="3.0" name="AuthManagerTest" time="0.129" tests="31" errors="0" skipped="0" failures="0">
  <properties>
[...]
</properties>
  <testcase name="testLoginNullUsername" classname="AuthManagerTest" time="0.032"/>
  <testcase name="testRegisterValidUser" classname="AuthManagerTest" time="0.001"/>
  <testcase name="testUpdateUsernameExistingNewUsername" classname="AuthManagerTest" time="0.001"/>
  <testcase name="testRegisterExistingUser" classname="AuthManagerTest" time="0.002"/>
  <testcase name="testRegisterInvalidPassword" classname="AuthManagerTest" time="0.001"/>
  <testcase name="testUpdateUsernameValidUser" classname="AuthManagerTest" time="0.001"/>
  <testcase name="testDeleteUserValidUser" classname="AuthManagerTest" time="0.002"/>
  <testcase name="testLoginValidUser" classname="AuthManagerTest" time="0.001"/>
  <testcase name="testIsLoggedInValidUser" classname="AuthManagerTest" time="0.001"/>
  <testcase name="testRegisterNullPassword" classname="AuthManagerTest" time="0.002"/>
  <testcase name="testResetPasswordValidUser" classname="AuthManagerTest" time="0.001"/>
  <testcase name="testRegisterShortUsername" classname="AuthManagerTest" time="0.0"/>
  <testcase name="testExportData" classname="AuthManagerTest" time="0.002"/>
  <testcase name="testLoginNullPassword" classname="AuthManagerTest" time="0.001"/>
  <testcase name="testGetStatusUnregisteredUser" classname="AuthManagerTest" time="0.004"/>
  <testcase name="testIsLoggedInInvalidUser" classname="AuthManagerTest" time="0.001"/>
  <testcase name="testDeleteUserInvalidPassword" classname="AuthManagerTest" time="0.0"/>
  <testcase name="testResetPasswordInvalidNewPassword" classname="AuthManagerTest" time="0.001"/>
  <testcase name="testLogoutValidUser" classname="AuthManagerTest" time="0.001"/>
  <testcase name="testLogoutInvalidUser" classname="AuthManagerTest" time="0.001"/>
  <testcase name="testIsAdminValidAdmin" classname="AuthManagerTest" time="0.001"/>
  <testcase name="testGetStatusRegisteredUser" classname="AuthManagerTest" time="0.001"/>
  <testcase name="testGenerateTokenValidUser" classname="AuthManagerTest" time="0.007"/>
  <testcase name="testResetPasswordInvalidOldPassword" classname="AuthManagerTest" time="0.001"/>
  <testcase name="testGetUserCount" classname="AuthManagerTest" time="0.0"/>
  <testcase name="testGenerateTokenInvalidUser" classname="AuthManagerTest" time="0.001"/>
  <testcase name="testClearAll" classname="AuthManagerTest" time="0.001"/>
  <testcase name="testIsAdminInvalidAdmin" classname="AuthManagerTest" time="0.0"/>
  <testcase name="testLoginInvalidPassword" classname="AuthManagerTest" time="0.001"/>
  <testcase name="testRegisterNullUsername" classname="AuthManagerTest" time="0.0"/>
  <testcase name="testGetStatusLoggedInUser" classname="AuthManagerTest" time="0.0"/>
</testsuite>