<?xml version="1.0" encoding="UTF-8"?>
<testsuite xmlns:xsi="http://www.w3.org/2001/XMLSchema-instance" xsi:noNamespaceSchemaLocation="https://maven.apache.org/surefire/maven-surefire-plugin/xsd/surefire-test-report-3.0.xsd" version="3.0" name="com.aitestgen.services.UserServiceTest" time="0.132" tests="26" errors="0" skipped="0" failures="2">
  <properties>
[...]
</properties>
  <testcase name="testUpdateEmailValidInput" classname="com.aitestgen.services.UserServiceTest" time="0.039"/>
  <testcase name="testUpdateEmailNullEmail" classname="com.aitestgen.services.UserServiceTest" time="0.003"/>
  <testcase name="testRegisterUserNullEmail" classname="com.aitestgen.services.UserServiceTest" time="0.001"/>
  <testcase name="testRegisterUserLongPassword" classname="com.aitestgen.services.UserServiceTest" time="0.001"/>
  <testcase name="testRegisterUserShortPassword" classname="com.aitestgen.services.UserServiceTest" time="0.002"/>
  <testcase name="testRegisterUserUsernameWithSpecialCharacters" classname="com.aitestgen.services.UserServiceTest" time="0.001"/>
  <testcase name="testRegisterUserNullUsername" classname="com.aitestgen.services.UserServiceTest" time="0.001"/>
  <testcase name="testAuthenticateNullUsername" classname="com.aitestgen.services.UserServiceTest" time="0.007">
    <failure message="Expected java.lang.NullPointerException to be thrown, but nothing was thrown." type="org.opentest4j.AssertionFailedError"><![CDATA[org.opentest4j.AssertionFailedError: Expected java.lang.NullPointerException to be thrown, but nothing was thrown.
	at org.junit.jupiter.api.AssertionFailureBuilder.build(AssertionFailureBuilder.java:152)
	at org.junit.jupiter.api.AssertThrows.assertThrows(AssertThrows.java:73)
	at org.junit.jupiter.api.AssertThrows.assertThrows(AssertThrows.java:35)
	at org.junit.jupiter.api.Assertions.assertThrows(Assertions.java:3115)
	at com.aitestgen.services.UserServiceTest.testAuthenticateNullUsername(UserServiceTest.java:291)
	at java.base/java.lang.reflect.Method.invoke(Method.java:569)
	at java.base/java.util.ArrayList.forEach(ArrayList.java:1511)
	at java.base/java.util.ArrayList.forEach(ArrayList.java:1511)
]]></failure>
  </testcase>
  <testcase name="testAuthenticateValidUser" classname="com.aitestgen.services.UserServiceTest" time="0.002"/>
  <testcase name="testUpdateEmailUsernameWithNumbers" classname="com.aitestgen.services.UserServiceTest" time="0.001"/>
  <testcase name="testAuthenticateInvalidPassword" classname="com.aitestgen.services.UserServiceTest" time="0.001"/>
  <testcase name="testRegisterUserInvalidEmail" classname="com.aitestgen.services.UserServiceTest" time="0.001"/>
  <testcase name="testRegisterUserUsernameWithNumbers" classname="com.aitestgen.services.UserServiceTest" time="0.001"/>
  <testcase name="testRegisterUserValidInput" classname="com.aitestgen.services.UserServiceTest" time="0.001"/>
  <testcase name="testRegisterUserExistingUser" classname="com.aitestgen.services.UserServiceTest" time="0.001"/>
  <testcase name="testAuthenticateUsernameWithNumbers" classname="com.aitestgen.services.UserServiceTest" time="0.001"/>
  <testcase name="testRegisterUserNullPassword" classname="com.aitestgen.services.UserServiceTest" time="0.002"/>
  <testcase name="testAuthenticateNullPassword" classname="com.aitestgen.services.UserServiceTest" time="0.002">
    <failure message="Expected java.lang.NullPointerException to be thrown, but nothing was thrown." type="org.opentest4j.AssertionFailedError"><![CDATA[org.opentest4j.AssertionFailedError: Expected java.lang.NullPointerException to be thrown, but nothing was thrown.
	at org.junit.jupiter.api.AssertionFailureBuilder.build(AssertionFailureBuilder.java:152)
	at org.junit.jupiter.api.AssertThrows.assertThrows(AssertThrows.java:73)
	at org.junit.jupiter.api.AssertThrows.assertThrows(AssertThrows.java:35)
	at org.junit.jupiter.api.Assertions.assertThrows(Assertions.java:3115)
	at com.aitestgen.services.UserServiceTest.testAuthenticateNullPassword(UserServiceTest.java:281)
	at java.base/java.lang.reflect.Method.invoke(Method.java:569)
	at java.base/java.util.ArrayList.forEach(ArrayList.java:1511)
	at java.base/java.util.ArrayList.forEach(ArrayList.java:1511)
]]></failure>
  </testcase>
  <testcase name="testAuthenticateUsernameWithSpecialCharacters" classname="com.aitestgen.services.UserServiceTest" time="0.001"/>
  <testcase name="testUpdateEmailNonExistingUser" classname="com.aitestgen.services.UserServiceTest" time="0.001"/>
  <testcase name="testAuthenticateNonExistingUser" classname="com.aitestgen.services.UserServiceTest" time="0.001"/>
  <testcase name="testUpdateEmailInvalidEmail" classname="com.aitestgen.services.UserServiceTest" time="0.001"/>
  <testcase name="testUpdateEmailLongEmail" classname="com.aitestgen.services.UserServiceTest" time="0.0"/>
  <testcase name="testRegisterUserLongUsername" classname="com.aitestgen.services.UserServiceTest" time="0.001"/>
  <testcase name="testUpdateEmailUsernameWithSpecialCharacters" classname="com.aitestgen.services.UserServiceTest" time="0.001"/>
  <testcase name="testRegisterUserShortUsername" classname="com.aitestgen.services.UserServiceTest" time="0.002"/>
</testsuite>