{"C:\\Users\\Sahil.Naik\\AiTestGen\\examples\\Calculator.ts": {"path":"C:\\Users\\Sahil.Naik\\AiTestGen\\examples\\Calculator.ts","statementMap":{"0":{"start":{"line":5,"column":40},"end":{"line":5,"column":53}},"1":{"start":{"line":6,"column":45},"end":{"line":6,"column":58}},"2":{"start":{"line":7,"column":45},"end":{"line":7,"column":58}},"3":{"start":{"line":9,"column":8},"end":{"line":9,"column":55}},"4":{"start":{"line":9,"column":21},"end":{"line":9,"column":55}},"5":{"start":{"line":10,"column":8},"end":{"line":10,"column":21}},"6":{"start":{"line":12,"column":43},"end":{"line":12,"column":56}},"7":{"start":{"line":13,"column":42},"end":{"line":13,"column":64}},"8":{"start":{"line":18,"column":29},"end":{"line":18,"column":48}},"9":{"start":{"line":20,"column":8},"end":{"line":20,"column":59}},"10":{"start":{"line":20,"column":19},"end":{"line":20,"column":59}},"11":{"start":{"line":21,"column":8},"end":{"line":21,"column":28}},"12":{"start":{"line":23,"column":30},"end":{"line":23,"column":50}},"13":{"start":{"line":24,"column":29},"end":{"line":24,"column":48}},"14":{"start":{"line":26,"column":8},"end":{"line":26,"column":66}},"15":{"start":{"line":26,"column":20},"end":{"line":26,"column":66}},"16":{"start":{"line":27,"column":8},"end":{"line":27,"column":27}},"17":{"start":{"line":30,"column":8},"end":{"line":30,"column":68}},"18":{"start":{"line":30,"column":20},"end":{"line":30,"column":68}},"19":{"start":{"line":31,"column":8},"end":{"line":31,"column":29}},"20":{"start":{"line":37,"column":29},"end":{"line":37,"column":48}},"21":{"start":{"line":38,"column":29},"end":{"line":38,"column":48}},"22":{"start":{"line":39,"column":29},"end":{"line":39,"column":48}},"23":{"start":{"line":40,"column":30},"end":{"line":40,"column":50}},"24":{"start":{"line":41,"column":30},"end":{"line":41,"column":50}},"25":{"start":{"line":42,"column":30},"end":{"line":42,"column":50}},"26":{"start":{"line":43,"column":30},"end":{"line":43,"column":50}},"27":{"start":{"line":44,"column":30},"end":{"line":44,"column":50}},"28":{"start":{"line":45,"column":30},"end":{"line":45,"column":50}},"29":{"start":{"line":50,"column":30},"end":{"line":50,"column":50}},"30":{"start":{"line":51,"column":31},"end":{"line":51,"column":52}},"31":{"start":{"line":52,"column":31},"end":{"line":52,"column":52}},"32":{"start":{"line":53,"column":31},"end":{"line":53,"column":52}},"33":{"start":{"line":54,"column":40},"end":{"line":54,"column":62}},"34":{"start":{"line":55,"column":40},"end":{"line":55,"column":62}},"35":{"start":{"line":61,"column":8},"end":{"line":61,"column":43}},"36":{"start":{"line":61,"column":34},"end":{"line":61,"column":43}},"37":{"start":{"line":62,"column":8},"end":{"line":62,"column":67}},"38":{"start":{"line":62,"column":40},"end":{"line":62,"column":45}},"39":{"start":{"line":66,"column":8},"end":{"line":66,"column":43}},"40":{"start":{"line":66,"column":34},"end":{"line":66,"column":43}},"41":{"start":{"line":67,"column":23},"end":{"line":67,"column":57}},"42":{"start":{"line":67,"column":51},"end":{"line":67,"column":56}},"43":{"start":{"line":68,"column":23},"end":{"line":68,"column":52}},"44":{"start":{"line":69,"column":8},"end":{"line":71,"column":9}},"45":{"start":{"line":70,"column":12},"end":{"line":70,"column":61}},"46":{"start":{"line":72,"column":8},"end":{"line":72,"column":30}},"47":{"start":{"line":76,"column":8},"end":{"line":76,"column":43}},"48":{"start":{"line":76,"column":34},"end":{"line":76,"column":43}},"49":{"start":{"line":77,"column":20},"end":{"line":77,"column":38}},"50":{"start":{"line":78,"column":28},"end":{"line":78,"column":74}},"51":{"start":{"line":78,"column":49},"end":{"line":78,"column":73}},"52":{"start":{"line":79,"column":8},"end":{"line":79,"column":38}},"53":{"start":{"line":83,"column":8},"end":{"line":83,"column":49}},"54":{"start":{"line":87,"column":8},"end":{"line":87,"column":50}},"55":{"start":{"line":87,"column":40},"end":{"line":87,"column":45}},"56":{"start":{"line":91,"column":8},"end":{"line":91,"column":50}},"57":{"start":{"line":91,"column":40},"end":{"line":91,"column":45}},"58":{"start":{"line":95,"column":8},"end":{"line":95,"column":67}},"59":{"start":{"line":95,"column":19},"end":{"line":95,"column":67}},"60":{"start":{"line":96,"column":8},"end":{"line":96,"column":41}},"61":{"start":{"line":96,"column":32},"end":{"line":96,"column":41}},"62":{"start":{"line":97,"column":18},"end":{"line":97,"column":19}},"63":{"start":{"line":98,"column":8},"end":{"line":98,"column":46}},"64":{"start":{"line":98,"column":21},"end":{"line":98,"column":22}},"65":{"start":{"line":98,"column":37},"end":{"line":98,"column":46}},"66":{"start":{"line":99,"column":8},"end":{"line":99,"column":19}},"67":{"start":{"line":106,"column":8},"end":{"line":106,"column":67}},"68":{"start":{"line":106,"column":19},"end":{"line":106,"column":67}},"69":{"start":{"line":107,"column":8},"end":{"line":107,"column":30}},"70":{"start":{"line":107,"column":21},"end":{"line":107,"column":30}},"71":{"start":{"line":108,"column":8},"end":{"line":108,"column":30}},"72":{"start":{"line":108,"column":21},"end":{"line":108,"column":30}},"73":{"start":{"line":109,"column":16},"end":{"line":109,"column":17}},"74":{"start":{"line":109,"column":23},"end":{"line":109,"column":24}},"75":{"start":{"line":110,"column":8},"end":{"line":112,"column":9}},"76":{"start":{"line":110,"column":21},"end":{"line":110,"column":22}},"77":{"start":{"line":111,"column":12},"end":{"line":111,"column":32}},"78":{"start":{"line":113,"column":8},"end":{"line":113,"column":17}},"79":{"start":{"line":117,"column":8},"end":{"line":117,"column":33}},"80":{"start":{"line":117,"column":20},"end":{"line":117,"column":33}},"81":{"start":{"line":118,"column":8},"end":{"line":120,"column":9}},"82":{"start":{"line":118,"column":21},"end":{"line":118,"column":22}},"83":{"start":{"line":119,"column":12},"end":{"line":119,"column":42}},"84":{"start":{"line":119,"column":29},"end":{"line":119,"column":42}},"85":{"start":{"line":121,"column":8},"end":{"line":121,"column":20}},"86":{"start":{"line":125,"column":8},"end":{"line":125,"column":24}},"87":{"start":{"line":126,"column":8},"end":{"line":126,"column":24}},"88":{"start":{"line":127,"column":8},"end":{"line":130,"column":9}},"89":{"start":{"line":128,"column":12},"end":{"line":128,"column":19}},"90":{"start":{"line":129,"column":12},"end":{"line":129,"column":28}},"91":{"start":{"line":131,"column":8},"end":{"line":131,"column":17}},"92":{"start":{"line":135,"column":8},"end":{"line":135,"column":41}},"93":{"start":{"line":135,"column":32},"end":{"line":135,"column":41}},"94":{"start":{"line":136,"column":8},"end":{"line":136,"column":48}},"95":{"start":{"line":143,"column":8},"end":{"line":145,"column":9}},"96":{"start":{"line":144,"column":12},"end":{"line":144,"column":60}},"97":{"start":{"line":146,"column":8},"end":{"line":146,"column":71}},"98":{"start":{"line":146,"column":34},"end":{"line":146,"column":69}},"99":{"start":{"line":146,"column":54},"end":{"line":146,"column":68}},"100":{"start":{"line":150,"column":8},"end":{"line":152,"column":9}},"101":{"start":{"line":151,"column":12},"end":{"line":151,"column":69}},"102":{"start":{"line":153,"column":23},"end":{"line":153,"column":86}},"103":{"start":{"line":153,"column":58},"end":{"line":153,"column":85}},"104":{"start":{"line":154,"column":8},"end":{"line":160,"column":9}},"105":{"start":{"line":154,"column":21},"end":{"line":154,"column":22}},"106":{"start":{"line":155,"column":12},"end":{"line":159,"column":13}},"107":{"start":{"line":155,"column":25},"end":{"line":155,"column":26}},"108":{"start":{"line":156,"column":16},"end":{"line":158,"column":17}},"109":{"start":{"line":156,"column":29},"end":{"line":156,"column":30}},"110":{"start":{"line":157,"column":20},"end":{"line":157,"column":56}},"111":{"start":{"line":161,"column":8},"end":{"line":161,"column":22}},"112":{"start":{"line":168,"column":8},"end":{"line":168,"column":46}},"113":{"start":{"line":172,"column":8},"end":{"line":172,"column":39}},"114":{"start":{"line":176,"column":8},"end":{"line":176,"column":39}},"115":{"start":{"line":183,"column":8},"end":{"line":183,"column":41}},"116":{"start":{"line":187,"column":8},"end":{"line":187,"column":36}},"117":{"start":{"line":191,"column":8},"end":{"line":191,"column":30}},"118":{"start":{"line":195,"column":8},"end":{"line":195,"column":35}},"119":{"start":{"line":199,"column":8},"end":{"line":199,"column":55}},"120":{"start":{"line":203,"column":8},"end":{"line":203,"column":50}},"121":{"start":{"line":208,"column":8},"end":{"line":208,"column":37}},"122":{"start":{"line":212,"column":8},"end":{"line":212,"column":37}},"123":{"start":{"line":216,"column":8},"end":{"line":216,"column":40}},"124":{"start":{"line":220,"column":8},"end":{"line":220,"column":37}},"125":{"start":{"line":224,"column":8},"end":{"line":224,"column":36}},"126":{"start":{"line":228,"column":8},"end":{"line":228,"column":50}},"127":{"start":{"line":232,"column":8},"end":{"line":232,"column":37}},"128":{"start":{"line":232,"column":28},"end":{"line":232,"column":37}},"129":{"start":{"line":233,"column":8},"end":{"line":233,"column":79}},"130":{"start":{"line":237,"column":8},"end":{"line":237,"column":37}},"131":{"start":{"line":237,"column":28},"end":{"line":237,"column":37}},"132":{"start":{"line":238,"column":8},"end":{"line":238,"column":57}},"133":{"start":{"line":242,"column":29},"end":{"line":242,"column":46}},"134":{"start":{"line":243,"column":8},"end":{"line":243,"column":40}},"135":{"start":{"line":243,"column":30},"end":{"line":243,"column":40}},"136":{"start":{"line":244,"column":8},"end":{"line":244,"column":54}},"137":{"start":{"line":244,"column":32},"end":{"line":244,"column":54}},"138":{"start":{"line":245,"column":8},"end":{"line":248,"column":10}},"139":{"start":{"line":252,"column":43},"end":{"line":252,"column":57}},"140":{"start":{"line":253,"column":42},"end":{"line":253,"column":56}},"141":{"start":{"line":254,"column":43},"end":{"line":254,"column":58}},"142":{"start":{"line":255,"column":31},"end":{"line":255,"column":41}},"143":{"start":{"line":258,"column":43},"end":{"line":258,"column":56}},"144":{"start":{"line":259,"column":42},"end":{"line":259,"column":55}},"145":{"start":{"line":260,"column":43},"end":{"line":260,"column":56}},"146":{"start":{"line":261,"column":32},"end":{"line":261,"column":42}},"147":{"start":{"line":262,"column":49},"end":{"line":262,"column":63}},"148":{"start":{"line":263,"column":50},"end":{"line":263,"column":64}},"149":{"start":{"line":269,"column":16},"end":{"line":269,"column":31}},"150":{"start":{"line":270,"column":16},"end":{"line":270,"column":31}},"151":{"start":{"line":271,"column":16},"end":{"line":271,"column":31}},"152":{"start":{"line":272,"column":16},"end":{"line":272,"column":31}},"153":{"start":{"line":273,"column":16},"end":{"line":273,"column":31}},"154":{"start":{"line":274,"column":16},"end":{"line":274,"column":31}},"155":{"start":{"line":275,"column":16},"end":{"line":275,"column":31}},"156":{"start":{"line":276,"column":16},"end":{"line":276,"column":31}},"157":{"start":{"line":277,"column":16},"end":{"line":277,"column":31}},"158":{"start":{"line":278,"column":17},"end":{"line":278,"column":32}},"159":{"start":{"line":279,"column":17},"end":{"line":279,"column":32}},"160":{"start":{"line":280,"column":17},"end":{"line":280,"column":32}},"161":{"start":{"line":281,"column":17},"end":{"line":281,"column":32}},"162":{"start":{"line":282,"column":17},"end":{"line":282,"column":32}},"163":{"start":{"line":283,"column":17},"end":{"line":283,"column":32}},"164":{"start":{"line":284,"column":17},"end":{"line":284,"column":32}},"165":{"start":{"line":285,"column":17},"end":{"line":285,"column":32}},"166":{"start":{"line":286,"column":17},"end":{"line":286,"column":32}},"167":{"start":{"line":287,"column":17},"end":{"line":287,"column":32}},"168":{"start":{"line":288,"column":17},"end":{"line":288,"column":32}},"169":{"start":{"line":289,"column":17},"end":{"line":289,"column":32}},"170":{"start":{"line":290,"column":17},"end":{"line":290,"column":32}},"171":{"start":{"line":291,"column":17},"end":{"line":291,"column":32}},"172":{"start":{"line":292,"column":17},"end":{"line":292,"column":32}},"173":{"start":{"line":293,"column":17},"end":{"line":293,"column":32}},"174":{"start":{"line":294,"column":17},"end":{"line":294,"column":32}},"175":{"start":{"line":295,"column":17},"end":{"line":295,"column":32}},"176":{"start":{"line":296,"column":17},"end":{"line":296,"column":32}},"177":{"start":{"line":297,"column":17},"end":{"line":297,"column":32}},"178":{"start":{"line":298,"column":17},"end":{"line":298,"column":32}},"179":{"start":{"line":299,"column":17},"end":{"line":299,"column":32}},"180":{"start":{"line":300,"column":17},"end":{"line":300,"column":32}},"181":{"start":{"line":301,"column":17},"end":{"line":301,"column":32}},"182":{"start":{"line":302,"column":17},"end":{"line":302,"column":32}},"183":{"start":{"line":303,"column":17},"end":{"line":303,"column":32}},"184":{"start":{"line":304,"column":17},"end":{"line":304,"column":32}},"185":{"start":{"line":305,"column":17},"end":{"line":305,"column":32}},"186":{"start":{"line":306,"column":17},"end":{"line":306,"column":32}},"187":{"start":{"line":307,"column":17},"end":{"line":307,"column":32}},"188":{"start":{"line":308,"column":17},"end":{"line":308,"column":32}},"189":{"start":{"line":309,"column":17},"end":{"line":309,"column":32}},"190":{"start":{"line":310,"column":17},"end":{"line":310,"column":32}},"191":{"start":{"line":311,"column":17},"end":{"line":311,"column":32}},"192":{"start":{"line":312,"column":17},"end":{"line":312,"column":32}},"193":{"start":{"line":313,"column":17},"end":{"line":313,"column":32}},"194":{"start":{"line":314,"column":17},"end":{"line":314,"column":32}},"195":{"start":{"line":315,"column":17},"end":{"line":315,"column":32}},"196":{"start":{"line":316,"column":17},"end":{"line":316,"column":32}},"197":{"start":{"line":317,"column":17},"end":{"line":317,"column":32}},"198":{"start":{"line":318,"column":17},"end":{"line":318,"column":32}},"199":{"start":{"line":319,"column":17},"end":{"line":319,"column":32}},"200":{"start":{"line":320,"column":17},"end":{"line":320,"column":32}},"201":{"start":{"line":321,"column":17},"end":{"line":321,"column":32}},"202":{"start":{"line":322,"column":17},"end":{"line":322,"column":32}},"203":{"start":{"line":323,"column":17},"end":{"line":323,"column":32}},"204":{"start":{"line":324,"column":17},"end":{"line":324,"column":32}},"205":{"start":{"line":325,"column":17},"end":{"line":325,"column":32}},"206":{"start":{"line":326,"column":17},"end":{"line":326,"column":32}},"207":{"start":{"line":327,"column":17},"end":{"line":327,"column":32}},"208":{"start":{"line":328,"column":17},"end":{"line":328,"column":32}},"209":{"start":{"line":329,"column":17},"end":{"line":329,"column":32}},"210":{"start":{"line":330,"column":17},"end":{"line":330,"column":32}},"211":{"start":{"line":331,"column":17},"end":{"line":331,"column":32}},"212":{"start":{"line":332,"column":17},"end":{"line":332,"column":32}},"213":{"start":{"line":333,"column":17},"end":{"line":333,"column":32}},"214":{"start":{"line":334,"column":17},"end":{"line":334,"column":32}},"215":{"start":{"line":335,"column":17},"end":{"line":335,"column":32}},"216":{"start":{"line":336,"column":17},"end":{"line":336,"column":32}},"217":{"start":{"line":337,"column":17},"end":{"line":337,"column":32}},"218":{"start":{"line":338,"column":17},"end":{"line":338,"column":32}},"219":{"start":{"line":339,"column":17},"end":{"line":339,"column":32}},"220":{"start":{"line":340,"column":17},"end":{"line":340,"column":32}},"221":{"start":{"line":341,"column":17},"end":{"line":341,"column":32}},"222":{"start":{"line":342,"column":17},"end":{"line":342,"column":32}},"223":{"start":{"line":343,"column":17},"end":{"line":343,"column":32}},"224":{"start":{"line":344,"column":17},"end":{"line":344,"column":32}},"225":{"start":{"line":345,"column":17},"end":{"line":345,"column":32}},"226":{"start":{"line":346,"column":17},"end":{"line":346,"column":32}},"227":{"start":{"line":347,"column":17},"end":{"line":347,"column":32}},"228":{"start":{"line":348,"column":17},"end":{"line":348,"column":32}},"229":{"start":{"line":349,"column":17},"end":{"line":349,"column":32}},"230":{"start":{"line":350,"column":17},"end":{"line":350,"column":32}},"231":{"start":{"line":351,"column":17},"end":{"line":351,"column":32}},"232":{"start":{"line":352,"column":17},"end":{"line":352,"column":32}},"233":{"start":{"line":353,"column":17},"end":{"line":353,"column":32}},"234":{"start":{"line":354,"column":17},"end":{"line":354,"column":32}},"235":{"start":{"line":355,"column":17},"end":{"line":355,"column":32}},"236":{"start":{"line":356,"column":17},"end":{"line":356,"column":32}},"237":{"start":{"line":357,"column":17},"end":{"line":357,"column":32}},"238":{"start":{"line":358,"column":17},"end":{"line":358,"column":32}},"239":{"start":{"line":359,"column":17},"end":{"line":359,"column":32}},"240":{"start":{"line":360,"column":17},"end":{"line":360,"column":32}},"241":{"start":{"line":361,"column":17},"end":{"line":361,"column":32}},"242":{"start":{"line":362,"column":17},"end":{"line":362,"column":32}},"243":{"start":{"line":363,"column":17},"end":{"line":363,"column":32}},"244":{"start":{"line":364,"column":17},"end":{"line":364,"column":32}},"245":{"start":{"line":365,"column":17},"end":{"line":365,"column":32}},"246":{"start":{"line":366,"column":17},"end":{"line":366,"column":32}},"247":{"start":{"line":367,"column":17},"end":{"line":367,"column":32}},"248":{"start":{"line":368,"column":18},"end":{"line":368,"column":33}},"249":{"start":{"line":369,"column":18},"end":{"line":369,"column":33}},"250":{"start":{"line":370,"column":18},"end":{"line":370,"column":33}},"251":{"start":{"line":371,"column":18},"end":{"line":371,"column":33}},"252":{"start":{"line":372,"column":18},"end":{"line":372,"column":33}},"253":{"start":{"line":373,"column":18},"end":{"line":373,"column":33}},"254":{"start":{"line":374,"column":18},"end":{"line":374,"column":33}},"255":{"start":{"line":375,"column":18},"end":{"line":375,"column":33}},"256":{"start":{"line":376,"column":18},"end":{"line":376,"column":33}},"257":{"start":{"line":377,"column":18},"end":{"line":377,"column":33}},"258":{"start":{"line":378,"column":18},"end":{"line":378,"column":33}},"259":{"start":{"line":379,"column":18},"end":{"line":379,"column":33}},"260":{"start":{"line":380,"column":18},"end":{"line":380,"column":33}},"261":{"start":{"line":381,"column":18},"end":{"line":381,"column":33}},"262":{"start":{"line":382,"column":18},"end":{"line":382,"column":33}},"263":{"start":{"line":383,"column":18},"end":{"line":383,"column":33}},"264":{"start":{"line":384,"column":18},"end":{"line":384,"column":33}},"265":{"start":{"line":385,"column":18},"end":{"line":385,"column":33}},"266":{"start":{"line":386,"column":18},"end":{"line":386,"column":33}},"267":{"start":{"line":387,"column":18},"end":{"line":387,"column":33}},"268":{"start":{"line":388,"column":18},"end":{"line":388,"column":33}},"269":{"start":{"line":389,"column":18},"end":{"line":389,"column":33}},"270":{"start":{"line":390,"column":18},"end":{"line":390,"column":33}},"271":{"start":{"line":391,"column":18},"end":{"line":391,"column":33}},"272":{"start":{"line":392,"column":18},"end":{"line":392,"column":33}},"273":{"start":{"line":393,"column":18},"end":{"line":393,"column":33}},"274":{"start":{"line":394,"column":18},"end":{"line":394,"column":33}},"275":{"start":{"line":395,"column":18},"end":{"line":395,"column":33}},"276":{"start":{"line":396,"column":18},"end":{"line":396,"column":33}},"277":{"start":{"line":397,"column":18},"end":{"line":397,"column":33}},"278":{"start":{"line":398,"column":18},"end":{"line":398,"column":33}},"279":{"start":{"line":399,"column":18},"end":{"line":399,"column":33}},"280":{"start":{"line":400,"column":18},"end":{"line":400,"column":33}},"281":{"start":{"line":401,"column":18},"end":{"line":401,"column":33}},"282":{"start":{"line":402,"column":18},"end":{"line":402,"column":33}},"283":{"start":{"line":403,"column":18},"end":{"line":403,"column":33}},"284":{"start":{"line":404,"column":18},"end":{"line":404,"column":33}},"285":{"start":{"line":405,"column":18},"end":{"line":405,"column":33}},"286":{"start":{"line":406,"column":18},"end":{"line":406,"column":33}},"287":{"start":{"line":407,"column":18},"end":{"line":407,"column":33}},"288":{"start":{"line":408,"column":18},"end":{"line":408,"column":33}},"289":{"start":{"line":409,"column":18},"end":{"line":409,"column":33}},"290":{"start":{"line":410,"column":18},"end":{"line":410,"column":33}},"291":{"start":{"line":411,"column":18},"end":{"line":411,"column":33}},"292":{"start":{"line":412,"column":18},"end":{"line":412,"column":33}},"293":{"start":{"line":413,"column":18},"end":{"line":413,"column":33}},"294":{"start":{"line":414,"column":18},"end":{"line":414,"column":33}},"295":{"start":{"line":415,"column":18},"end":{"line":415,"column":33}},"296":{"start":{"line":416,"column":18},"end":{"line":416,"column":33}},"297":{"start":{"line":417,"column":18},"end":{"line":417,"column":33}},"298":{"start":{"line":418,"column":18},"end":{"line":418,"column":33}},"299":{"start":{"line":419,"column":18},"end":{"line":419,"column":33}},"300":{"start":{"line":420,"column":18},"end":{"line":420,"column":33}},"301":{"start":{"line":421,"column":18},"end":{"line":421,"column":33}},"302":{"start":{"line":422,"column":18},"end":{"line":422,"column":33}},"303":{"start":{"line":423,"column":18},"end":{"line":423,"column":33}},"304":{"start":{"line":424,"column":18},"end":{"line":424,"column":33}},"305":{"start":{"line":425,"column":18},"end":{"line":425,"column":33}},"306":{"start":{"line":426,"column":18},"end":{"line":426,"column":33}},"307":{"start":{"line":427,"column":18},"end":{"line":427,"column":33}},"308":{"start":{"line":428,"column":18},"end":{"line":428,"column":33}},"309":{"start":{"line":429,"column":18},"end":{"line":429,"column":33}},"310":{"start":{"line":430,"column":18},"end":{"line":430,"column":33}},"311":{"start":{"line":431,"column":18},"end":{"line":431,"column":33}},"312":{"start":{"line":432,"column":18},"end":{"line":432,"column":33}},"313":{"start":{"line":433,"column":18},"end":{"line":433,"column":33}},"314":{"start":{"line":434,"column":18},"end":{"line":434,"column":33}},"315":{"start":{"line":435,"column":18},"end":{"line":435,"column":33}},"316":{"start":{"line":436,"column":18},"end":{"line":436,"column":33}},"317":{"start":{"line":437,"column":18},"end":{"line":437,"column":33}},"318":{"start":{"line":438,"column":18},"end":{"line":438,"column":33}},"319":{"start":{"line":439,"column":18},"end":{"line":439,"column":33}},"320":{"start":{"line":440,"column":18},"end":{"line":440,"column":33}},"321":{"start":{"line":441,"column":18},"end":{"line":441,"column":33}},"322":{"start":{"line":442,"column":18},"end":{"line":442,"column":33}},"323":{"start":{"line":443,"column":18},"end":{"line":443,"column":33}},"324":{"start":{"line":444,"column":18},"end":{"line":444,"column":33}},"325":{"start":{"line":445,"column":18},"end":{"line":445,"column":33}},"326":{"start":{"line":446,"column":18},"end":{"line":446,"column":33}},"327":{"start":{"line":447,"column":18},"end":{"line":447,"column":33}},"328":{"start":{"line":448,"column":18},"end":{"line":448,"column":33}},"329":{"start":{"line":449,"column":18},"end":{"line":449,"column":33}},"330":{"start":{"line":450,"column":18},"end":{"line":450,"column":33}},"331":{"start":{"line":451,"column":18},"end":{"line":451,"column":33}},"332":{"start":{"line":452,"column":18},"end":{"line":452,"column":33}},"333":{"start":{"line":453,"column":18},"end":{"line":453,"column":33}},"334":{"start":{"line":454,"column":18},"end":{"line":454,"column":33}},"335":{"start":{"line":455,"column":18},"end":{"line":455,"column":33}},"336":{"start":{"line":456,"column":18},"end":{"line":456,"column":33}},"337":{"start":{"line":457,"column":18},"end":{"line":457,"column":33}},"338":{"start":{"line":458,"column":18},"end":{"line":458,"column":33}},"339":{"start":{"line":459,"column":18},"end":{"line":459,"column":33}},"340":{"start":{"line":460,"column":18},"end":{"line":460,"column":33}},"341":{"start":{"line":461,"column":18},"end":{"line":461,"column":33}},"342":{"start":{"line":462,"column":18},"end":{"line":462,"column":33}},"343":{"start":{"line":463,"column":18},"end":{"line":463,"column":33}},"344":{"start":{"line":464,"column":18},"end":{"line":464,"column":33}},"345":{"start":{"line":465,"column":18},"end":{"line":465,"column":33}},"346":{"start":{"line":466,"column":18},"end":{"line":466,"column":33}},"347":{"start":{"line":467,"column":18},"end":{"line":467,"column":33}},"348":{"start":{"line":468,"column":18},"end":{"line":468,"column":33}},"349":{"start":{"line":469,"column":18},"end":{"line":469,"column":33}},"350":{"start":{"line":470,"column":18},"end":{"line":470,"column":33}},"351":{"start":{"line":471,"column":18},"end":{"line":471,"column":33}},"352":{"start":{"line":472,"column":18},"end":{"line":472,"column":33}},"353":{"start":{"line":473,"column":18},"end":{"line":473,"column":33}},"354":{"start":{"line":474,"column":18},"end":{"line":474,"column":33}},"355":{"start":{"line":475,"column":18},"end":{"line":475,"column":33}},"356":{"start":{"line":476,"column":18},"end":{"line":476,"column":33}},"357":{"start":{"line":477,"column":18},"end":{"line":477,"column":33}},"358":{"start":{"line":478,"column":18},"end":{"line":478,"column":33}},"359":{"start":{"line":479,"column":18},"end":{"line":479,"column":33}},"360":{"start":{"line":480,"column":18},"end":{"line":480,"column":33}},"361":{"start":{"line":481,"column":18},"end":{"line":481,"column":33}},"362":{"start":{"line":482,"column":18},"end":{"line":482,"column":33}},"363":{"start":{"line":483,"column":18},"end":{"line":483,"column":33}},"364":{"start":{"line":484,"column":18},"end":{"line":484,"column":33}},"365":{"start":{"line":485,"column":18},"end":{"line":485,"column":33}},"366":{"start":{"line":486,"column":18},"end":{"line":486,"column":33}},"367":{"start":{"line":487,"column":18},"end":{"line":487,"column":33}},"368":{"start":{"line":488,"column":18},"end":{"line":488,"column":33}},"369":{"start":{"line":489,"column":18},"end":{"line":489,"column":33}},"370":{"start":{"line":490,"column":18},"end":{"line":490,"column":33}},"371":{"start":{"line":491,"column":18},"end":{"line":491,"column":33}},"372":{"start":{"line":492,"column":18},"end":{"line":492,"column":33}},"373":{"start":{"line":493,"column":18},"end":{"line":493,"column":33}},"374":{"start":{"line":494,"column":18},"end":{"line":494,"column":33}},"375":{"start":{"line":495,"column":18},"end":{"line":495,"column":33}},"376":{"start":{"line":496,"column":18},"end":{"line":496,"column":33}},"377":{"start":{"line":497,"column":18},"end":{"line":497,"column":33}},"378":{"start":{"line":1,"column":0},"end":{"line":1,"column":13}}},"fnMap":{"0":{"name":"(anonymous_0)","decl":{"start":{"line":5,"column":4},"end":{"line":5,"column":7}},"loc":{"start":{"line":5,"column":28},"end":{"line":5,"column":55}}},"1":{"name":"(anonymous_1)","decl":{"start":{"line":6,"column":4},"end":{"line":6,"column":12}},"loc":{"start":{"line":6,"column":33},"end":{"line":6,"column":60}}},"2":{"name":"(anonymous_2)","decl":{"start":{"line":7,"column":4},"end":{"line":7,"column":12}},"loc":{"start":{"line":7,"column":33},"end":{"line":7,"column":60}}},"3":{"name":"(anonymous_3)","decl":{"start":{"line":8,"column":4},"end":{"line":8,"column":10}},"loc":{"start":{"line":8,"column":31},"end":{"line":11,"column":5}}},"4":{"name":"(anonymous_4)","decl":{"start":{"line":12,"column":4},"end":{"line":12,"column":10}},"loc":{"start":{"line":12,"column":31},"end":{"line":12,"column":58}}},"5":{"name":"(anonymous_5)","decl":{"start":{"line":13,"column":4},"end":{"line":13,"column":9}},"loc":{"start":{"line":13,"column":30},"end":{"line":13,"column":66}}},"6":{"name":"(anonymous_6)","decl":{"start":{"line":18,"column":4},"end":{"line":18,"column":7}},"loc":{"start":{"line":18,"column":17},"end":{"line":18,"column":50}}},"7":{"name":"(anonymous_7)","decl":{"start":{"line":19,"column":4},"end":{"line":19,"column":8}},"loc":{"start":{"line":19,"column":18},"end":{"line":22,"column":5}}},"8":{"name":"(anonymous_8)","decl":{"start":{"line":23,"column":4},"end":{"line":23,"column":8}},"loc":{"start":{"line":23,"column":18},"end":{"line":23,"column":52}}},"9":{"name":"(anonymous_9)","decl":{"start":{"line":24,"column":4},"end":{"line":24,"column":7}},"loc":{"start":{"line":24,"column":17},"end":{"line":24,"column":50}}},"10":{"name":"(anonymous_10)","decl":{"start":{"line":25,"column":4},"end":{"line":25,"column":7}},"loc":{"start":{"line":25,"column":17},"end":{"line":28,"column":5}}},"11":{"name":"(anonymous_11)","decl":{"start":{"line":29,"column":4},"end":{"line":29,"column":9}},"loc":{"start":{"line":29,"column":19},"end":{"line":32,"column":5}}},"12":{"name":"(anonymous_12)","decl":{"start":{"line":37,"column":4},"end":{"line":37,"column":7}},"loc":{"start":{"line":37,"column":17},"end":{"line":37,"column":50}}},"13":{"name":"(anonymous_13)","decl":{"start":{"line":38,"column":4},"end":{"line":38,"column":7}},"loc":{"start":{"line":38,"column":17},"end":{"line":38,"column":50}}},"14":{"name":"(anonymous_14)","decl":{"start":{"line":39,"column":4},"end":{"line":39,"column":7}},"loc":{"start":{"line":39,"column":17},"end":{"line":39,"column":50}}},"15":{"name":"(anonymous_15)","decl":{"start":{"line":40,"column":4},"end":{"line":40,"column":8}},"loc":{"start":{"line":40,"column":18},"end":{"line":40,"column":52}}},"16":{"name":"(anonymous_16)","decl":{"start":{"line":41,"column":4},"end":{"line":41,"column":8}},"loc":{"start":{"line":41,"column":18},"end":{"line":41,"column":52}}},"17":{"name":"(anonymous_17)","decl":{"start":{"line":42,"column":4},"end":{"line":42,"column":8}},"loc":{"start":{"line":42,"column":18},"end":{"line":42,"column":52}}},"18":{"name":"(anonymous_18)","decl":{"start":{"line":43,"column":4},"end":{"line":43,"column":8}},"loc":{"start":{"line":43,"column":18},"end":{"line":43,"column":52}}},"19":{"name":"(anonymous_19)","decl":{"start":{"line":44,"column":4},"end":{"line":44,"column":8}},"loc":{"start":{"line":44,"column":18},"end":{"line":44,"column":52}}},"20":{"name":"(anonymous_20)","decl":{"start":{"line":45,"column":4},"end":{"line":45,"column":8}},"loc":{"start":{"line":45,"column":18},"end":{"line":45,"column":52}}},"21":{"name":"(anonymous_21)","decl":{"start":{"line":50,"column":4},"end":{"line":50,"column":8}},"loc":{"start":{"line":50,"column":18},"end":{"line":50,"column":52}}},"22":{"name":"(anonymous_22)","decl":{"start":{"line":51,"column":4},"end":{"line":51,"column":9}},"loc":{"start":{"line":51,"column":19},"end":{"line":51,"column":54}}},"23":{"name":"(anonymous_23)","decl":{"start":{"line":52,"column":4},"end":{"line":52,"column":9}},"loc":{"start":{"line":52,"column":19},"end":{"line":52,"column":54}}},"24":{"name":"(anonymous_24)","decl":{"start":{"line":53,"column":4},"end":{"line":53,"column":9}},"loc":{"start":{"line":53,"column":19},"end":{"line":53,"column":54}}},"25":{"name":"(anonymous_25)","decl":{"start":{"line":54,"column":4},"end":{"line":54,"column":7}},"loc":{"start":{"line":54,"column":28},"end":{"line":54,"column":64}}},"26":{"name":"(anonymous_26)","decl":{"start":{"line":55,"column":4},"end":{"line":55,"column":7}},"loc":{"start":{"line":55,"column":28},"end":{"line":55,"column":64}}},"27":{"name":"(anonymous_27)","decl":{"start":{"line":60,"column":4},"end":{"line":60,"column":8}},"loc":{"start":{"line":60,"column":26},"end":{"line":63,"column":5}}},"28":{"name":"(anonymous_28)","decl":{"start":{"line":62,"column":30},"end":{"line":62,"column":31}},"loc":{"start":{"line":62,"column":40},"end":{"line":62,"column":45}}},"29":{"name":"(anonymous_29)","decl":{"start":{"line":65,"column":4},"end":{"line":65,"column":10}},"loc":{"start":{"line":65,"column":28},"end":{"line":73,"column":5}}},"30":{"name":"(anonymous_30)","decl":{"start":{"line":67,"column":41},"end":{"line":67,"column":42}},"loc":{"start":{"line":67,"column":51},"end":{"line":67,"column":56}}},"31":{"name":"(anonymous_31)","decl":{"start":{"line":75,"column":4},"end":{"line":75,"column":12}},"loc":{"start":{"line":75,"column":30},"end":{"line":80,"column":5}}},"32":{"name":"(anonymous_32)","decl":{"start":{"line":78,"column":40},"end":{"line":78,"column":45}},"loc":{"start":{"line":78,"column":49},"end":{"line":78,"column":73}}},"33":{"name":"(anonymous_33)","decl":{"start":{"line":82,"column":4},"end":{"line":82,"column":21}},"loc":{"start":{"line":82,"column":39},"end":{"line":84,"column":5}}},"34":{"name":"(anonymous_34)","decl":{"start":{"line":86,"column":4},"end":{"line":86,"column":7}},"loc":{"start":{"line":86,"column":25},"end":{"line":88,"column":5}}},"35":{"name":"(anonymous_35)","decl":{"start":{"line":87,"column":30},"end":{"line":87,"column":31}},"loc":{"start":{"line":87,"column":40},"end":{"line":87,"column":45}}},"36":{"name":"(anonymous_36)","decl":{"start":{"line":90,"column":4},"end":{"line":90,"column":11}},"loc":{"start":{"line":90,"column":29},"end":{"line":92,"column":5}}},"37":{"name":"(anonymous_37)","decl":{"start":{"line":91,"column":30},"end":{"line":91,"column":31}},"loc":{"start":{"line":91,"column":40},"end":{"line":91,"column":45}}},"38":{"name":"(anonymous_38)","decl":{"start":{"line":94,"column":4},"end":{"line":94,"column":13}},"loc":{"start":{"line":94,"column":23},"end":{"line":100,"column":5}}},"39":{"name":"(anonymous_39)","decl":{"start":{"line":105,"column":4},"end":{"line":105,"column":13}},"loc":{"start":{"line":105,"column":23},"end":{"line":114,"column":5}}},"40":{"name":"(anonymous_40)","decl":{"start":{"line":116,"column":4},"end":{"line":116,"column":11}},"loc":{"start":{"line":116,"column":21},"end":{"line":122,"column":5}}},"41":{"name":"(anonymous_41)","decl":{"start":{"line":124,"column":4},"end":{"line":124,"column":7}},"loc":{"start":{"line":124,"column":28},"end":{"line":132,"column":5}}},"42":{"name":"(anonymous_42)","decl":{"start":{"line":134,"column":4},"end":{"line":134,"column":7}},"loc":{"start":{"line":134,"column":28},"end":{"line":137,"column":5}}},"43":{"name":"(anonymous_43)","decl":{"start":{"line":142,"column":4},"end":{"line":142,"column":13}},"loc":{"start":{"line":142,"column":44},"end":{"line":147,"column":5}}},"44":{"name":"(anonymous_44)","decl":{"start":{"line":146,"column":22},"end":{"line":146,"column":23}},"loc":{"start":{"line":146,"column":34},"end":{"line":146,"column":69}}},"45":{"name":"(anonymous_45)","decl":{"start":{"line":146,"column":42},"end":{"line":146,"column":43}},"loc":{"start":{"line":146,"column":54},"end":{"line":146,"column":68}}},"46":{"name":"(anonymous_46)","decl":{"start":{"line":149,"column":4},"end":{"line":149,"column":18}},"loc":{"start":{"line":149,"column":49},"end":{"line":162,"column":5}}},"47":{"name":"(anonymous_47)","decl":{"start":{"line":153,"column":52},"end":{"line":153,"column":55}},"loc":{"start":{"line":153,"column":58},"end":{"line":153,"column":85}}},"48":{"name":"(anonymous_48)","decl":{"start":{"line":167,"column":4},"end":{"line":167,"column":20}},"loc":{"start":{"line":167,"column":63},"end":{"line":169,"column":5}}},"49":{"name":"(anonymous_49)","decl":{"start":{"line":171,"column":4},"end":{"line":171,"column":16}},"loc":{"start":{"line":171,"column":49},"end":{"line":173,"column":5}}},"50":{"name":"(anonymous_50)","decl":{"start":{"line":175,"column":4},"end":{"line":175,"column":15}},"loc":{"start":{"line":175,"column":48},"end":{"line":177,"column":5}}},"51":{"name":"(anonymous_51)","decl":{"start":{"line":182,"column":4},"end":{"line":182,"column":14}},"loc":{"start":{"line":182,"column":29},"end":{"line":184,"column":5}}},"52":{"name":"(anonymous_52)","decl":{"start":{"line":186,"column":4},"end":{"line":186,"column":23}},"loc":{"start":{"line":186,"column":38},"end":{"line":188,"column":5}}},"53":{"name":"(anonymous_53)","decl":{"start":{"line":190,"column":4},"end":{"line":190,"column":17}},"loc":{"start":{"line":190,"column":47},"end":{"line":192,"column":5}}},"54":{"name":"(anonymous_54)","decl":{"start":{"line":194,"column":4},"end":{"line":194,"column":16}},"loc":{"start":{"line":194,"column":45},"end":{"line":196,"column":5}}},"55":{"name":"(anonymous_55)","decl":{"start":{"line":198,"column":4},"end":{"line":198,"column":16}},"loc":{"start":{"line":198,"column":31},"end":{"line":200,"column":5}}},"56":{"name":"(anonymous_56)","decl":{"start":{"line":202,"column":4},"end":{"line":202,"column":18}},"loc":{"start":{"line":202,"column":49},"end":{"line":204,"column":5}}},"57":{"name":"(anonymous_57)","decl":{"start":{"line":207,"column":4},"end":{"line":207,"column":12}},"loc":{"start":{"line":207,"column":24},"end":{"line":209,"column":5}}},"58":{"name":"(anonymous_58)","decl":{"start":{"line":211,"column":4},"end":{"line":211,"column":12}},"loc":{"start":{"line":211,"column":24},"end":{"line":213,"column":5}}},"59":{"name":"(anonymous_59)","decl":{"start":{"line":215,"column":4},"end":{"line":215,"column":14}},"loc":{"start":{"line":215,"column":35},"end":{"line":217,"column":5}}},"60":{"name":"(anonymous_60)","decl":{"start":{"line":219,"column":4},"end":{"line":219,"column":22}},"loc":{"start":{"line":219,"column":43},"end":{"line":221,"column":5}}},"61":{"name":"(anonymous_61)","decl":{"start":{"line":223,"column":4},"end":{"line":223,"column":13}},"loc":{"start":{"line":223,"column":41},"end":{"line":225,"column":5}}},"62":{"name":"(anonymous_62)","decl":{"start":{"line":227,"column":4},"end":{"line":227,"column":20}},"loc":{"start":{"line":227,"column":51},"end":{"line":229,"column":5}}},"63":{"name":"(anonymous_63)","decl":{"start":{"line":231,"column":4},"end":{"line":231,"column":16}},"loc":{"start":{"line":231,"column":37},"end":{"line":234,"column":5}}},"64":{"name":"(anonymous_64)","decl":{"start":{"line":236,"column":4},"end":{"line":236,"column":16}},"loc":{"start":{"line":236,"column":37},"end":{"line":239,"column":5}}},"65":{"name":"(anonymous_65)","decl":{"start":{"line":241,"column":4},"end":{"line":241,"column":19}},"loc":{"start":{"line":241,"column":51},"end":{"line":249,"column":5}}},"66":{"name":"(anonymous_66)","decl":{"start":{"line":252,"column":4},"end":{"line":252,"column":7}},"loc":{"start":{"line":252,"column":30},"end":{"line":252,"column":59}}},"67":{"name":"(anonymous_67)","decl":{"start":{"line":253,"column":4},"end":{"line":253,"column":6}},"loc":{"start":{"line":253,"column":29},"end":{"line":253,"column":58}}},"68":{"name":"(anonymous_68)","decl":{"start":{"line":254,"column":4},"end":{"line":254,"column":7}},"loc":{"start":{"line":254,"column":30},"end":{"line":254,"column":60}}},"69":{"name":"(anonymous_69)","decl":{"start":{"line":255,"column":4},"end":{"line":255,"column":7}},"loc":{"start":{"line":255,"column":18},"end":{"line":255,"column":43}}},"70":{"name":"(anonymous_70)","decl":{"start":{"line":258,"column":4},"end":{"line":258,"column":10}},"loc":{"start":{"line":258,"column":31},"end":{"line":258,"column":58}}},"71":{"name":"(anonymous_71)","decl":{"start":{"line":259,"column":4},"end":{"line":259,"column":9}},"loc":{"start":{"line":259,"column":30},"end":{"line":259,"column":57}}},"72":{"name":"(anonymous_72)","decl":{"start":{"line":260,"column":4},"end":{"line":260,"column":10}},"loc":{"start":{"line":260,"column":31},"end":{"line":260,"column":58}}},"73":{"name":"(anonymous_73)","decl":{"start":{"line":261,"column":4},"end":{"line":261,"column":10}},"loc":{"start":{"line":261,"column":20},"end":{"line":261,"column":44}}},"74":{"name":"(anonymous_74)","decl":{"start":{"line":262,"column":4},"end":{"line":262,"column":16}},"loc":{"start":{"line":262,"column":37},"end":{"line":262,"column":65}}},"75":{"name":"(anonymous_75)","decl":{"start":{"line":263,"column":4},"end":{"line":263,"column":17}},"loc":{"start":{"line":263,"column":38},"end":{"line":263,"column":66}}},"76":{"name":"(anonymous_76)","decl":{"start":{"line":269,"column":4},"end":{"line":269,"column":11}},"loc":{"start":{"line":269,"column":11},"end":{"line":269,"column":33}}},"77":{"name":"(anonymous_77)","decl":{"start":{"line":270,"column":4},"end":{"line":270,"column":11}},"loc":{"start":{"line":270,"column":11},"end":{"line":270,"column":33}}},"78":{"name":"(anonymous_78)","decl":{"start":{"line":271,"column":4},"end":{"line":271,"column":11}},"loc":{"start":{"line":271,"column":11},"end":{"line":271,"column":33}}},"79":{"name":"(anonymous_79)","decl":{"start":{"line":272,"column":4},"end":{"line":272,"column":11}},"loc":{"start":{"line":272,"column":11},"end":{"line":272,"column":33}}},"80":{"name":"(anonymous_80)","decl":{"start":{"line":273,"column":4},"end":{"line":273,"column":11}},"loc":{"start":{"line":273,"column":11},"end":{"line":273,"column":33}}},"81":{"name":"(anonymous_81)","decl":{"start":{"line":274,"column":4},"end":{"line":274,"column":11}},"loc":{"start":{"line":274,"column":11},"end":{"line":274,"column":33}}},"82":{"name":"(anonymous_82)","decl":{"start":{"line":275,"column":4},"end":{"line":275,"column":11}},"loc":{"start":{"line":275,"column":11},"end":{"line":275,"column":33}}},"83":{"name":"(anonymous_83)","decl":{"start":{"line":276,"column":4},"end":{"line":276,"column":11}},"loc":{"start":{"line":276,"column":11},"end":{"line":276,"column":33}}},"84":{"name":"(anonymous_84)","decl":{"start":{"line":277,"column":4},"end":{"line":277,"column":11}},"loc":{"start":{"line":277,"column":11},"end":{"line":277,"column":33}}},"85":{"name":"(anonymous_85)","decl":{"start":{"line":278,"column":4},"end":{"line":278,"column":12}},"loc":{"start":{"line":278,"column":12},"end":{"line":278,"column":34}}},"86":{"name":"(anonymous_86)","decl":{"start":{"line":279,"column":4},"end":{"line":279,"column":12}},"loc":{"start":{"line":279,"column":12},"end":{"line":279,"column":34}}},"87":{"name":"(anonymous_87)","decl":{"start":{"line":280,"column":4},"end":{"line":280,"column":12}},"loc":{"start":{"line":280,"column":12},"end":{"line":280,"column":34}}},"88":{"name":"(anonymous_88)","decl":{"start":{"line":281,"column":4},"end":{"line":281,"column":12}},"loc":{"start":{"line":281,"column":12},"end":{"line":281,"column":34}}},"89":{"name":"(anonymous_89)","decl":{"start":{"line":282,"column":4},"end":{"line":282,"column":12}},"loc":{"start":{"line":282,"column":12},"end":{"line":282,"column":34}}},"90":{"name":"(anonymous_90)","decl":{"start":{"line":283,"column":4},"end":{"line":283,"column":12}},"loc":{"start":{"line":283,"column":12},"end":{"line":283,"column":34}}},"91":{"name":"(anonymous_91)","decl":{"start":{"line":284,"column":4},"end":{"line":284,"column":12}},"loc":{"start":{"line":284,"column":12},"end":{"line":284,"column":34}}},"92":{"name":"(anonymous_92)","decl":{"start":{"line":285,"column":4},"end":{"line":285,"column":12}},"loc":{"start":{"line":285,"column":12},"end":{"line":285,"column":34}}},"93":{"name":"(anonymous_93)","decl":{"start":{"line":286,"column":4},"end":{"line":286,"column":12}},"loc":{"start":{"line":286,"column":12},"end":{"line":286,"column":34}}},"94":{"name":"(anonymous_94)","decl":{"start":{"line":287,"column":4},"end":{"line":287,"column":12}},"loc":{"start":{"line":287,"column":12},"end":{"line":287,"column":34}}},"95":{"name":"(anonymous_95)","decl":{"start":{"line":288,"column":4},"end":{"line":288,"column":12}},"loc":{"start":{"line":288,"column":12},"end":{"line":288,"column":34}}},"96":{"name":"(anonymous_96)","decl":{"start":{"line":289,"column":4},"end":{"line":289,"column":12}},"loc":{"start":{"line":289,"column":12},"end":{"line":289,"column":34}}},"97":{"name":"(anonymous_97)","decl":{"start":{"line":290,"column":4},"end":{"line":290,"column":12}},"loc":{"start":{"line":290,"column":12},"end":{"line":290,"column":34}}},"98":{"name":"(anonymous_98)","decl":{"start":{"line":291,"column":4},"end":{"line":291,"column":12}},"loc":{"start":{"line":291,"column":12},"end":{"line":291,"column":34}}},"99":{"name":"(anonymous_99)","decl":{"start":{"line":292,"column":4},"end":{"line":292,"column":12}},"loc":{"start":{"line":292,"column":12},"end":{"line":292,"column":34}}},"100":{"name":"(anonymous_100)","decl":{"start":{"line":293,"column":4},"end":{"line":293,"column":12}},"loc":{"start":{"line":293,"column":12},"end":{"line":293,"column":34}}},"101":{"name":"(anonymous_101)","decl":{"start":{"line":294,"column":4},"end":{"line":294,"column":12}},"loc":{"start":{"line":294,"column":12},"end":{"line":294,"column":34}}},"102":{"name":"(anonymous_102)","decl":{"start":{"line":295,"column":4},"end":{"line":295,"column":12}},"loc":{"start":{"line":295,"column":12},"end":{"line":295,"column":34}}},"103":{"name":"(anonymous_103)","decl":{"start":{"line":296,"column":4},"end":{"line":296,"column":12}},"loc":{"start":{"line":296,"column":12},"end":{"line":296,"column":34}}},"104":{"name":"(anonymous_104)","decl":{"start":{"line":297,"column":4},"end":{"line":297,"column":12}},"loc":{"start":{"line":297,"column":12},"end":{"line":297,"column":34}}},"105":{"name":"(anonymous_105)","decl":{"start":{"line":298,"column":4},"end":{"line":298,"column":12}},"loc":{"start":{"line":298,"column":12},"end":{"line":298,"column":34}}},"106":{"name":"(anonymous_106)","decl":{"start":{"line":299,"column":4},"end":{"line":299,"column":12}},"loc":{"start":{"line":299,"column":12},"end":{"line":299,"column":34}}},"107":{"name":"(anonymous_107)","decl":{"start":{"line":300,"column":4},"end":{"line":300,"column":12}},"loc":{"start":{"line":300,"column":12},"end":{"line":300,"column":34}}},"108":{"name":"(anonymous_108)","decl":{"start":{"line":301,"column":4},"end":{"line":301,"column":12}},"loc":{"start":{"line":301,"column":12},"end":{"line":301,"column":34}}},"109":{"name":"(anonymous_109)","decl":{"start":{"line":302,"column":4},"end":{"line":302,"column":12}},"loc":{"start":{"line":302,"column":12},"end":{"line":302,"column":34}}},"110":{"name":"(anonymous_110)","decl":{"start":{"line":303,"column":4},"end":{"line":303,"column":12}},"loc":{"start":{"line":303,"column":12},"end":{"line":303,"column":34}}},"111":{"name":"(anonymous_111)","decl":{"start":{"line":304,"column":4},"end":{"line":304,"column":12}},"loc":{"start":{"line":304,"column":12},"end":{"line":304,"column":34}}},"112":{"name":"(anonymous_112)","decl":{"start":{"line":305,"column":4},"end":{"line":305,"column":12}},"loc":{"start":{"line":305,"column":12},"end":{"line":305,"column":34}}},"113":{"name":"(anonymous_113)","decl":{"start":{"line":306,"column":4},"end":{"line":306,"column":12}},"loc":{"start":{"line":306,"column":12},"end":{"line":306,"column":34}}},"114":{"name":"(anonymous_114)","decl":{"start":{"line":307,"column":4},"end":{"line":307,"column":12}},"loc":{"start":{"line":307,"column":12},"end":{"line":307,"column":34}}},"115":{"name":"(anonymous_115)","decl":{"start":{"line":308,"column":4},"end":{"line":308,"column":12}},"loc":{"start":{"line":308,"column":12},"end":{"line":308,"column":34}}},"116":{"name":"(anonymous_116)","decl":{"start":{"line":309,"column":4},"end":{"line":309,"column":12}},"loc":{"start":{"line":309,"column":12},"end":{"line":309,"column":34}}},"117":{"name":"(anonymous_117)","decl":{"start":{"line":310,"column":4},"end":{"line":310,"column":12}},"loc":{"start":{"line":310,"column":12},"end":{"line":310,"column":34}}},"118":{"name":"(anonymous_118)","decl":{"start":{"line":311,"column":4},"end":{"line":311,"column":12}},"loc":{"start":{"line":311,"column":12},"end":{"line":311,"column":34}}},"119":{"name":"(anonymous_119)","decl":{"start":{"line":312,"column":4},"end":{"line":312,"column":12}},"loc":{"start":{"line":312,"column":12},"end":{"line":312,"column":34}}},"120":{"name":"(anonymous_120)","decl":{"start":{"line":313,"column":4},"end":{"line":313,"column":12}},"loc":{"start":{"line":313,"column":12},"end":{"line":313,"column":34}}},"121":{"name":"(anonymous_121)","decl":{"start":{"line":314,"column":4},"end":{"line":314,"column":12}},"loc":{"start":{"line":314,"column":12},"end":{"line":314,"column":34}}},"122":{"name":"(anonymous_122)","decl":{"start":{"line":315,"column":4},"end":{"line":315,"column":12}},"loc":{"start":{"line":315,"column":12},"end":{"line":315,"column":34}}},"123":{"name":"(anonymous_123)","decl":{"start":{"line":316,"column":4},"end":{"line":316,"column":12}},"loc":{"start":{"line":316,"column":12},"end":{"line":316,"column":34}}},"124":{"name":"(anonymous_124)","decl":{"start":{"line":317,"column":4},"end":{"line":317,"column":12}},"loc":{"start":{"line":317,"column":12},"end":{"line":317,"column":34}}},"125":{"name":"(anonymous_125)","decl":{"start":{"line":318,"column":4},"end":{"line":318,"column":12}},"loc":{"start":{"line":318,"column":12},"end":{"line":318,"column":34}}},"126":{"name":"(anonymous_126)","decl":{"start":{"line":319,"column":4},"end":{"line":319,"column":12}},"loc":{"start":{"line":319,"column":12},"end":{"line":319,"column":34}}},"127":{"name":"(anonymous_127)","decl":{"start":{"line":320,"column":4},"end":{"line":320,"column":12}},"loc":{"start":{"line":320,"column":12},"end":{"line":320,"column":34}}},"128":{"name":"(anonymous_128)","decl":{"start":{"line":321,"column":4},"end":{"line":321,"column":12}},"loc":{"start":{"line":321,"column":12},"end":{"line":321,"column":34}}},"129":{"name":"(anonymous_129)","decl":{"start":{"line":322,"column":4},"end":{"line":322,"column":12}},"loc":{"start":{"line":322,"column":12},"end":{"line":322,"column":34}}},"130":{"name":"(anonymous_130)","decl":{"start":{"line":323,"column":4},"end":{"line":323,"column":12}},"loc":{"start":{"line":323,"column":12},"end":{"line":323,"column":34}}},"131":{"name":"(anonymous_131)","decl":{"start":{"line":324,"column":4},"end":{"line":324,"column":12}},"loc":{"start":{"line":324,"column":12},"end":{"line":324,"column":34}}},"132":{"name":"(anonymous_132)","decl":{"start":{"line":325,"column":4},"end":{"line":325,"column":12}},"loc":{"start":{"line":325,"column":12},"end":{"line":325,"column":34}}},"133":{"name":"(anonymous_133)","decl":{"start":{"line":326,"column":4},"end":{"line":326,"column":12}},"loc":{"start":{"line":326,"column":12},"end":{"line":326,"column":34}}},"134":{"name":"(anonymous_134)","decl":{"start":{"line":327,"column":4},"end":{"line":327,"column":12}},"loc":{"start":{"line":327,"column":12},"end":{"line":327,"column":34}}},"135":{"name":"(anonymous_135)","decl":{"start":{"line":328,"column":4},"end":{"line":328,"column":12}},"loc":{"start":{"line":328,"column":12},"end":{"line":328,"column":34}}},"136":{"name":"(anonymous_136)","decl":{"start":{"line":329,"column":4},"end":{"line":329,"column":12}},"loc":{"start":{"line":329,"column":12},"end":{"line":329,"column":34}}},"137":{"name":"(anonymous_137)","decl":{"start":{"line":330,"column":4},"end":{"line":330,"column":12}},"loc":{"start":{"line":330,"column":12},"end":{"line":330,"column":34}}},"138":{"name":"(anonymous_138)","decl":{"start":{"line":331,"column":4},"end":{"line":331,"column":12}},"loc":{"start":{"line":331,"column":12},"end":{"line":331,"column":34}}},"139":{"name":"(anonymous_139)","decl":{"start":{"line":332,"column":4},"end":{"line":332,"column":12}},"loc":{"start":{"line":332,"column":12},"end":{"line":332,"column":34}}},"140":{"name":"(anonymous_140)","decl":{"start":{"line":333,"column":4},"end":{"line":333,"column":12}},"loc":{"start":{"line":333,"column":12},"end":{"line":333,"column":34}}},"141":{"name":"(anonymous_141)","decl":{"start":{"line":334,"column":4},"end":{"line":334,"column":12}},"loc":{"start":{"line":334,"column":12},"end":{"line":334,"column":34}}},"142":{"name":"(anonymous_142)","decl":{"start":{"line":335,"column":4},"end":{"line":335,"column":12}},"loc":{"start":{"line":335,"column":12},"end":{"line":335,"column":34}}},"143":{"name":"(anonymous_143)","decl":{"start":{"line":336,"column":4},"end":{"line":336,"column":12}},"loc":{"start":{"line":336,"column":12},"end":{"line":336,"column":34}}},"144":{"name":"(anonymous_144)","decl":{"start":{"line":337,"column":4},"end":{"line":337,"column":12}},"loc":{"start":{"line":337,"column":12},"end":{"line":337,"column":34}}},"145":{"name":"(anonymous_145)","decl":{"start":{"line":338,"column":4},"end":{"line":338,"column":12}},"loc":{"start":{"line":338,"column":12},"end":{"line":338,"column":34}}},"146":{"name":"(anonymous_146)","decl":{"start":{"line":339,"column":4},"end":{"line":339,"column":12}},"loc":{"start":{"line":339,"column":12},"end":{"line":339,"column":34}}},"147":{"name":"(anonymous_147)","decl":{"start":{"line":340,"column":4},"end":{"line":340,"column":12}},"loc":{"start":{"line":340,"column":12},"end":{"line":340,"column":34}}},"148":{"name":"(anonymous_148)","decl":{"start":{"line":341,"column":4},"end":{"line":341,"column":12}},"loc":{"start":{"line":341,"column":12},"end":{"line":341,"column":34}}},"149":{"name":"(anonymous_149)","decl":{"start":{"line":342,"column":4},"end":{"line":342,"column":12}},"loc":{"start":{"line":342,"column":12},"end":{"line":342,"column":34}}},"150":{"name":"(anonymous_150)","decl":{"start":{"line":343,"column":4},"end":{"line":343,"column":12}},"loc":{"start":{"line":343,"column":12},"end":{"line":343,"column":34}}},"151":{"name":"(anonymous_151)","decl":{"start":{"line":344,"column":4},"end":{"line":344,"column":12}},"loc":{"start":{"line":344,"column":12},"end":{"line":344,"column":34}}},"152":{"name":"(anonymous_152)","decl":{"start":{"line":345,"column":4},"end":{"line":345,"column":12}},"loc":{"start":{"line":345,"column":12},"end":{"line":345,"column":34}}},"153":{"name":"(anonymous_153)","decl":{"start":{"line":346,"column":4},"end":{"line":346,"column":12}},"loc":{"start":{"line":346,"column":12},"end":{"line":346,"column":34}}},"154":{"name":"(anonymous_154)","decl":{"start":{"line":347,"column":4},"end":{"line":347,"column":12}},"loc":{"start":{"line":347,"column":12},"end":{"line":347,"column":34}}},"155":{"name":"(anonymous_155)","decl":{"start":{"line":348,"column":4},"end":{"line":348,"column":12}},"loc":{"start":{"line":348,"column":12},"end":{"line":348,"column":34}}},"156":{"name":"(anonymous_156)","decl":{"start":{"line":349,"column":4},"end":{"line":349,"column":12}},"loc":{"start":{"line":349,"column":12},"end":{"line":349,"column":34}}},"157":{"name":"(anonymous_157)","decl":{"start":{"line":350,"column":4},"end":{"line":350,"column":12}},"loc":{"start":{"line":350,"column":12},"end":{"line":350,"column":34}}},"158":{"name":"(anonymous_158)","decl":{"start":{"line":351,"column":4},"end":{"line":351,"column":12}},"loc":{"start":{"line":351,"column":12},"end":{"line":351,"column":34}}},"159":{"name":"(anonymous_159)","decl":{"start":{"line":352,"column":4},"end":{"line":352,"column":12}},"loc":{"start":{"line":352,"column":12},"end":{"line":352,"column":34}}},"160":{"name":"(anonymous_160)","decl":{"start":{"line":353,"column":4},"end":{"line":353,"column":12}},"loc":{"start":{"line":353,"column":12},"end":{"line":353,"column":34}}},"161":{"name":"(anonymous_161)","decl":{"start":{"line":354,"column":4},"end":{"line":354,"column":12}},"loc":{"start":{"line":354,"column":12},"end":{"line":354,"column":34}}},"162":{"name":"(anonymous_162)","decl":{"start":{"line":355,"column":4},"end":{"line":355,"column":12}},"loc":{"start":{"line":355,"column":12},"end":{"line":355,"column":34}}},"163":{"name":"(anonymous_163)","decl":{"start":{"line":356,"column":4},"end":{"line":356,"column":12}},"loc":{"start":{"line":356,"column":12},"end":{"line":356,"column":34}}},"164":{"name":"(anonymous_164)","decl":{"start":{"line":357,"column":4},"end":{"line":357,"column":12}},"loc":{"start":{"line":357,"column":12},"end":{"line":357,"column":34}}},"165":{"name":"(anonymous_165)","decl":{"start":{"line":358,"column":4},"end":{"line":358,"column":12}},"loc":{"start":{"line":358,"column":12},"end":{"line":358,"column":34}}},"166":{"name":"(anonymous_166)","decl":{"start":{"line":359,"column":4},"end":{"line":359,"column":12}},"loc":{"start":{"line":359,"column":12},"end":{"line":359,"column":34}}},"167":{"name":"(anonymous_167)","decl":{"start":{"line":360,"column":4},"end":{"line":360,"column":12}},"loc":{"start":{"line":360,"column":12},"end":{"line":360,"column":34}}},"168":{"name":"(anonymous_168)","decl":{"start":{"line":361,"column":4},"end":{"line":361,"column":12}},"loc":{"start":{"line":361,"column":12},"end":{"line":361,"column":34}}},"169":{"name":"(anonymous_169)","decl":{"start":{"line":362,"column":4},"end":{"line":362,"column":12}},"loc":{"start":{"line":362,"column":12},"end":{"line":362,"column":34}}},"170":{"name":"(anonymous_170)","decl":{"start":{"line":363,"column":4},"end":{"line":363,"column":12}},"loc":{"start":{"line":363,"column":12},"end":{"line":363,"column":34}}},"171":{"name":"(anonymous_171)","decl":{"start":{"line":364,"column":4},"end":{"line":364,"column":12}},"loc":{"start":{"line":364,"column":12},"end":{"line":364,"column":34}}},"172":{"name":"(anonymous_172)","decl":{"start":{"line":365,"column":4},"end":{"line":365,"column":12}},"loc":{"start":{"line":365,"column":12},"end":{"line":365,"column":34}}},"173":{"name":"(anonymous_173)","decl":{"start":{"line":366,"column":4},"end":{"line":366,"column":12}},"loc":{"start":{"line":366,"column":12},"end":{"line":366,"column":34}}},"174":{"name":"(anonymous_174)","decl":{"start":{"line":367,"column":4},"end":{"line":367,"column":12}},"loc":{"start":{"line":367,"column":12},"end":{"line":367,"column":34}}},"175":{"name":"(anonymous_175)","decl":{"start":{"line":368,"column":4},"end":{"line":368,"column":13}},"loc":{"start":{"line":368,"column":13},"end":{"line":368,"column":35}}},"176":{"name":"(anonymous_176)","decl":{"start":{"line":369,"column":4},"end":{"line":369,"column":13}},"loc":{"start":{"line":369,"column":13},"end":{"line":369,"column":35}}},"177":{"name":"(anonymous_177)","decl":{"start":{"line":370,"column":4},"end":{"line":370,"column":13}},"loc":{"start":{"line":370,"column":13},"end":{"line":370,"column":35}}},"178":{"name":"(anonymous_178)","decl":{"start":{"line":371,"column":4},"end":{"line":371,"column":13}},"loc":{"start":{"line":371,"column":13},"end":{"line":371,"column":35}}},"179":{"name":"(anonymous_179)","decl":{"start":{"line":372,"column":4},"end":{"line":372,"column":13}},"loc":{"start":{"line":372,"column":13},"end":{"line":372,"column":35}}},"180":{"name":"(anonymous_180)","decl":{"start":{"line":373,"column":4},"end":{"line":373,"column":13}},"loc":{"start":{"line":373,"column":13},"end":{"line":373,"column":35}}},"181":{"name":"(anonymous_181)","decl":{"start":{"line":374,"column":4},"end":{"line":374,"column":13}},"loc":{"start":{"line":374,"column":13},"end":{"line":374,"column":35}}},"182":{"name":"(anonymous_182)","decl":{"start":{"line":375,"column":4},"end":{"line":375,"column":13}},"loc":{"start":{"line":375,"column":13},"end":{"line":375,"column":35}}},"183":{"name":"(anonymous_183)","decl":{"start":{"line":376,"column":4},"end":{"line":376,"column":13}},"loc":{"start":{"line":376,"column":13},"end":{"line":376,"column":35}}},"184":{"name":"(anonymous_184)","decl":{"start":{"line":377,"column":4},"end":{"line":377,"column":13}},"loc":{"start":{"line":377,"column":13},"end":{"line":377,"column":35}}},"185":{"name":"(anonymous_185)","decl":{"start":{"line":378,"column":4},"end":{"line":378,"column":13}},"loc":{"start":{"line":378,"column":13},"end":{"line":378,"column":35}}},"186":{"name":"(anonymous_186)","decl":{"start":{"line":379,"column":4},"end":{"line":379,"column":13}},"loc":{"start":{"line":379,"column":13},"end":{"line":379,"column":35}}},"187":{"name":"(anonymous_187)","decl":{"start":{"line":380,"column":4},"end":{"line":380,"column":13}},"loc":{"start":{"line":380,"column":13},"end":{"line":380,"column":35}}},"188":{"name":"(anonymous_188)","decl":{"start":{"line":381,"column":4},"end":{"line":381,"column":13}},"loc":{"start":{"line":381,"column":13},"end":{"line":381,"column":35}}},"189":{"name":"(anonymous_189)","decl":{"start":{"line":382,"column":4},"end":{"line":382,"column":13}},"loc":{"start":{"line":382,"column":13},"end":{"line":382,"column":35}}},"190":{"name":"(anonymous_190)","decl":{"start":{"line":383,"column":4},"end":{"line":383,"column":13}},"loc":{"start":{"line":383,"column":13},"end":{"line":383,"column":35}}},"191":{"name":"(anonymous_191)","decl":{"start":{"line":384,"column":4},"end":{"line":384,"column":13}},"loc":{"start":{"line":384,"column":13},"end":{"line":384,"column":35}}},"192":{"name":"(anonymous_192)","decl":{"start":{"line":385,"column":4},"end":{"line":385,"column":13}},"loc":{"start":{"line":385,"column":13},"end":{"line":385,"column":35}}},"193":{"name":"(anonymous_193)","decl":{"start":{"line":386,"column":4},"end":{"line":386,"column":13}},"loc":{"start":{"line":386,"column":13},"end":{"line":386,"column":35}}},"194":{"name":"(anonymous_194)","decl":{"start":{"line":387,"column":4},"end":{"line":387,"column":13}},"loc":{"start":{"line":387,"column":13},"end":{"line":387,"column":35}}},"195":{"name":"(anonymous_195)","decl":{"start":{"line":388,"column":4},"end":{"line":388,"column":13}},"loc":{"start":{"line":388,"column":13},"end":{"line":388,"column":35}}},"196":{"name":"(anonymous_196)","decl":{"start":{"line":389,"column":4},"end":{"line":389,"column":13}},"loc":{"start":{"line":389,"column":13},"end":{"line":389,"column":35}}},"197":{"name":"(anonymous_197)","decl":{"start":{"line":390,"column":4},"end":{"line":390,"column":13}},"loc":{"start":{"line":390,"column":13},"end":{"line":390,"column":35}}},"198":{"name":"(anonymous_198)","decl":{"start":{"line":391,"column":4},"end":{"line":391,"column":13}},"loc":{"start":{"line":391,"column":13},"end":{"line":391,"column":35}}},"199":{"name":"(anonymous_199)","decl":{"start":{"line":392,"column":4},"end":{"line":392,"column":13}},"loc":{"start":{"line":392,"column":13},"end":{"line":392,"column":35}}},"200":{"name":"(anonymous_200)","decl":{"start":{"line":393,"column":4},"end":{"line":393,"column":13}},"loc":{"start":{"line":393,"column":13},"end":{"line":393,"column":35}}},"201":{"name":"(anonymous_201)","decl":{"start":{"line":394,"column":4},"end":{"line":394,"column":13}},"loc":{"start":{"line":394,"column":13},"end":{"line":394,"column":35}}},"202":{"name":"(anonymous_202)","decl":{"start":{"line":395,"column":4},"end":{"line":395,"column":13}},"loc":{"start":{"line":395,"column":13},"end":{"line":395,"column":35}}},"203":{"name":"(anonymous_203)","decl":{"start":{"line":396,"column":4},"end":{"line":396,"column":13}},"loc":{"start":{"line":396,"column":13},"end":{"line":396,"column":35}}},"204":{"name":"(anonymous_204)","decl":{"start":{"line":397,"column":4},"end":{"line":397,"column":13}},"loc":{"start":{"line":397,"column":13},"end":{"line":397,"column":35}}},"205":{"name":"(anonymous_205)","decl":{"start":{"line":398,"column":4},"end":{"line":398,"column":13}},"loc":{"start":{"line":398,"column":13},"end":{"line":398,"column":35}}},"206":{"name":"(anonymous_206)","decl":{"start":{"line":399,"column":4},"end":{"line":399,"column":13}},"loc":{"start":{"line":399,"column":13},"end":{"line":399,"column":35}}},"207":{"name":"(anonymous_207)","decl":{"start":{"line":400,"column":4},"end":{"line":400,"column":13}},"loc":{"start":{"line":400,"column":13},"end":{"line":400,"column":35}}},"208":{"name":"(anonymous_208)","decl":{"start":{"line":401,"column":4},"end":{"line":401,"column":13}},"loc":{"start":{"line":401,"column":13},"end":{"line":401,"column":35}}},"209":{"name":"(anonymous_209)","decl":{"start":{"line":402,"column":4},"end":{"line":402,"column":13}},"loc":{"start":{"line":402,"column":13},"end":{"line":402,"column":35}}},"210":{"name":"(anonymous_210)","decl":{"start":{"line":403,"column":4},"end":{"line":403,"column":13}},"loc":{"start":{"line":403,"column":13},"end":{"line":403,"column":35}}},"211":{"name":"(anonymous_211)","decl":{"start":{"line":404,"column":4},"end":{"line":404,"column":13}},"loc":{"start":{"line":404,"column":13},"end":{"line":404,"column":35}}},"212":{"name":"(anonymous_212)","decl":{"start":{"line":405,"column":4},"end":{"line":405,"column":13}},"loc":{"start":{"line":405,"column":13},"end":{"line":405,"column":35}}},"213":{"name":"(anonymous_213)","decl":{"start":{"line":406,"column":4},"end":{"line":406,"column":13}},"loc":{"start":{"line":406,"column":13},"end":{"line":406,"column":35}}},"214":{"name":"(anonymous_214)","decl":{"start":{"line":407,"column":4},"end":{"line":407,"column":13}},"loc":{"start":{"line":407,"column":13},"end":{"line":407,"column":35}}},"215":{"name":"(anonymous_215)","decl":{"start":{"line":408,"column":4},"end":{"line":408,"column":13}},"loc":{"start":{"line":408,"column":13},"end":{"line":408,"column":35}}},"216":{"name":"(anonymous_216)","decl":{"start":{"line":409,"column":4},"end":{"line":409,"column":13}},"loc":{"start":{"line":409,"column":13},"end":{"line":409,"column":35}}},"217":{"name":"(anonymous_217)","decl":{"start":{"line":410,"column":4},"end":{"line":410,"column":13}},"loc":{"start":{"line":410,"column":13},"end":{"line":410,"column":35}}},"218":{"name":"(anonymous_218)","decl":{"start":{"line":411,"column":4},"end":{"line":411,"column":13}},"loc":{"start":{"line":411,"column":13},"end":{"line":411,"column":35}}},"219":{"name":"(anonymous_219)","decl":{"start":{"line":412,"column":4},"end":{"line":412,"column":13}},"loc":{"start":{"line":412,"column":13},"end":{"line":412,"column":35}}},"220":{"name":"(anonymous_220)","decl":{"start":{"line":413,"column":4},"end":{"line":413,"column":13}},"loc":{"start":{"line":413,"column":13},"end":{"line":413,"column":35}}},"221":{"name":"(anonymous_221)","decl":{"start":{"line":414,"column":4},"end":{"line":414,"column":13}},"loc":{"start":{"line":414,"column":13},"end":{"line":414,"column":35}}},"222":{"name":"(anonymous_222)","decl":{"start":{"line":415,"column":4},"end":{"line":415,"column":13}},"loc":{"start":{"line":415,"column":13},"end":{"line":415,"column":35}}},"223":{"name":"(anonymous_223)","decl":{"start":{"line":416,"column":4},"end":{"line":416,"column":13}},"loc":{"start":{"line":416,"column":13},"end":{"line":416,"column":35}}},"224":{"name":"(anonymous_224)","decl":{"start":{"line":417,"column":4},"end":{"line":417,"column":13}},"loc":{"start":{"line":417,"column":13},"end":{"line":417,"column":35}}},"225":{"name":"(anonymous_225)","decl":{"start":{"line":418,"column":4},"end":{"line":418,"column":13}},"loc":{"start":{"line":418,"column":13},"end":{"line":418,"column":35}}},"226":{"name":"(anonymous_226)","decl":{"start":{"line":419,"column":4},"end":{"line":419,"column":13}},"loc":{"start":{"line":419,"column":13},"end":{"line":419,"column":35}}},"227":{"name":"(anonymous_227)","decl":{"start":{"line":420,"column":4},"end":{"line":420,"column":13}},"loc":{"start":{"line":420,"column":13},"end":{"line":420,"column":35}}},"228":{"name":"(anonymous_228)","decl":{"start":{"line":421,"column":4},"end":{"line":421,"column":13}},"loc":{"start":{"line":421,"column":13},"end":{"line":421,"column":35}}},"229":{"name":"(anonymous_229)","decl":{"start":{"line":422,"column":4},"end":{"line":422,"column":13}},"loc":{"start":{"line":422,"column":13},"end":{"line":422,"column":35}}},"230":{"name":"(anonymous_230)","decl":{"start":{"line":423,"column":4},"end":{"line":423,"column":13}},"loc":{"start":{"line":423,"column":13},"end":{"line":423,"column":35}}},"231":{"name":"(anonymous_231)","decl":{"start":{"line":424,"column":4},"end":{"line":424,"column":13}},"loc":{"start":{"line":424,"column":13},"end":{"line":424,"column":35}}},"232":{"name":"(anonymous_232)","decl":{"start":{"line":425,"column":4},"end":{"line":425,"column":13}},"loc":{"start":{"line":425,"column":13},"end":{"line":425,"column":35}}},"233":{"name":"(anonymous_233)","decl":{"start":{"line":426,"column":4},"end":{"line":426,"column":13}},"loc":{"start":{"line":426,"column":13},"end":{"line":426,"column":35}}},"234":{"name":"(anonymous_234)","decl":{"start":{"line":427,"column":4},"end":{"line":427,"column":13}},"loc":{"start":{"line":427,"column":13},"end":{"line":427,"column":35}}},"235":{"name":"(anonymous_235)","decl":{"start":{"line":428,"column":4},"end":{"line":428,"column":13}},"loc":{"start":{"line":428,"column":13},"end":{"line":428,"column":35}}},"236":{"name":"(anonymous_236)","decl":{"start":{"line":429,"column":4},"end":{"line":429,"column":13}},"loc":{"start":{"line":429,"column":13},"end":{"line":429,"column":35}}},"237":{"name":"(anonymous_237)","decl":{"start":{"line":430,"column":4},"end":{"line":430,"column":13}},"loc":{"start":{"line":430,"column":13},"end":{"line":430,"column":35}}},"238":{"name":"(anonymous_238)","decl":{"start":{"line":431,"column":4},"end":{"line":431,"column":13}},"loc":{"start":{"line":431,"column":13},"end":{"line":431,"column":35}}},"239":{"name":"(anonymous_239)","decl":{"start":{"line":432,"column":4},"end":{"line":432,"column":13}},"loc":{"start":{"line":432,"column":13},"end":{"line":432,"column":35}}},"240":{"name":"(anonymous_240)","decl":{"start":{"line":433,"column":4},"end":{"line":433,"column":13}},"loc":{"start":{"line":433,"column":13},"end":{"line":433,"column":35}}},"241":{"name":"(anonymous_241)","decl":{"start":{"line":434,"column":4},"end":{"line":434,"column":13}},"loc":{"start":{"line":434,"column":13},"end":{"line":434,"column":35}}},"242":{"name":"(anonymous_242)","decl":{"start":{"line":435,"column":4},"end":{"line":435,"column":13}},"loc":{"start":{"line":435,"column":13},"end":{"line":435,"column":35}}},"243":{"name":"(anonymous_243)","decl":{"start":{"line":436,"column":4},"end":{"line":436,"column":13}},"loc":{"start":{"line":436,"column":13},"end":{"line":436,"column":35}}},"244":{"name":"(anonymous_244)","decl":{"start":{"line":437,"column":4},"end":{"line":437,"column":13}},"loc":{"start":{"line":437,"column":13},"end":{"line":437,"column":35}}},"245":{"name":"(anonymous_245)","decl":{"start":{"line":438,"column":4},"end":{"line":438,"column":13}},"loc":{"start":{"line":438,"column":13},"end":{"line":438,"column":35}}},"246":{"name":"(anonymous_246)","decl":{"start":{"line":439,"column":4},"end":{"line":439,"column":13}},"loc":{"start":{"line":439,"column":13},"end":{"line":439,"column":35}}},"247":{"name":"(anonymous_247)","decl":{"start":{"line":440,"column":4},"end":{"line":440,"column":13}},"loc":{"start":{"line":440,"column":13},"end":{"line":440,"column":35}}},"248":{"name":"(anonymous_248)","decl":{"start":{"line":441,"column":4},"end":{"line":441,"column":13}},"loc":{"start":{"line":441,"column":13},"end":{"line":441,"column":35}}},"249":{"name":"(anonymous_249)","decl":{"start":{"line":442,"column":4},"end":{"line":442,"column":13}},"loc":{"start":{"line":442,"column":13},"end":{"line":442,"column":35}}},"250":{"name":"(anonymous_250)","decl":{"start":{"line":443,"column":4},"end":{"line":443,"column":13}},"loc":{"start":{"line":443,"column":13},"end":{"line":443,"column":35}}},"251":{"name":"(anonymous_251)","decl":{"start":{"line":444,"column":4},"end":{"line":444,"column":13}},"loc":{"start":{"line":444,"column":13},"end":{"line":444,"column":35}}},"252":{"name":"(anonymous_252)","decl":{"start":{"line":445,"column":4},"end":{"line":445,"column":13}},"loc":{"start":{"line":445,"column":13},"end":{"line":445,"column":35}}},"253":{"name":"(anonymous_253)","decl":{"start":{"line":446,"column":4},"end":{"line":446,"column":13}},"loc":{"start":{"line":446,"column":13},"end":{"line":446,"column":35}}},"254":{"name":"(anonymous_254)","decl":{"start":{"line":447,"column":4},"end":{"line":447,"column":13}},"loc":{"start":{"line":447,"column":13},"end":{"line":447,"column":35}}},"255":{"name":"(anonymous_255)","decl":{"start":{"line":448,"column":4},"end":{"line":448,"column":13}},"loc":{"start":{"line":448,"column":13},"end":{"line":448,"column":35}}},"256":{"name":"(anonymous_256)","decl":{"start":{"line":449,"column":4},"end":{"line":449,"column":13}},"loc":{"start":{"line":449,"column":13},"end":{"line":449,"column":35}}},"257":{"name":"(anonymous_257)","decl":{"start":{"line":450,"column":4},"end":{"line":450,"column":13}},"loc":{"start":{"line":450,"column":13},"end":{"line":450,"column":35}}},"258":{"name":"(anonymous_258)","decl":{"start":{"line":451,"column":4},"end":{"line":451,"column":13}},"loc":{"start":{"line":451,"column":13},"end":{"line":451,"column":35}}},"259":{"name":"(anonymous_259)","decl":{"start":{"line":452,"column":4},"end":{"line":452,"column":13}},"loc":{"start":{"line":452,"column":13},"end":{"line":452,"column":35}}},"260":{"name":"(anonymous_260)","decl":{"start":{"line":453,"column":4},"end":{"line":453,"column":13}},"loc":{"start":{"line":453,"column":13},"end":{"line":453,"column":35}}},"261":{"name":"(anonymous_261)","decl":{"start":{"line":454,"column":4},"end":{"line":454,"column":13}},"loc":{"start":{"line":454,"column":13},"end":{"line":454,"column":35}}},"262":{"name":"(anonymous_262)","decl":{"start":{"line":455,"column":4},"end":{"line":455,"column":13}},"loc":{"start":{"line":455,"column":13},"end":{"line":455,"column":35}}},"263":{"name":"(anonymous_263)","decl":{"start":{"line":456,"column":4},"end":{"line":456,"column":13}},"loc":{"start":{"line":456,"column":13},"end":{"line":456,"column":35}}},"264":{"name":"(anonymous_264)","decl":{"start":{"line":457,"column":4},"end":{"line":457,"column":13}},"loc":{"start":{"line":457,"column":13},"end":{"line":457,"column":35}}},"265":{"name":"(anonymous_265)","decl":{"start":{"line":458,"column":4},"end":{"line":458,"column":13}},"loc":{"start":{"line":458,"column":13},"end":{"line":458,"column":35}}},"266":{"name":"(anonymous_266)","decl":{"start":{"line":459,"column":4},"end":{"line":459,"column":13}},"loc":{"start":{"line":459,"column":13},"end":{"line":459,"column":35}}},"267":{"name":"(anonymous_267)","decl":{"start":{"line":460,"column":4},"end":{"line":460,"column":13}},"loc":{"start":{"line":460,"column":13},"end":{"line":460,"column":35}}},"268":{"name":"(anonymous_268)","decl":{"start":{"line":461,"column":4},"end":{"line":461,"column":13}},"loc":{"start":{"line":461,"column":13},"end":{"line":461,"column":35}}},"269":{"name":"(anonymous_269)","decl":{"start":{"line":462,"column":4},"end":{"line":462,"column":13}},"loc":{"start":{"line":462,"column":13},"end":{"line":462,"column":35}}},"270":{"name":"(anonymous_270)","decl":{"start":{"line":463,"column":4},"end":{"line":463,"column":13}},"loc":{"start":{"line":463,"column":13},"end":{"line":463,"column":35}}},"271":{"name":"(anonymous_271)","decl":{"start":{"line":464,"column":4},"end":{"line":464,"column":13}},"loc":{"start":{"line":464,"column":13},"end":{"line":464,"column":35}}},"272":{"name":"(anonymous_272)","decl":{"start":{"line":465,"column":4},"end":{"line":465,"column":13}},"loc":{"start":{"line":465,"column":13},"end":{"line":465,"column":35}}},"273":{"name":"(anonymous_273)","decl":{"start":{"line":466,"column":4},"end":{"line":466,"column":13}},"loc":{"start":{"line":466,"column":13},"end":{"line":466,"column":35}}},"274":{"name":"(anonymous_274)","decl":{"start":{"line":467,"column":4},"end":{"line":467,"column":13}},"loc":{"start":{"line":467,"column":13},"end":{"line":467,"column":35}}},"275":{"name":"(anonymous_275)","decl":{"start":{"line":468,"column":4},"end":{"line":468,"column":13}},"loc":{"start":{"line":468,"column":13},"end":{"line":468,"column":35}}},"276":{"name":"(anonymous_276)","decl":{"start":{"line":469,"column":4},"end":{"line":469,"column":13}},"loc":{"start":{"line":469,"column":13},"end":{"line":469,"column":35}}},"277":{"name":"(anonymous_277)","decl":{"start":{"line":470,"column":4},"end":{"line":470,"column":13}},"loc":{"start":{"line":470,"column":13},"end":{"line":470,"column":35}}},"278":{"name":"(anonymous_278)","decl":{"start":{"line":471,"column":4},"end":{"line":471,"column":13}},"loc":{"start":{"line":471,"column":13},"end":{"line":471,"column":35}}},"279":{"name":"(anonymous_279)","decl":{"start":{"line":472,"column":4},"end":{"line":472,"column":13}},"loc":{"start":{"line":472,"column":13},"end":{"line":472,"column":35}}},"280":{"name":"(anonymous_280)","decl":{"start":{"line":473,"column":4},"end":{"line":473,"column":13}},"loc":{"start":{"line":473,"column":13},"end":{"line":473,"column":35}}},"281":{"name":"(anonymous_281)","decl":{"start":{"line":474,"column":4},"end":{"line":474,"column":13}},"loc":{"start":{"line":474,"column":13},"end":{"line":474,"column":35}}},"282":{"name":"(anonymous_282)","decl":{"start":{"line":475,"column":4},"end":{"line":475,"column":13}},"loc":{"start":{"line":475,"column":13},"end":{"line":475,"column":35}}},"283":{"name":"(anonymous_283)","decl":{"start":{"line":476,"column":4},"end":{"line":476,"column":13}},"loc":{"start":{"line":476,"column":13},"end":{"line":476,"column":35}}},"284":{"name":"(anonymous_284)","decl":{"start":{"line":477,"column":4},"end":{"line":477,"column":13}},"loc":{"start":{"line":477,"column":13},"end":{"line":477,"column":35}}},"285":{"name":"(anonymous_285)","decl":{"start":{"line":478,"column":4},"end":{"line":478,"column":13}},"loc":{"start":{"line":478,"column":13},"end":{"line":478,"column":35}}},"286":{"name":"(anonymous_286)","decl":{"start":{"line":479,"column":4},"end":{"line":479,"column":13}},"loc":{"start":{"line":479,"column":13},"end":{"line":479,"column":35}}},"287":{"name":"(anonymous_287)","decl":{"start":{"line":480,"column":4},"end":{"line":480,"column":13}},"loc":{"start":{"line":480,"column":13},"end":{"line":480,"column":35}}},"288":{"name":"(anonymous_288)","decl":{"start":{"line":481,"column":4},"end":{"line":481,"column":13}},"loc":{"start":{"line":481,"column":13},"end":{"line":481,"column":35}}},"289":{"name":"(anonymous_289)","decl":{"start":{"line":482,"column":4},"end":{"line":482,"column":13}},"loc":{"start":{"line":482,"column":13},"end":{"line":482,"column":35}}},"290":{"name":"(anonymous_290)","decl":{"start":{"line":483,"column":4},"end":{"line":483,"column":13}},"loc":{"start":{"line":483,"column":13},"end":{"line":483,"column":35}}},"291":{"name":"(anonymous_291)","decl":{"start":{"line":484,"column":4},"end":{"line":484,"column":13}},"loc":{"start":{"line":484,"column":13},"end":{"line":484,"column":35}}},"292":{"name":"(anonymous_292)","decl":{"start":{"line":485,"column":4},"end":{"line":485,"column":13}},"loc":{"start":{"line":485,"column":13},"end":{"line":485,"column":35}}},"293":{"name":"(anonymous_293)","decl":{"start":{"line":486,"column":4},"end":{"line":486,"column":13}},"loc":{"start":{"line":486,"column":13},"end":{"line":486,"column":35}}},"294":{"name":"(anonymous_294)","decl":{"start":{"line":487,"column":4},"end":{"line":487,"column":13}},"loc":{"start":{"line":487,"column":13},"end":{"line":487,"column":35}}},"295":{"name":"(anonymous_295)","decl":{"start":{"line":488,"column":4},"end":{"line":488,"column":13}},"loc":{"start":{"line":488,"column":13},"end":{"line":488,"column":35}}},"296":{"name":"(anonymous_296)","decl":{"start":{"line":489,"column":4},"end":{"line":489,"column":13}},"loc":{"start":{"line":489,"column":13},"end":{"line":489,"column":35}}},"297":{"name":"(anonymous_297)","decl":{"start":{"line":490,"column":4},"end":{"line":490,"column":13}},"loc":{"start":{"line":490,"column":13},"end":{"line":490,"column":35}}},"298":{"name":"(anonymous_298)","decl":{"start":{"line":491,"column":4},"end":{"line":491,"column":13}},"loc":{"start":{"line":491,"column":13},"end":{"line":491,"column":35}}},"299":{"name":"(anonymous_299)","decl":{"start":{"line":492,"column":4},"end":{"line":492,"column":13}},"loc":{"start":{"line":492,"column":13},"end":{"line":492,"column":35}}},"300":{"name":"(anonymous_300)","decl":{"start":{"line":493,"column":4},"end":{"line":493,"column":13}},"loc":{"start":{"line":493,"column":13},"end":{"line":493,"column":35}}},"301":{"name":"(anonymous_301)","decl":{"start":{"line":4
[...]
:{"start":{"line":182,"column":28},"end":{"line":182,"column":44}},"line":182},"103":{"name":"businessLogic_91","decl":{"start":{"line":183,"column":9},"end":{"line":183,"column":25}},"loc":{"start":{"line":183,"column":28},"end":{"line":183,"column":44}},"line":183},"104":{"name":"businessLogic_92","decl":{"start":{"line":184,"column":9},"end":{"line":184,"column":25}},"loc":{"start":{"line":184,"column":28},"end":{"line":184,"column":44}},"line":184},"105":{"name":"businessLogic_93","decl":{"start":{"line":185,"column":9},"end":{"line":185,"column":25}},"loc":{"start":{"line":185,"column":28},"end":{"line":185,"column":44}},"line":185},"106":{"name":"businessLogic_94","decl":{"start":{"line":186,"column":9},"end":{"line":186,"column":25}},"loc":{"start":{"line":186,"column":28},"end":{"line":186,"column":44}},"line":186},"107":{"name":"businessLogic_95","decl":{"start":{"line":187,"column":9},"end":{"line":187,"column":25}},"loc":{"start":{"line":187,"column":28},"end":{"line":187,"column":44}},"line":187},"108":{"name":"businessLogic_96","decl":{"start":{"line":188,"column":9},"end":{"line":188,"column":25}},"loc":{"start":{"line":188,"column":28},"end":{"line":188,"column":44}},"line":188},"109":{"name":"businessLogic_97","decl":{"start":{"line":189,"column":9},"end":{"line":189,"column":25}},"loc":{"start":{"line":189,"column":28},"end":{"line":189,"column":44}},"line":189},"110":{"name":"businessLogic_98","decl":{"start":{"line":190,"column":9},"end":{"line":190,"column":25}},"loc":{"start":{"line":190,"column":28},"end":{"line":190,"column":44}},"line":190},"111":{"name":"businessLogic_99","decl":{"start":{"line":191,"column":9},"end":{"line":191,"column":25}},"loc":{"start":{"line":191,"column":28},"end":{"line":191,"column":44}},"line":191},"112":{"name":"businessLogic_100","decl":{"start":{"line":192,"column":9},"end":{"line":192,"column":26}},"loc":{"start":{"line":192,"column":29},"end":{"line":192,"column":45}},"line":192},"113":{"name":"businessLogic_101","decl":{"start":{"line":193,"column":9},"end":{"line":193,"column":26}},"loc":{"start":{"line":193,"column":29},"end":{"line":193,"column":45}},"line":193},"114":{"name":"businessLogic_102","decl":{"start":{"line":194,"column":9},"end":{"line":194,"column":26}},"loc":{"start":{"line":194,"column":29},"end":{"line":194,"column":45}},"line":194},"115":{"name":"businessLogic_103","decl":{"start":{"line":195,"column":9},"end":{"line":195,"column":26}},"loc":{"start":{"line":195,"column":29},"end":{"line":195,"column":45}},"line":195},"116":{"name":"businessLogic_104","decl":{"start":{"line":196,"column":9},"end":{"line":196,"column":26}},"loc":{"start":{"line":196,"column":29},"end":{"line":196,"column":45}},"line":196},"117":{"name":"businessLogic_105","decl":{"start":{"line":197,"column":9},"end":{"line":197,"column":26}},"loc":{"start":{"line":197,"column":29},"end":{"line":197,"column":45}},"line":197},"118":{"name":"businessLogic_106","decl":{"start":{"line":198,"column":9},"end":{"line":198,"column":26}},"loc":{"start":{"line":198,"column":29},"end":{"line":198,"column":45}},"line":198},"119":{"name":"businessLogic_107","decl":{"start":{"line":199,"column":9},"end":{"line":199,"column":26}},"loc":{"start":{"line":199,"column":29},"end":{"line":199,"column":45}},"line":199},"120":{"name":"businessLogic_108","decl":{"start":{"line":200,"column":9},"end":{"line":200,"column":26}},"loc":{"start":{"line":200,"column":29},"end":{"line":200,"column":45}},"line":200},"121":{"name":"businessLogic_109","decl":{"start":{"line":201,"column":9},"end":{"line":201,"column":26}},"loc":{"start":{"line":201,"column":29},"end":{"line":201,"column":45}},"line":201},"122":{"name":"businessLogic_110","decl":{"start":{"line":202,"column":9},"end":{"line":202,"column":26}},"loc":{"start":{"line":202,"column":29},"end":{"line":202,"column":45}},"line":202},"123":{"name":"businessLogic_111","decl":{"start":{"line":203,"column":9},"end":{"line":203,"column":26}},"loc":{"start":{"line":203,"column":29},"end":{"line":203,"column":45}},"line":203},"124":{"name":"businessLogic_112","decl":{"start":{"line":204,"column":9},"end":{"line":204,"column":26}},"loc":{"start":{"line":204,"column":29},"end":{"line":204,"column":45}},"line":204},"125":{"name":"businessLogic_113","decl":{"start":{"line":205,"column":9},"end":{"line":205,"column":26}},"loc":{"start":{"line":205,"column":29},"end":{"line":205,"column":45}},"line":205},"126":{"name":"businessLogic_114","decl":{"start":{"line":206,"column":9},"end":{"line":206,"column":26}},"loc":{"start":{"line":206,"column":29},"end":{"line":206,"column":45}},"line":206},"127":{"name":"businessLogic_115","decl":{"start":{"line":207,"column":9},"end":{"line":207,"column":26}},"loc":{"start":{"line":207,"column":29},"end":{"line":207,"column":45}},"line":207},"128":{"name":"businessLogic_116","decl":{"start":{"line":208,"column":9},"end":{"line":208,"column":26}},"loc":{"start":{"line":208,"column":29},"end":{"line":208,"column":45}},"line":208},"129":{"name":"businessLogic_117","decl":{"start":{"line":209,"column":9},"end":{"line":209,"column":26}},"loc":{"start":{"line":209,"column":29},"end":{"line":209,"column":45}},"line":209},"130":{"name":"businessLogic_118","decl":{"start":{"line":210,"column":9},"end":{"line":210,"column":26}},"loc":{"start":{"line":210,"column":29},"end":{"line":210,"column":45}},"line":210},"131":{"name":"businessLogic_119","decl":{"start":{"line":211,"column":9},"end":{"line":211,"column":26}},"loc":{"start":{"line":211,"column":29},"end":{"line":211,"column":45}},"line":211},"132":{"name":"businessLogic_120","decl":{"start":{"line":212,"column":9},"end":{"line":212,"column":26}},"loc":{"start":{"line":212,"column":29},"end":{"line":212,"column":45}},"line":212},"133":{"name":"businessLogic_121","decl":{"start":{"line":213,"column":9},"end":{"line":213,"column":26}},"loc":{"start":{"line":213,"column":29},"end":{"line":213,"column":45}},"line":213},"134":{"name":"businessLogic_122","decl":{"start":{"line":214,"column":9},"end":{"line":214,"column":26}},"loc":{"start":{"line":214,"column":29},"end":{"line":214,"column":45}},"line":214},"135":{"name":"businessLogic_123","decl":{"start":{"line":215,"column":9},"end":{"line":215,"column":26}},"loc":{"start":{"line":215,"column":29},"end":{"line":215,"column":45}},"line":215},"136":{"name":"businessLogic_124","decl":{"start":{"line":216,"column":9},"end":{"line":216,"column":26}},"loc":{"start":{"line":216,"column":29},"end":{"line":216,"column":45}},"line":216},"137":{"name":"businessLogic_125","decl":{"start":{"line":217,"column":9},"end":{"line":217,"column":26}},"loc":{"start":{"line":217,"column":29},"end":{"line":217,"column":45}},"line":217},"138":{"name":"businessLogic_126","decl":{"start":{"line":218,"column":9},"end":{"line":218,"column":26}},"loc":{"start":{"line":218,"column":29},"end":{"line":218,"column":45}},"line":218},"139":{"name":"businessLogic_127","decl":{"start":{"line":219,"column":9},"end":{"line":219,"column":26}},"loc":{"start":{"line":219,"column":29},"end":{"line":219,"column":45}},"line":219},"140":{"name":"businessLogic_128","decl":{"start":{"line":220,"column":9},"end":{"line":220,"column":26}},"loc":{"start":{"line":220,"column":29},"end":{"line":220,"column":45}},"line":220},"141":{"name":"businessLogic_129","decl":{"start":{"line":221,"column":9},"end":{"line":221,"column":26}},"loc":{"start":{"line":221,"column":29},"end":{"line":221,"column":45}},"line":221},"142":{"name":"businessLogic_130","decl":{"start":{"line":222,"column":9},"end":{"line":222,"column":26}},"loc":{"start":{"line":222,"column":29},"end":{"line":222,"column":45}},"line":222},"143":{"name":"businessLogic_131","decl":{"start":{"line":223,"column":9},"end":{"line":223,"column":26}},"loc":{"start":{"line":223,"column":29},"end":{"line":223,"column":45}},"line":223},"144":{"name":"businessLogic_132","decl":{"start":{"line":224,"column":9},"end":{"line":224,"column":26}},"loc":{"start":{"line":224,"column":29},"end":{"line":224,"column":45}},"line":224},"145":{"name":"businessLogic_133","decl":{"start":{"line":225,"column":9},"end":{"line":225,"column":26}},"loc":{"start":{"line":225,"column":29},"end":{"line":225,"column":45}},"line":225},"146":{"name":"businessLogic_134","decl":{"start":{"line":226,"column":9},"end":{"line":226,"column":26}},"loc":{"start":{"line":226,"column":29},"end":{"line":226,"column":45}},"line":226},"147":{"name":"businessLogic_135","decl":{"start":{"line":227,"column":9},"end":{"line":227,"column":26}},"loc":{"start":{"line":227,"column":29},"end":{"line":227,"column":45}},"line":227},"148":{"name":"businessLogic_136","decl":{"start":{"line":228,"column":9},"end":{"line":228,"column":26}},"loc":{"start":{"line":228,"column":29},"end":{"line":228,"column":45}},"line":228},"149":{"name":"businessLogic_137","decl":{"start":{"line":229,"column":9},"end":{"line":229,"column":26}},"loc":{"start":{"line":229,"column":29},"end":{"line":229,"column":45}},"line":229},"150":{"name":"businessLogic_138","decl":{"start":{"line":230,"column":9},"end":{"line":230,"column":26}},"loc":{"start":{"line":230,"column":29},"end":{"line":230,"column":45}},"line":230},"151":{"name":"businessLogic_139","decl":{"start":{"line":231,"column":9},"end":{"line":231,"column":26}},"loc":{"start":{"line":231,"column":29},"end":{"line":231,"column":45}},"line":231},"152":{"name":"businessLogic_140","decl":{"start":{"line":232,"column":9},"end":{"line":232,"column":26}},"loc":{"start":{"line":232,"column":29},"end":{"line":232,"column":45}},"line":232},"153":{"name":"businessLogic_141","decl":{"start":{"line":233,"column":9},"end":{"line":233,"column":26}},"loc":{"start":{"line":233,"column":29},"end":{"line":233,"column":45}},"line":233},"154":{"name":"businessLogic_142","decl":{"start":{"line":234,"column":9},"end":{"line":234,"column":26}},"loc":{"start":{"line":234,"column":29},"end":{"line":234,"column":45}},"line":234},"155":{"name":"businessLogic_143","decl":{"start":{"line":235,"column":9},"end":{"line":235,"column":26}},"loc":{"start":{"line":235,"column":29},"end":{"line":235,"column":45}},"line":235},"156":{"name":"businessLogic_144","decl":{"start":{"line":236,"column":9},"end":{"line":236,"column":26}},"loc":{"start":{"line":236,"column":29},"end":{"line":236,"column":45}},"line":236},"157":{"name":"businessLogic_145","decl":{"start":{"line":237,"column":9},"end":{"line":237,"column":26}},"loc":{"start":{"line":237,"column":29},"end":{"line":237,"column":45}},"line":237},"158":{"name":"businessLogic_146","decl":{"start":{"line":238,"column":9},"end":{"line":238,"column":26}},"loc":{"start":{"line":238,"column":29},"end":{"line":238,"column":45}},"line":238},"159":{"name":"businessLogic_147","decl":{"start":{"line":239,"column":9},"end":{"line":239,"column":26}},"loc":{"start":{"line":239,"column":29},"end":{"line":239,"column":45}},"line":239},"160":{"name":"businessLogic_148","decl":{"start":{"line":240,"column":9},"end":{"line":240,"column":26}},"loc":{"start":{"line":240,"column":29},"end":{"line":240,"column":45}},"line":240},"161":{"name":"businessLogic_149","decl":{"start":{"line":241,"column":9},"end":{"line":241,"column":26}},"loc":{"start":{"line":241,"column":29},"end":{"line":241,"column":45}},"line":241},"162":{"name":"businessLogic_150","decl":{"start":{"line":242,"column":9},"end":{"line":242,"column":26}},"loc":{"start":{"line":242,"column":29},"end":{"line":242,"column":45}},"line":242},"163":{"name":"businessLogic_151","decl":{"start":{"line":243,"column":9},"end":{"line":243,"column":26}},"loc":{"start":{"line":243,"column":29},"end":{"line":243,"column":45}},"line":243},"164":{"name":"businessLogic_152","decl":{"start":{"line":244,"column":9},"end":{"line":244,"column":26}},"loc":{"start":{"line":244,"column":29},"end":{"line":244,"column":45}},"line":244},"165":{"name":"businessLogic_153","decl":{"start":{"line":245,"column":9},"end":{"line":245,"column":26}},"loc":{"start":{"line":245,"column":29},"end":{"line":245,"column":45}},"line":245},"166":{"name":"businessLogic_154","decl":{"start":{"line":246,"column":9},"end":{"line":246,"column":26}},"loc":{"start":{"line":246,"column":29},"end":{"line":246,"column":45}},"line":246},"167":{"name":"businessLogic_155","decl":{"start":{"line":247,"column":9},"end":{"line":247,"column":26}},"loc":{"start":{"line":247,"column":29},"end":{"line":247,"column":45}},"line":247},"168":{"name":"businessLogic_156","decl":{"start":{"line":248,"column":9},"end":{"line":248,"column":26}},"loc":{"start":{"line":248,"column":29},"end":{"line":248,"column":45}},"line":248},"169":{"name":"businessLogic_157","decl":{"start":{"line":249,"column":9},"end":{"line":249,"column":26}},"loc":{"start":{"line":249,"column":29},"end":{"line":249,"column":45}},"line":249},"170":{"name":"businessLogic_158","decl":{"start":{"line":250,"column":9},"end":{"line":250,"column":26}},"loc":{"start":{"line":250,"column":29},"end":{"line":250,"column":45}},"line":250},"171":{"name":"businessLogic_159","decl":{"start":{"line":251,"column":9},"end":{"line":251,"column":26}},"loc":{"start":{"line":251,"column":29},"end":{"line":251,"column":45}},"line":251},"172":{"name":"businessLogic_160","decl":{"start":{"line":252,"column":9},"end":{"line":252,"column":26}},"loc":{"start":{"line":252,"column":29},"end":{"line":252,"column":45}},"line":252},"173":{"name":"businessLogic_161","decl":{"start":{"line":253,"column":9},"end":{"line":253,"column":26}},"loc":{"start":{"line":253,"column":29},"end":{"line":253,"column":45}},"line":253},"174":{"name":"businessLogic_162","decl":{"start":{"line":254,"column":9},"end":{"line":254,"column":26}},"loc":{"start":{"line":254,"column":29},"end":{"line":254,"column":45}},"line":254},"175":{"name":"businessLogic_163","decl":{"start":{"line":255,"column":9},"end":{"line":255,"column":26}},"loc":{"start":{"line":255,"column":29},"end":{"line":255,"column":45}},"line":255},"176":{"name":"businessLogic_164","decl":{"start":{"line":256,"column":9},"end":{"line":256,"column":26}},"loc":{"start":{"line":256,"column":29},"end":{"line":256,"column":45}},"line":256}},"branchMap":{"0":{"loc":{"start":{"line":6,"column":4},"end":{"line":6,"column":36}},"type":"if","locations":[{"start":{"line":6,"column":4},"end":{"line":6,"column":36}},{"start":{},"end":{}}],"line":6},"1":{"loc":{"start":{"line":8,"column":4},"end":{"line":8,"column":49}},"type":"if","locations":[{"start":{"line":8,"column":4},"end":{"line":8,"column":49}},{"start":{},"end":{}}],"line":8},"2":{"loc":{"start":{"line":14,"column":4},"end":{"line":14,"column":46}},"type":"if","locations":[{"start":{"line":14,"column":4},"end":{"line":14,"column":46}},{"start":{},"end":{}}],"line":14},"3":{"loc":{"start":{"line":15,"column":4},"end":{"line":15,"column":40}},"type":"if","locations":[{"start":{"line":15,"column":4},"end":{"line":15,"column":40}},{"start":{},"end":{}}],"line":15},"4":{"loc":{"start":{"line":25,"column":11},"end":{"line":25,"column":69}},"type":"binary-expr","locations":[{"start":{"line":25,"column":12},"end":{"line":25,"column":26}},{"start":{"line":25,"column":30},"end":{"line":25,"column":46}},{"start":{"line":25,"column":52},"end":{"line":25,"column":68}}],"line":25},"5":{"loc":{"start":{"line":42,"column":38},"end":{"line":42,"column":56}},"type":"cond-expr","locations":[{"start":{"line":42,"column":50},"end":{"line":42,"column":52}},{"start":{"line":42,"column":55},"end":{"line":42,"column":56}}],"line":42},"6":{"loc":{"start":{"line":59,"column":4},"end":{"line":59,"column":44}},"type":"if","locations":[{"start":{"line":59,"column":4},"end":{"line":59,"column":44}},{"start":{},"end":{}}],"line":59},"7":{"loc":{"start":{"line":60,"column":4},"end":{"line":60,"column":47}},"type":"if","locations":[{"start":{"line":60,"column":4},"end":{"line":60,"column":47}},{"start":{},"end":{}}],"line":60},"8":{"loc":{"start":{"line":61,"column":4},"end":{"line":61,"column":53}},"type":"if","locations":[{"start":{"line":61,"column":4},"end":{"line":61,"column":53}},{"start":{},"end":{}}],"line":61},"9":{"loc":{"start":{"line":67,"column":11},"end":{"line":67,"column":41}},"type":"binary-expr","locations":[{"start":{"line":67,"column":11},"end":{"line":67,"column":28}},{"start":{"line":67,"column":32},"end":{"line":67,"column":41}}],"line":67},"10":{"loc":{"start":{"line":82,"column":11},"end":{"line":82,"column":33}},"type":"binary-expr","locations":[{"start":{"line":82,"column":11},"end":{"line":82,"column":20}},{"start":{"line":82,"column":24},"end":{"line":82,"column":33}}],"line":82},"11":{"loc":{"start":{"line":87,"column":11},"end":{"line":87,"column":68}},"type":"cond-expr","locations":[{"start":{"line":87,"column":31},"end":{"line":87,"column":46}},{"start":{"line":87,"column":49},"end":{"line":87,"column":68}}],"line":87}},"s":{"0":4,"1":2,"2":2,"3":2,"4":1,"5":1,"6":1,"7":1,"8":1,"9":1,"10":1,"11":1,"12":1,"13":3,"14":4,"15":2,"16":2,"17":2,"18":1,"19":1,"20":2,"21":2,"22":2,"23":2,"24":1,"25":1,"26":5,"27":5,"28":5,"29":5,"30":5,"31":5,"32":5,"33":5,"34":0,"35":0,"36":0,"37":0,"38":0,"39":2,"40":2,"41":1,"42":4,"43":4,"44":3,"45":3,"46":3,"47":2,"48":2,"49":0,"50":0,"51":0,"52":0,"53":0,"54":0,"55":0,"56":0,"57":0,"58":0,"59":0,"60":0,"61":0,"62":0,"63":0,"64":0,"65":0,"66":0,"67":0,"68":0,"69":0,"70":0,"71":0,"72":0,"73":0,"74":0,"75":0,"76":0,"77":0,"78":0,"79":0,"80":0,"81":0,"82":0,"83":0,"84":0,"85":0,"86":0,"87":0,"88":0,"89":0,"90":0,"91":0,"92":0,"93":0,"94":0,"95":0,"96":0,"97":0,"98":0,"99":0,"100":0,"101":0,"102":0,"103":0,"104":0,"105":0,"106":0,"107":0,"108":0,"109":0,"110":0,"111":0,"112":0,"113":0,"114":0,"115":0,"116":0,"117":0,"118":0,"119":0,"120":0,"121":0,"122":0,"123":0,"124":0,"125":0,"126":0,"127":0,"128":0,"129":0,"130":0,"131":0,"132":0,"133":0,"134":0,"135":0,"136":0,"137":0,"138":0,"139":0,"140":0,"141":0,"142":0,"143":0,"144":0,"145":0,"146":0,"147":0,"148":0,"149":0,"150":0,"151":0,"152":0,"153":0,"154":0,"155":0,"156":0,"157":0,"158":0,"159":0,"160":0,"161":0,"162":0,"163":0,"164":0,"165":0,"166":0,"167":0,"168":0,"169":0,"170":0,"171":0,"172":0,"173":0,"174":0,"175":0,"176":0,"177":0,"178":0,"179":0,"180":0,"181":0,"182":0,"183":0,"184":0,"185":0,"186":0,"187":0,"188":0,"189":0,"190":0,"191":0,"192":0,"193":0,"194":0,"195":0,"196":0,"197":0,"198":0,"199":0,"200":0,"201":0,"202":0,"203":0,"204":0,"205":0,"206":0,"207":0,"208":0,"209":0,"210":0,"211":0,"212":0,"213":1},"f":{"0":4,"1":3,"2":4,"3":2,"4":1,"5":2,"6":1,"7":5,"8":2,"9":1,"10":4,"11":3,"12":2,"13":0,"14":0,"15":0,"16":0,"17":0,"18":0,"19":0,"20":0,"21":0,"22":0,"23":0,"24":0,"25":0,"26":0,"27":0,"28":0,"29":0,"30":0,"31":0,"32":0,"33":0,"34":0,"35":0,"36":0,"37":0,"38":0,"39":0,"40":0,"41":0,"42":0,"43":0,"44":0,"45":0,"46":0,"47":0,"48":0,"49":0,"50":0,"51":0,"52":0,"53":0,"54":0,"55":0,"56":0,"57":0,"58":0,"59":0,"60":0,"61":0,"62":0,"63":0,"64":0,"65":0,"66":0,"67":0,"68":0,"69":0,"70":0,"71":0,"72":0,"73":0,"74":0,"75":0,"76":0,"77":0,"78":0,"79":0,"80":0,"81":0,"82":0,"83":0,"84":0,"85":0,"86":0,"87":0,"88":0,"89":0,"90":0,"91":0,"92":0,"93":0,"94":0,"95":0,"96":0,"97":0,"98":0,"99":0,"100":0,"101":0,"102":0,"103":0,"104":0,"105":0,"106":0,"107":0,"108":0,"109":0,"110":0,"111":0,"112":0,"113":0,"114":0,"115":0,"116":0,"117":0,"118":0,"119":0,"120":0,"121":0,"122":0,"123":0,"124":0,"125":0,"126":0,"127":0,"128":0,"129":0,"130":0,"131":0,"132":0,"133":0,"134":0,"135":0,"136":0,"137":0,"138":0,"139":0,"140":0,"141":0,"142":0,"143":0,"144":0,"145":0,"146":0,"147":0,"148":0,"149":0,"150":0,"151":0,"152":0,"153":0,"154":0,"155":0,"156":0,"157":0,"158":0,"159":0,"160":0,"161":0,"162":0,"163":0,"164":0,"165":0,"166":0,"167":0,"168":0,"169":0,"170":0,"171":0,"172":0,"173":0,"174":0,"175":0,"176":0},"b":{"0":[2,2],"1":[1,1],"2":[1,0],"3":[1,0],"4":[4,2,3],"5":[0,2],"6":[5,0],"7":[0,0],"8":[0,0],"9":[2,2],"10":[3,2],"11":[1,1]},"inputSourceMap":null,"_coverageSchema":"1a1c01bbd47fc00a2c39e90264f33305004495a9","hash":"03b9bf9a1e0d63d9d73e5c6d8a21abf2ed345993"}
}
