{"C:\\Users\\Sahil.Naik\\AiTestGen\\examples\\Calculator.ts": {"path":"C:\\Users\\Sahil.Naik\\AiTestGen\\examples\\Calculator.ts","statementMap":{"0":{"start":{"line":5,"column":40},"end":{"line":5,"column":53}},"1":{"start":{"line":6,"column":45},"end":{"line":6,"column":58}},"2":{"start":{"line":7,"column":45},"end":{"line":7,"column":58}},"3":{"start":{"line":9,"column":8},"end":{"line":9,"column":55}},"4":{"start":{"line":9,"column":21},"end":{"line":9,"column":55}},"5":{"start":{"line":10,"column":8},"end":{"line":10,"column":21}},"6":{"start":{"line":12,"column":43},"end":{"line":12,"column":56}},"7":{"start":{"line":13,"column":42},"end":{"line":13,"column":64}},"8":{"start":{"line":18,"column":29},"end":{"line":18,"column":48}},"9":{"start":{"line":20,"column":8},"end":{"line":20,"column":59}},"10":{"start":{"line":20,"column":19},"end":{"line":20,"column":59}},"11":{"start":{"line":21,"column":8},"end":{"line":21,"column":28}},"12":{"start":{"line":23,"column":30},"end":{"line":23,"column":50}},"13":{"start":{"line":24,"column":29},"end":{"line":24,"column":48}},"14":{"start":{"line":26,"column":8},"end":{"line":26,"column":66}},"15":{"start":{"line":26,"column":20},"end":{"line":26,"column":66}},"16":{"start":{"line":27,"column":8},"end":{"line":27,"column":27}},"17":{"start":{"line":30,"column":8},"end":{"line":30,"column":68}},"18":{"start":{"line":30,"column":20},"end":{"line":30,"column":68}},"19":{"start":{"line":31,"column":8},"end":{"line":31,"column":29}},"20":{"start":{"line":37,"column":29},"end":{"line":37,"column":48}},"21":{"start":{"line":38,"column":29},"end":{"line":38,"column":48}},"22":{"start":{"line":39,"column":29},"end":{"line":39,"column":48}},"23":{"start":{"line":40,"column":30},"end":{"line":40,"column":50}},"24":{"start":{"line":41,"column":30},"end":{"line":41,"column":50}},"25":{"start":{"line":42,"column":30},"end":{"line":42,"column":50}},"26":{"start":{"line":43,"column":30},"end":{"line":43,"column":50}},"27":{"start":{"line":44,"column":30},"end":{"line":44,"column":50}},"28":{"start":{"line":45,"column":30},"end":{"line":45,"column":50}},"29":{"start":{"line":50,"column":30},"end":{"line":50,"column":50}},"30":{"start":{"line":51,"column":31},"end":{"line":51,"column":52}},"31":{"start":{"line":52,"column":31},"end":{"line":52,"column":52}},"32":{"start":{"line":53,"column":31},"end":{"line":53,"column":52}},"33":{"start":{"line":54,"column":40},"end":{"line":54,"column":62}},"34":{"start":{"line":55,"column":40},"end":{"line":55,"column":62}},"35":{"start":{"line":61,"column":8},"end":{"line":61,"column":43}},"36":{"start":{"line":61,"column":34},"end":{"line":61,"column":43}},"37":{"start":{"line":62,"column":8},"end":{"line":62,"column":67}},"38":{"start":{"line":62,"column":40},"end":{"line":62,"column":45}},"39":{"start":{"line":66,"column":8},"end":{"line":66,"column":43}},"40":{"start":{"line":66,"column":34},"end":{"line":66,"column":43}},"41":{"start":{"line":67,"column":23},"end":{"line":67,"column":57}},"42":{"start":{"line":67,"column":51},"end":{"line":67,"column":56}},"43":{"start":{"line":68,"column":23},"end":{"line":68,"column":52}},"44":{"start":{"line":69,"column":8},"end":{"line":71,"column":9}},"45":{"start":{"line":70,"column":12},"end":{"line":70,"column":61}},"46":{"start":{"line":72,"column":8},"end":{"line":72,"column":30}},"47":{"start":{"line":76,"column":8},"end":{"line":76,"column":43}},"48":{"start":{"line":76,"column":34},"end":{"line":76,"column":43}},"49":{"start":{"line":77,"column":20},"end":{"line":77,"column":38}},"50":{"start":{"line":78,"column":28},"end":{"line":78,"column":74}},"51":{"start":{"line":78,"column":49},"end":{"line":78,"column":73}},"52":{"start":{"line":79,"column":8},"end":{"line":79,"column":38}},"53":{"start":{"line":83,"column":8},"end":{"line":83,"column":49}},"54":{"start":{"line":87,"column":8},"end":{"line":87,"column":50}},"55":{"start":{"line":87,"column":40},"end":{"line":87,"column":45}},"56":{"start":{"line":91,"column":8},"end":{"line":91,"column":50}},"57":{"start":{"line":91,"column":40},"end":{"line":91,"column":45}},"58":{"start":{"line":95,"column":8},"end":{"line":95,"column":67}},"59":{"start":{"line":95,"column":19},"end":{"line":95,"column":67}},"60":{"start":{"line":96,"column":8},"end":{"line":96,"column":41}},"61":{"start":{"line":96,"column":32},"end":{"line":96,"column":41}},"62":{"start":{"line":97,"column":18},"end":{"line":97,"column":19}},"63":{"start":{"line":98,"column":8},"end":{"line":98,"column":46}},"64":{"start":{"line":98,"column":21},"end":{"line":98,"column":22}},"65":{"start":{"line":98,"column":37},"end":{"line":98,"column":46}},"66":{"start":{"line":99,"column":8},"end":{"line":99,"column":19}},"67":{"start":{"line":106,"column":8},"end":{"line":106,"column":67}},"68":{"start":{"line":106,"column":19},"end":{"line":106,"column":67}},"69":{"start":{"line":107,"column":8},"end":{"line":107,"column":30}},"70":{"start":{"line":107,"column":21},"end":{"line":107,"column":30}},"71":{"start":{"line":108,"column":8},"end":{"line":108,"column":30}},"72":{"start":{"line":108,"column":21},"end":{"line":108,"column":30}},"73":{"start":{"line":109,"column":16},"end":{"line":109,"column":17}},"74":{"start":{"line":109,"column":23},"end":{"line":109,"column":24}},"75":{"start":{"line":110,"column":8},"end":{"line":112,"column":9}},"76":{"start":{"line":110,"column":21},"end":{"line":110,"column":22}},"77":{"start":{"line":111,"column":12},"end":{"line":111,"column":32}},"78":{"start":{"line":113,"column":8},"end":{"line":113,"column":17}},"79":{"start":{"line":117,"column":8},"end":{"line":117,"column":33}},"80":{"start":{"line":117,"column":20},"end":{"line":117,"column":33}},"81":{"start":{"line":118,"column":8},"end":{"line":120,"column":9}},"82":{"start":{"line":118,"column":21},"end":{"line":118,"column":22}},"83":{"start":{"line":119,"column":12},"end":{"line":119,"column":42}},"84":{"start":{"line":119,"column":29},"end":{"line":119,"column":42}},"85":{"start":{"line":121,"column":8},"end":{"line":121,"column":20}},"86":{"start":{"line":125,"column":8},"end":{"line":125,"column":24}},"87":{"start":{"line":126,"column":8},"end":{"line":126,"column":24}},"88":{"start":{"line":127,"column":8},"end":{"line":130,"column":9}},"89":{"start":{"line":128,"column":12},"end":{"line":128,"column":19}},"90":{"start":{"line":129,"column":12},"end":{"line":129,"column":28}},"91":{"start":{"line":131,"column":8},"end":{"line":131,"column":17}},"92":{"start":{"line":135,"column":8},"end":{"line":135,"column":41}},"93":{"start":{"line":135,"column":32},"end":{"line":135,"column":41}},"94":{"start":{"line":136,"column":8},"end":{"line":136,"column":48}},"95":{"start":{"line":143,"column":8},"end":{"line":145,"column":9}},"96":{"start":{"line":144,"column":12},"end":{"line":144,"column":60}},"97":{"start":{"line":146,"column":8},"end":{"line":146,"column":71}},"98":{"start":{"line":146,"column":34},"end":{"line":146,"column":69}},"99":{"start":{"line":146,"column":54},"end":{"line":146,"column":68}},"100":{"start":{"line":150,"column":8},"end":{"line":152,"column":9}},"101":{"start":{"line":151,"column":12},"end":{"line":151,"column":69}},"102":{"start":{"line":153,"column":23},"end":{"line":153,"column":86}},"103":{"start":{"line":153,"column":58},"end":{"line":153,"column":85}},"104":{"start":{"line":154,"column":8},"end":{"line":160,"column":9}},"105":{"start":{"line":154,"column":21},"end":{"line":154,"column":22}},"106":{"start":{"line":155,"column":12},"end":{"line":159,"column":13}},"107":{"start":{"line":155,"column":25},"end":{"line":155,"column":26}},"108":{"start":{"line":156,"column":16},"end":{"line":158,"column":17}},"109":{"start":{"line":156,"column":29},"end":{"line":156,"column":30}},"110":{"start":{"line":157,"column":20},"end":{"line":157,"column":56}},"111":{"start":{"line":161,"column":8},"end":{"line":161,"column":22}},"112":{"start":{"line":168,"column":8},"end":{"line":168,"column":46}},"113":{"start":{"line":172,"column":8},"end":{"line":172,"column":39}},"114":{"start":{"line":176,"column":8},"end":{"line":176,"column":39}},"115":{"start":{"line":183,"column":8},"end":{"line":183,"column":41}},"116":{"start":{"line":187,"column":8},"end":{"line":187,"column":36}},"117":{"start":{"line":191,"column":8},"end":{"line":191,"column":30}},"118":{"start":{"line":195,"column":8},"end":{"line":195,"column":35}},"119":{"start":{"line":199,"column":8},"end":{"line":199,"column":55}},"120":{"start":{"line":203,"column":8},"end":{"line":203,"column":50}},"121":{"start":{"line":208,"column":8},"end":{"line":208,"column":37}},"122":{"start":{"line":212,"column":8},"end":{"line":212,"column":37}},"123":{"start":{"line":216,"column":8},"end":{"line":216,"column":40}},"124":{"start":{"line":220,"column":8},"end":{"line":220,"column":37}},"125":{"start":{"line":224,"column":8},"end":{"line":224,"column":36}},"126":{"start":{"line":228,"column":8},"end":{"line":228,"column":50}},"127":{"start":{"line":232,"column":8},"end":{"line":232,"column":37}},"128":{"start":{"line":232,"column":28},"end":{"line":232,"column":37}},"129":{"start":{"line":233,"column":8},"end":{"line":233,"column":79}},"130":{"start":{"line":237,"column":8},"end":{"line":237,"column":37}},"131":{"start":{"line":237,"column":28},"end":{"line":237,"column":37}},"132":{"start":{"line":238,"column":8},"end":{"line":238,"column":57}},"133":{"start":{"line":242,"column":29},"end":{"line":242,"column":46}},"134":{"start":{"line":243,"column":8},"end":{"line":243,"column":40}},"135":{"start":{"line":243,"column":30},"end":{"line":243,"column":40}},"136":{"start":{"line":244,"column":8},"end":{"line":244,"column":54}},"137":{"start":{"line":244,"column":32},"end":{"line":244,"column":54}},"138":{"start":{"line":245,"column":8},"end":{"line":248,"column":10}},"139":{"start":{"line":252,"column":43},"end":{"line":252,"column":57}},"140":{"start":{"line":253,"column":42},"end":{"line":253,"column":56}},"141":{"start":{"line":254,"column":43},"end":{"line":254,"column":58}},"142":{"start":{"line":255,"column":31},"end":{"line":255,"column":41}},"143":{"start":{"line":258,"column":43},"end":{"line":258,"column":56}},"144":{"start":{"line":259,"column":42},"end":{"line":259,"column":55}},"145":{"start":{"line":260,"column":43},"end":{"line":260,"column":56}},"146":{"start":{"line":261,"column":32},"end":{"line":261,"column":42}},"147":{"start":{"line":262,"column":49},"end":{"line":262,"column":63}},"148":{"start":{"line":263,"column":50},"end":{"line":263,"column":64}},"149":{"start":{"line":1,"column":0},"end":{"line":1,"column":13}}},"fnMap":{"0":{"name":"(anonymous_0)","decl":{"start":{"line":5,"column":4},"end":{"line":5,"column":7}},"loc":{"start":{"line":5,"column":28},"end":{"line":5,"column":55}}},"1":{"name":"(anonymous_1)","decl":{"start":{"line":6,"column":4},"end":{"line":6,"column":12}},"loc":{"start":{"line":6,"column":33},"end":{"line":6,"column":60}}},"2":{"name":"(anonymous_2)","decl":{"start":{"line":7,"column":4},"end":{"line":7,"column":12}},"loc":{"start":{"line":7,"column":33},"end":{"line":7,"column":60}}},"3":{"name":"(anonymous_3)","decl":{"start":{"line":8,"column":4},"end":{"line":8,"column":10}},"loc":{"start":{"line":8,"column":31},"end":{"line":11,"column":5}}},"4":{"name":"(anonymous_4)","decl":{"start":{"line":12,"column":4},"end":{"line":12,"column":10}},"loc":{"start":{"line":12,"column":31},"end":{"line":12,"column":58}}},"5":{"name":"(anonymous_5)","decl":{"start":{"line":13,"column":4},"end":{"line":13,"column":9}},"loc":{"start":{"line":13,"column":30},"end":{"line":13,"column":66}}},"6":{"name":"(anonymous_6)","decl":{"start":{"line":18,"column":4},"end":{"line":18,"column":7}},"loc":{"start":{"line":18,"column":17},"end":{"line":18,"column":50}}},"7":{"name":"(anonymous_7)","decl":{"start":{"line":19,"column":4},"end":{"line":19,"column":8}},"loc":{"start":{"line":19,"column":18},"end":{"line":22,"column":5}}},"8":{"name":"(anonymous_8)","decl":{"start":{"line":23,"column":4},"end":{"line":23,"column":8}},"loc":{"start":{"line":23,"column":18},"end":{"line":23,"column":52}}},"9":{"name":"(anonymous_9)","decl":{"start":{"line":24,"column":4},"end":{"line":24,"column":7}},"loc":{"start":{"line":24,"column":17},"end":{"line":24,"column":50}}},"10":{"name":"(anonymous_10)","decl":{"start":{"line":25,"column":4},"end":{"line":25,"column":7}},"loc":{"start":{"line":25,"column":17},"end":{"line":28,"column":5}}},"11":{"name":"(anonymous_11)","decl":{"start":{"line":29,"column":4},"end":{"line":29,"column":9}},"loc":{"start":{"line":29,"column":19},"end":{"line":32,"column":5}}},"12":{"name":"(anonymous_12)","decl":{"start":{"line":37,"column":4},"end":{"line":37,"column":7}},"loc":{"start":{"line":37,"column":17},"end":{"line":37,"column":50}}},"13":{"name":"(anonymous_13)","decl":{"start":{"line":38,"column":4},"end":{"line":38,"column":7}},"loc":{"start":{"line":38,"column":17},"end":{"line":38,"column":50}}},"14":{"name":"(anonymous_14)","decl":{"start":{"line":39,"column":4},"end":{"line":39,"column":7}},"loc":{"start":{"line":39,"column":17},"end":{"line":39,"column":50}}},"15":{"name":"(anonymous_15)","decl":{"start":{"line":40,"column":4},"end":{"line":40,"column":8}},"loc":{"start":{"line":40,"column":18},"end":{"line":40,"column":52}}},"16":{"name":"(anonymous_16)","decl":{"start":{"line":41,"column":4},"end":{"line":41,"column":8}},"loc":{"start":{"line":41,"column":18},"end":{"line":41,"column":52}}},"17":{"name":"(anonymous_17)","decl":{"start":{"line":42,"column":4},"end":{"line":42,"column":8}},"loc":{"start":{"line":42,"column":18},"end":{"line":42,"column":52}}},"18":{"name":"(anonymous_18)","decl":{"start":{"line":43,"column":4},"end":{"line":43,"column":8}},"loc":{"start":{"line":43,"column":18},"end":{"line":43,"column":52}}},"19":{"name":"(anonymous_19)","decl":{"start":{"line":44,"column":4},"end":{"line":44,"column":8}},"loc":{"start":{"line":44,"column":18},"end":{"line":44,"column":52}}},"20":{"name":"(anonymous_20)","decl":{"start":{"line":45,"column":4},"end":{"line":45,"column":8}},"loc":{"start":{"line":45,"column":18},"end":{"line":45,"column":52}}},"21":{"name":"(anonymous_21)","decl":{"start":{"line":50,"column":4},"end":{"line":50,"column":8}},"loc":{"start":{"line":50,"column":18},"end":{"line":50,"column":52}}},"22":{"name":"(anonymous_22)","decl":{"start":{"line":51,"column":4},"end":{"line":51,"column":9}},"loc":{"start":{"line":51,"column":19},"end":{"line":51,"column":54}}},"23":{"name":"(anonymous_23)","decl":{"start":{"line":52,"column":4},"end":{"line":52,"column":9}},"loc":{"start":{"line":52,"column":19},"end":{"line":52,"column":54}}},"24":{"name":"(anonymous_24)","decl":{"start":{"line":53,"column":4},"end":{"line":53,"column":9}},"loc":{"start":{"line":53,"column":19},"end":{"line":53,"column":54}}},"25":{"name":"(anonymous_25)","decl":{"start":{"line":54,"column":4},"end":{"line":54,"column":7}},"loc":{"start":{"line":54,"column":28},"end":{"line":54,"column":64}}},"26":{"name":"(anonymous_26)","decl":{"start":{"line":55,"column":4},"end":{"line":55,"column":7}},"loc":{"start":{"line":55,"column":28},"end":{"line":55,"column":64}}},"27":{"name":"(anonymous_27)","decl":{"start":{"line":60,"column":4},"end":{"line":60,"column":8}},"loc":{"start":{"line":60,"column":26},"end":{"line":63,"column":5}}},"28":{"name":"(anonymous_28)","decl":{"start":{"line":62,"column":30},"end":{"line":62,"column":31}},"loc":{"start":{"line":62,"column":40},"end":{"line":62,"column":45}}},"29":{"name":"(anonymous_29)","decl":{"start":{"line":65,"column":4},"end":{"line":65,"column":10}},"loc":{"start":{"line":65,"column":28},"end":{"line":73,"column":5}}},"30":{"name":"(anonymous_30)","decl":{"start":{"line":67,"column":41},"end":{"line":67,"column":42}},"loc":{"start":{"line":67,"column":51},"end":{"line":67,"column":56}}},"31":{"name":"(anonymous_31)","decl":{"start":{"line":75,"column":4},"end":{"line":75,"column":12}},"loc":{"start":{"line":75,"column":30},"end":{"line":80,"column":5}}},"32":{"name":"(anonymous_32)","decl":{"start":{"line":78,"column":40},"end":{"line":78,"column":45}},"loc":{"start":{"line":78,"column":49},"end":{"line":78,"column":73}}},"33":{"name":"(anonymous_33)","decl":{"start":{"line":82,"column":4},"end":{"line":82,"column":21}},"loc":{"start":{"line":82,"column":39},"end":{"line":84,"column":5}}},"34":{"name":"(anonymous_34)","decl":{"start":{"line":86,"column":4},"end":{"line":86,"column":7}},"loc":{"start":{"line":86,"column":25},"end":{"line":88,"column":5}}},"35":{"name":"(anonymous_35)","decl":{"start":{"line":87,"column":30},"end":{"line":87,"column":31}},"loc":{"start":{"line":87,"column":40},"end":{"line":87,"column":45}}},"36":{"name":"(anonymous_36)","decl":{"start":{"line":90,"column":4},"end":{"line":90,"column":11}},"loc":{"start":{"line":90,"column":29},"end":{"line":92,"column":5}}},"37":{"name":"(anonymous_37)","decl":{"start":{"line":91,"column":30},"end":{"line":91,"column":31}},"loc":{"start":{"line":91,"column":40},"end":{"line":91,"column":45}}},"38":{"name":"(anonymous_38)","decl":{"start":{"line":94,"column":4},"end":{"line":94,"column":13}},"loc":{"start":{"line":94,"column":23},"end":{"line":100,"column":5}}},"39":{"name":"(anonymous_39)","decl":{"start":{"line":105,"column":4},"end":{"line":105,"column":13}},"loc":{"start":{"line":105,"column":23},"end":{"line":114,"column":5}}},"40":{"name":"(anonymous_40)","decl":{"start":{"line":116,"column":4},"end":{"line":116,"column":11}},"loc":{"start":{"line":116,"column":21},"end":{"line":122,"column":5}}},"41":{"name":"(anonymous_41)","decl":{"start":{"line":124,"column":4},"end":{"line":124,"column":7}},"loc":{"start":{"line":124,"column":28},"end":{"line":132,"column":5}}},"42":{"name":"(anonymous_42)","decl":{"start":{"line":134,"column":4},"end":{"line":134,"column":7}},"loc":{"start":{"line":134,"column":28},"end":{"line":137,"column":5}}},"43":{"name":"(anonymous_43)","decl":{"start":{"line":142,"column":4},"end":{"line":142,"column":13}},"loc":{"start":{"line":142,"column":44},"end":{"line":147,"column":5}}},"44":{"name":"(anonymous_44)","decl":{"start":{"line":146,"column":22},"end":{"line":146,"column":23}},"loc":{"start":{"line":146,"column":34},"end":{"line":146,"column":69}}},"45":{"name":"(anonymous_45)","decl":{"start":{"line":146,"column":42},"end":{"line":146,"column":43}},"loc":{"start":{"line":146,"column":54},"end":{"line":146,"column":68}}},"46":{"name":"(anonymous_46)","decl":{"start":{"line":149,"column":4},"end":{"line":149,"column":18}},"loc":{"start":{"line":149,"column":49},"end":{"line":162,"column":5}}},"47":{"name":"(anonymous_47)","decl":{"start":{"line":153,"column":52},"end":{"line":153,"column":55}},"loc":{"start":{"line":153,"column":58},"end":{"line":153,"column":85}}},"48":{"name":"(anonymous_48)","decl":{"start":{"line":167,"column":4},"end":{"line":167,"column":20}},"loc":{"start":{"line":167,"column":63},"end":{"line":169,"column":5}}},"49":{"name":"(anonymous_49)","decl":{"start":{"line":171,"column":4},"end":{"line":171,"column":16}},"loc":{"start":{"line":171,"column":49},"end":{"line":173,"column":5}}},"50":{"name":"(anonymous_50)","decl":{"start":{"line":175,"column":4},"end":{"line":175,"column":15}},"loc":{"start":{"line":175,"column":48},"end":{"line":177,"column":5}}},"51":{"name":"(anonymous_51)","decl":{"start":{"line":182,"column":4},"end":{"line":182,"column":14}},"loc":{"start":{"line":182,"column":29},"end":{"line":184,"column":5}}},"52":{"name":"(anonymous_52)","decl":{"start":{"line":186,"column":4},"end":{"line":186,"column":23}},"loc":{"start":{"line":186,"column":38},"end":{"line":188,"column":5}}},"53":{"name":"(anonymous_53)","decl":{"start":{"line":190,"column":4},"end":{"line":190,"column":17}},"loc":{"start":{"line":190,"column":47},"end":{"line":192,"column":5}}},"54":{"name":"(anonymous_54)","decl":{"start":{"line":194,"column":4},"end":{"line":194,"column":16}},"loc":{"start":{"line":194,"column":45},"end":{"line":196,"column":5}}},"55":{"name":"(anonymous_55)","decl":{"start":{"line":198,"column":4},"end":{"line":198,"column":16}},"loc":{"start":{"line":198,"column":31},"end":{"line":200,"column":5}}},"56":{"name":"(anonymous_56)","decl":{"start":{"line":202,"column":4},"end":{"line":202,"column":18}},"loc":{"start":{"line":202,"column":49},"end":{"line":204,"column":5}}},"57":{"name":"(anonymous_57)","decl":{"start":{"line":207,"column":4},"end":{"line":207,"column":12}},"loc":{"start":{"line":207,"column":24},"end":{"line":209,"column":5}}},"58":{"name":"(anonymous_58)","decl":{"start":{"line":211,"column":4},"end":{"line":211,"column":12}},"loc":{"start":{"line":211,"column":24},"end":{"line":213,"column":5}}},"59":{"name":"(anonymous_59)","decl":{"start":{"line":215,"column":4},"end":{"line":215,"column":14}},"loc":{"start":{"line":215,"column":35},"end":{"line":217,"column":5}}},"60":{"name":"(anonymous_60)","decl":{"start":{"line":219,"column":4},"end":{"line":219,"column":22}},"loc":{"start":{"line":219,"column":43},"end":{"line":221,"column":5}}},"61":{"name":"(anonymous_61)","decl":{"start":{"line":223,"column":4},"end":{"line":223,"column":13}},"loc":{"start":{"line":223,"column":41},"end":{"line":225,"column":5}}},"62":{"name":"(anonymous_62)","decl":{"start":{"line":227,"column":4},"end":{"line":227,"column":20}},"loc":{"start":{"line":227,"column":51},"end":{"line":229,"column":5}}},"63":{"name":"(anonymous_63)","decl":{"start":{"line":231,"column":4},"end":{"line":231,"column":16}},"loc":{"start":{"line":231,"column":37},"end":{"line":234,"column":5}}},"64":{"name":"(anonymous_64)","decl":{"start":{"line":236,"column":4},"end":{"line":236,"column":16}},"loc":{"start":{"line":236,"column":37},"end":{"line":239,"column":5}}},"65":{"name":"(anonymous_65)","decl":{"start":{"line":241,"column":4},"end":{"line":241,"column":19}},"loc":{"start":{"line":241,"column":51},"end":{"line":249,"column":5}}},"66":{"name":"(anonymous_66)","decl":{"start":{"line":252,"column":4},"end":{"line":252,"column":7}},"loc":{"start":{"line":252,"column":30},"end":{"line":252,"column":59}}},"67":{"name":"(anonymous_67)","decl":{"start":{"line":253,"column":4},"end":{"line":253,"column":6}},"loc":{"start":{"line":253,"column":29},"end":{"line":253,"column":58}}},"68":{"name":"(anonymous_68)","decl":{"start":{"line":254,"column":4},"end":{"line":254,"column":7}},"loc":{"start":{"line":254,"column":30},"end":{"line":254,"column":60}}},"69":{"name":"(anonymous_69)","decl":{"start":{"line":255,"column":4},"end":{"line":255,"column":7}},"loc":{"start":{"line":255,"column":18},"end":{"line":255,"column":43}}},"70":{"name":"(anonymous_70)","decl":{"start":{"line":258,"column":4},"end":{"line":258,"column":10}},"loc":{"start":{"line":258,"column":31},"end":{"line":258,"column":58}}},"71":{"name":"(anonymous_71)","decl":{"start":{"line":259,"column":4},"end":{"line":259,"column":9}},"loc":{"start":{"line":259,"column":30},"end":{"line":259,"column":57}}},"72":{"name":"(anonymous_72)","decl":{"start":{"line":260,"column":4},"end":{"line":260,"column":10}},"loc":{"start":{"line":260,"column":31},"end":{"line":260,"column":58}}},"73":{"name":"(anonymous_73)","decl":{"start":{"line":261,"column":4},"end":{"line":261,"column":10}},"loc":{"start":{"line":261,"column":20},"end":{"line":261,"column":44}}},"74":{"name":"(anonymous_74)","decl":{"start":{"line":262,"column":4},"end":{"line":262,"column":16}},"loc":{"start":{"line":262,"column":37},"end":{"line":262,"column":65}}},"75":{"name":"(anonymous_75)","decl":{"start":{"line":263,"column":4},"end":{"line":263,"column":17}},"loc":{"start":{"line":263,"column":38},"end":{"line":263,"column":66}}}},"branchMap":{"0":{"loc":{"start":{"line":9,"column":8},"end":{"line":9,"column":55}},"type":"if","locations":[{"start":{"line":9,"column":8},"end":{"line":9,"column":55}}]},"1":{"loc":{"start":{"line":20,"column":8},"end":{"line":20,"column":59}},"type":"if","locations":[{"start":{"line":20,"column":8},"end":{"line":20,"column":59}}]},"2":{"loc":{"start":{"line":26,"column":8},"end":{"line":26,"column":66}},"type":"if","locations":[{"start":{"line":26,"column":8},"end":{"line":26,"column":66}}]},"3":{"loc":{"start":{"line":30,"column":8},"end":{"line":30,"column":68}},"type":"if","locations":[{"start":{"line":30,"column":8},"end":{"line":30,"column":68}}]},"4":{"loc":{"start":{"line":61,"column":8},"end":{"line":61,"column":43}},"type":"if","locations":[{"start":{"line":61,"column":8},"end":{"line":61,"column":43}}]},"5":{"loc":{"start":{"line":66,"column":8},"end":{"line":66,"column":43}},"type":"if","locations":[{"start":{"line":66,"column":8},"end":{"line":66,"column":43}}]},"6":{"loc":{"start":{"line":69,"column":8},"end":{"line":71,"column":9}},"type":"if","locations":[{"start":{"line":69,"column":8},"end":{"line":71,"column":9}}]},"7":{"loc":{"start":{"line":76,"column":8},"end":{"line":76,"column":43}},"type":"if","locations":[{"start":{"line":76,"column":8},"end":{"line":76,"column":43}}]},"8":{"loc":{"start":{"line":95,"column":8},"end":{"line":95,"column":67}},"type":"if","locations":[{"start":{"line":95,"column":8},"end":{"line":95,"column":67}}]},"9":{"loc":{"start":{"line":96,"column":8},"end":{"line":96,"column":41}},"type":"if","locations":[{"start":{"line":96,"column":8},"end":{"line":96,"column":41}}]},"10":{"loc":{"start":{"line":96,"column":12},"end":{"line":96,"column":30}},"type":"binary-expr","locations":[{"start":{"line":96,"column":12},"end":{"line":96,"column":19}},{"start":{"line":96,"column":23},"end":{"line":96,"column":30}}]},"11":{"loc":{"start":{"line":106,"column":8},"end":{"line":106,"column":67}},"type":"if","locations":[{"start":{"line":106,"column":8},"end":{"line":106,"column":67}}]},"12":{"loc":{"start":{"line":107,"column":8},"end":{"line":107,"column":30}},"type":"if","locations":[{"start":{"line":107,"column":8},"end":{"line":107,"column":30}}]},"13":{"loc":{"start":{"line":108,"column":8},"end":{"line":108,"column":30}},"type":"if","locations":[{"start":{"line":108,"column":8},"end":{"line":108,"column":30}}]},"14":{"loc":{"start":{"line":117,"column":8},"end":{"line":117,"column":33}},"type":"if","locations":[{"start":{"line":117,"column":8},"end":{"line":117,"column":33}}]},"15":{"loc":{"start":{"line":119,"column":12},"end":{"line":119,"column":42}},"type":"if","locations":[{"start":{"line":119,"column":12},"end":{"line":119,"column":42}}]},"16":{"loc":{"start":{"line":135,"column":8},"end":{"line":135,"column":41}},"type":"if","locations":[{"start":{"line":135,"column":8},"end":{"line":135,"column":41}}]},"17":{"loc":{"start":{"line":135,"column":12},"end":{"line":135,"column":30}},"type":"binary-expr","locations":[{"start":{"line":135,"column":12},"end":{"line":135,"column":19}},{"start":{"line":135,"column":23},"end":{"line":135,"column":30}}]},"18":{"loc":{"start":{"line":143,"column":8},"end":{"line":145,"column":9}},"type":"if","locations":[{"start":{"line":143,"column":8},"end":{"line":145,"column":9}}]},"19":{"loc":{"start":{"line":143,"column":12},"end":{"line":143,"column":68}},"type":"binary-expr","locations":[{"start":{"line":143,"column":12},"end":{"line":143,"column":35}},{"start":{"line":143,"column":39},"end":{"line":143,"column":68}}]},"20":{"loc":{"start":{"line":150,"column":8},"end":{"line":152,"column":9}},"type":"if","locations":[{"start":{"line":150,"column":8},"end":{"line":152,"column":9}}]},"21":{"loc":{"start":{"line":232,"column":8},"end":{"line":232,"column":37}},"type":"if","locations":[{"start":{"line":232,"column":8},"end":{"line":232,"column":37}}]},"22":{"loc":{"start":{"line":232,"column":12},"end":{"line":232,"column":26}},"type":"binary-expr","locations":[{"start":{"line":232,"column":12},"end":{"line":232,"column":17}},{"start":{"line":232,"column":21},"end":{"line":232,"column":26}}]},"23":{"loc":{"start":{"line":237,"column":8},"end":{"line":237,"column":37}},"type":"if","locations":[{"start":{"line":237,"column":8},"end":{"line":237,"column":37}}]},"24":{"loc":{"start":{"line":237,"column":12},"end":{"line":237,"column":26}},"type":"binary-expr","locations":[{"start":{"line":237,"column":12},"end":{"line":237,"column":17}},{"start":{"line":237,"column":21},"end":{"line":237,"column":26}}]},"25":{"loc":{"start":{"line":243,"column":8},"end":{"line":243,"column":40}},"type":"if","locations":[{"start":{"line":243,"column":8},"end":{"line":243,"column":40}}]},"26":{"loc":{"start":{"line":244,"column":8},"end":{"line":244,"column":54}},"type":"if","locations":[{"start":{"line":244,"column":8},"end":{"line":244,"column":54}}]},"27":{"loc":{"start":{"line":252,"column":50},"end":{"line":252,"column":56}},"type":"binary-expr","locations":[{"start":{"line":252,"column":50},"end":{"line":252,"column":51}},{"start":{"line":252,"column":55},"end":{"line":252,"column":56}}]},"28":{"loc":{"start":{"line":253,"column":49},"end":{"line":253,"column":55}},"type":"binary-expr","locations":[{"start":{"line":253,"column":49},"end":{"line":253,"column":50}},{"start":{"line":253,"column":54},"end":{"line":253,"column":55}}]}},"s":{"0":1,"1":1,"2":1,"3":2,"4":1,"5":1,"6":1,"7":1,"8":1,"9":2,"10":1,"11":1,"12":1,"13":1,"14":2,"15":1,"16":1,"17":2,"18":1,"19":1,"20":1,"21":1,"22":1,"23":1,"24":1,"25":1,"26":1,"27":1,"28":1,"29":1,"30":1,"31":1,"32":1,"33":1,"34":1,"35":5,"36":0,"37":5,"38":25,"39":1,"40":0,"41":1,"42":4,"43":1,"44":1,"45":0,"46":1,"47":2,"48":0,"49":2,"50":2,"51":10,"52":2,"53":1,"54":1,"55":5,"56":1,"57":5,"58":2,"59":1,"60":1,"61":0,"62":1,"63":1,"64":1,"65":4,"66":1,"67":2,"68":1,"69":1,"70":0,"71":1,"72":0,"73":1,"74":1,"75":1,"76":1,"77":9,"78":1,"79":1,"80":0,"81":1,"82":1,"83":1,"84":0,"85":1,"86":2,"87":2,"88":2,"89":6,"90":6,"91":2,"92":1,"93":0,"94":1,"95":2,"96":1,"97":1,"98":2,"99":4,"100":2,"101":1,"102":1,"103":2,"104":1,"105":1,"106":2,"107":2,"108":4,"109":4,"110":8,"111":1,"112":1,"113":1,"114":1,"115":1,"116":1,"117":1,"118":1,"119":1,"120":1,"121":0,"122":0,"123":0,"124":0,"125":0,"126":0,"127":0,"128":0,"129":0,"130":0,"131":0,"132":0,"133":0,"134":0,"135":0,"136":0,"137":0,"138":0,"139":1,"140":1,"141":1,"142":1,"143":1,"144":1,"145":1,"146":1,"147":1,"148":1,"149":1},"f":{"0":1,"1":1,"2":1,"3":2,"4":1,"5":1,"6":1,"7":2,"8":1,"9":1,"10":2,"11":2,"12":1,"13":1,"14":1,"15":1,"16":1,"17":1,"18":1,"19":1,"20":1,"21":1,"22":1,"23":1,"24":1,"25":1,"26":1,"27":5,"28":25,"29":1,"30":4,"31":2,"32":10,"33":1,"34":1,"35":5,"36":1,"37":5,"38":2,"39":2,"40":1,"41":2,"42":1,"43":2,"44":2,"45":4,"46":2,"47":2,"48":1,"49":1,"50":1,"51":1,"52":1,"53":1,"54":1,"55":1,"56":1,"57":0,"58":0,"59":0,"60":0,"61":0,"62":0,"63":0,"64":0,"65":0,"66":1,"67":1,"68":1,"69":1,"70":1,"71":1,"72":1,"73":1,"74":1,"75":1},"b":{"0":[1],"1":[1],"2":[1],"3":[1],"4":[0],"5":[0],"6":[0],"7":[0],"8":[1],"9":[0],"10":[1,1],"11":[1],"12":[0],"13":[0],"14":[0],"15":[0],"16":[0],"17":[1,1],"18":[1],"19":[2,1],"20":[1],"21":[0],"22":[0,0],"23":[0],"24":[0,0],"25":[0],"26":[0],"27":[1,1],"28":[1,0]}}
,"C:\\Users\\Sahil.Naik\\AiTestGen\\examples\\dateUtils.js": {"path":"C:\\Users\\Sahil.Naik\\AiTestGen\\examples\\dateUtils.js","statementMap":{"0":{"start":{"line":6,"column":4},"end":{"line":6,"column":36}},"1":{"start":{"line":6,"column":15},"end":{"line":6,"column":36}},"2":{"start":{"line":7,"column":14},"end":{"line":7,"column":28}},"3":{"start":{"line":8,"column":4},"end":{"line":8,"column":49}},"4":{"start":{"line":8,"column":28},"end":{"line":8,"column":49}},"5":{"start":{"line":10,"column":16},"end":{"line":10,"column":39}},"6":{"start":{"line":11,"column":14},"end":{"line":11,"column":30}},"7":{"start":{"line":12,"column":17},"end":{"line":12,"column":32}},"8":{"start":{"line":14,"column":4},"end":{"line":14,"column":46}},"9":{"start":{"line":14,"column":26},"end":{"line":14,"column":46}},"10":{"start":{"line":15,"column":4},"end":{"line":15,"column":40}},"11":{"start":{"line":15,"column":24},"end":{"line":15,"column":40}},"12":{"start":{"line":17,"column":4},"end":{"line":17,"column":40}},"13":{"start":{"line":21,"column":4},"end":{"line":21,"column":46}},"14":{"start":{"line":25,"column":4},"end":{"line":25,"column":70}},"15":{"start":{"line":29,"column":14},"end":{"line":29,"column":28}},"16":{"start":{"line":30,"column":4},"end":{"line":30,"column":34}},"17":{"start":{"line":31,"column":4},"end":{"line":31,"column":13}},"18":{"start":{"line":35,"column":21},"end":{"line":35,"column":58}},"19":{"start":{"line":36,"column":4},"end":{"line":36,"column":55}},"20":{"start":{"line":40,"column":14},"end":{"line":40,"column":28}},"21":{"start":{"line":41,"column":16},"end":{"line":41,"column":26}},"22":{"start":{"line":42,"column":17},"end":{"line":42,"column":57}},"23":{"start":{"line":43,"column":4},"end":{"line":43,"column":37}},"24":{"start":{"line":47,"column":18},"end":{"line":47,"column":38}},"25":{"start":{"line":48,"column":4},"end":{"line":48,"column":29}},"26":{"start":{"line":52,"column":16},"end":{"line":52,"column":26}},"27":{"start":{"line":53,"column":17},"end":{"line":53,"column":37}},"28":{"start":{"line":54,"column":20},"end":{"line":54,"column":43}},"29":{"start":{"line":55,"column":20},"end":{"line":55,"column":44}},"30":{"start":{"line":56,"column":18},"end":{"line":56,"column":42}},"31":{"start":{"line":57,"column":17},"end":{"line":57,"column":39}},"32":{"start":{"line":59,"column":4},"end":{"line":59,"column":44}},"33":{"start":{"line":59,"column":18},"end":{"line":59,"column":44}},"34":{"start":{"line":60,"column":4},"end":{"line":60,"column":47}},"35":{"start":{"line":60,"column":19},"end":{"line":60,"column":47}},"36":{"start":{"line":61,"column":4},"end":{"line":61,"column":53}},"37":{"start":{"line":61,"column":21},"end":{"line":61,"column":53}},"38":{"start":{"line":62,"column":4},"end":{"line":62,"column":22}},"39":{"start":{"line":66,"column":14},"end":{"line":66,"column":28}},"40":{"start":{"line":67,"column":4},"end":{"line":67,"column":42}},"41":{"start":{"line":71,"column":4},"end":{"line":71,"column":78}},"42":{"start":{"line":75,"column":14},"end":{"line":75,"column":28}},"43":{"start":{"line":76,"column":4},"end":{"line":76,"column":46}},"44":{"start":{"line":80,"column":14},"end":{"line":80,"column":28}},"45":{"start":{"line":81,"column":16},"end":{"line":81,"column":26}},"46":{"start":{"line":82,"column":4},"end":{"line":82,"column":34}},"47":{"start":{"line":86,"column":14},"end":{"line":86,"column":28}},"48":{"start":{"line":87,"column":4},"end":{"line":87,"column":69}},"49":{"start":{"line":93,"column":29},"end":{"line":93,"column":41}},"50":{"start":{"line":94,"column":29},"end":{"line":94,"column":41}},"51":{"start":{"line":95,"column":29},"end":{"line":95,"column":41}},"52":{"start":{"line":96,"column":29},"end":{"line":96,"column":41}},"53":{"start":{"line":97,"column":29},"end":{"line":97,"column":41}},"54":{"start":{"line":98,"column":29},"end":{"line":98,"column":41}},"55":{"start":{"line":99,"column":29},"end":{"line":99,"column":41}},"56":{"start":{"line":100,"column":29},"end":{"line":100,"column":41}},"57":{"start":{"line":101,"column":29},"end":{"line":101,"column":41}},"58":{"start":{"line":102,"column":30},"end":{"line":102,"column":42}},"59":{"start":{"line":103,"column":30},"end":{"line":103,"column":42}},"60":{"start":{"line":104,"column":30},"end":{"line":104,"column":42}},"61":{"start":{"line":105,"column":30},"end":{"line":105,"column":42}},"62":{"start":{"line":106,"column":30},"end":{"line":106,"column":42}},"63":{"start":{"line":107,"column":30},"end":{"line":107,"column":42}},"64":{"start":{"line":108,"column":30},"end":{"line":108,"column":42}},"65":{"start":{"line":109,"column":30},"end":{"line":109,"column":42}},"66":{"start":{"line":110,"column":30},"end":{"line":110,"column":42}},"67":{"start":{"line":111,"column":30},"end":{"line":111,"column":42}},"68":{"start":{"line":112,"column":30},"end":{"line":112,"column":42}},"69":{"start":{"line":113,"column":30},"end":{"line":113,"column":42}},"70":{"start":{"line":114,"column":30},"end":{"line":114,"column":42}},"71":{"start":{"line":115,"column":30},"end":{"line":115,"column":42}},"72":{"start":{"line":116,"column":30},"end":{"line":116,"column":42}},"73":{"start":{"line":117,"column":30},"end":{"line":117,"column":42}},"74":{"start":{"line":118,"column":30},"end":{"line":118,"column":42}},"75":{"start":{"line":119,"column":30},"end":{"line":119,"column":42}},"76":{"start":{"line":120,"column":30},"end":{"line":120,"column":42}},"77":{"start":{"line":121,"column":30},"end":{"line":121,"column":42}},"78":{"start":{"line":122,"column":30},"end":{"line":122,"column":42}},"79":{"start":{"line":123,"column":30},"end":{"line":123,"column":42}},"80":{"start":{"line":124,"column":30},"end":{"line":124,"column":42}},"81":{"start":{"line":125,"column":30},"end":{"line":125,"column":42}},"82":{"start":{"line":126,"column":30},"end":{"line":126,"column":42}},"83":{"start":{"line":127,"column":30},"end":{"line":127,"column":42}},"84":{"start":{"line":128,"column":30},"end":{"line":128,"column":42}},"85":{"start":{"line":129,"column":30},"end":{"line":129,"column":42}},"86":{"start":{"line":130,"column":30},"end":{"line":130,"column":42}},"87":{"start":{"line":131,"column":30},"end":{"line":131,"column":42}},"88":{"start":{"line":132,"column":30},"end":{"line":132,"column":42}},"89":{"start":{"line":133,"column":30},"end":{"line":133,"column":42}},"90":{"start":{"line":134,"column":30},"end":{"line":134,"column":42}},"91":{"start":{"line":135,"column":30},"end":{"line":135,"column":42}},"92":{"start":{"line":136,"column":30},"end":{"line":136,"column":42}},"93":{"start":{"line":137,"column":30},"end":{"line":137,"column":42}},"94":{"start":{"line":138,"column":30},"end":{"line":138,"column":42}},"95":{"start":{"line":139,"column":30},"end":{"line":139,"column":42}},"96":{"start":{"line":140,"column":30},"end":{"line":140,"column":42}},"97":{"start":{"line":141,"column":30},"end":{"line":141,"column":42}},"98":{"start":{"line":142,"column":30},"end":{"line":142,"column":42}},"99":{"start":{"line":143,"column":30},"end":{"line":143,"column":42}},"100":{"start":{"line":144,"column":30},"end":{"line":144,"column":42}},"101":{"start":{"line":145,"column":30},"end":{"line":145,"column":42}},"102":{"start":{"line":146,"column":30},"end":{"line":146,"column":42}},"103":{"start":{"line":147,"column":30},"end":{"line":147,"column":42}},"104":{"start":{"line":148,"column":30},"end":{"line":148,"column":42}},"105":{"start":{"line":149,"column":30},"end":{"line":149,"column":42}},"106":{"start":{"line":150,"column":30},"end":{"line":150,"column":42}},"107":{"start":{"line":151,"column":30},"end":{"line":151,"column":42}},"108":{"start":{"line":152,"column":30},"end":{"line":152,"column":42}},"109":{"start":{"line":153,"column":30},"end":{"line":153,"column":42}},"110":{"start":{"line":154,"column":30},"end":{"line":154,"column":42}},"111":{"start":{"line":155,"column":30},"end":{"line":155,"column":42}},"112":{"start":{"line":156,"column":30},"end":{"line":156,"column":42}},"113":{"start":{"line":157,"column":30},"end":{"line":157,"column":42}},"114":{"start":{"line":158,"column":30},"end":{"line":158,"column":42}},"115":{"start":{"line":159,"column":30},"end":{"line":159,"column":42}},"116":{"start":{"line":160,"column":30},"end":{"line":160,"column":42}},"117":{"start":{"line":161,"column":30},"end":{"line":161,"column":42}},"118":{"start":{"line":162,"column":30},"end":{"line":162,"column":42}},"119":{"start":{"line":163,"column":30},"end":{"line":163,"column":42}},"120":{"start":{"line":164,"column":30},"end":{"line":164,"column":42}},"121":{"start":{"line":165,"column":30},"end":{"line":165,"column":42}},"122":{"start":{"line":166,"column":30},"end":{"line":166,"column":42}},"123":{"start":{"line":167,"column":30},"end":{"line":167,"column":42}},"124":{"start":{"line":168,"column":30},"end":{"line":168,"column":42}},"125":{"start":{"line":169,"column":30},"end":{"line":169,"column":42}},"126":{"start":{"line":170,"column":30},"end":{"line":170,"column":42}},"127":{"start":{"line":171,"column":30},"end":{"line":171,"column":42}},"128":{"start":{"line":172,"column":30},"end":{"line":172,"column":42}},"129":{"start":{"line":173,"column":30},"end":{"line":173,"column":42}},"130":{"start":{"line":174,"column":30},"end":{"line":174,"column":42}},"131":{"start":{"line":175,"column":30},"end":{"line":175,"column":42}},"132":{"start":{"line":176,"column":30},"end":{"line":176,"column":42}},"133":{"start":{"line":177,"column":30},"end":{"line":177,"column":42}},"134":{"start":{"line":178,"column":30},"end":{"line":178,"column":42}},"135":{"start":{"line":179,"column":30},"end":{"line":179,"column":42}},"136":{"start":{"line":180,"column":30},"end":{"line":180,"column":42}},"137":{"start":{"line":181,"column":30},"end":{"line":181,"column":42}},"138":{"start":{"line":182,"column":30},"end":{"line":182,"column":42}},"139":{"start":{"line":183,"column":30},"end":{"line":183,"column":42}},"140":{"start":{"line":184,"column":30},"end":{"line":184,"column":42}},"141":{"start":{"line":185,"column":30},"end":{"line":185,"column":42}},"142":{"start":{"line":186,"column":30},"end":{"line":186,"column":42}},"143":{"start":{"line":187,"column":30},"end":{"line":187,"column":42}},"144":{"start":{"line":188,"column":30},"end":{"line":188,"column":42}},"145":{"start":{"line":189,"column":30},"end":{"line":189,"column":42}},"146":{"start":{"line":190,"column":30},"end":{"line":190,"column":42}},"147":{"start":{"line":191,"column":30},"end":{"line":191,"column":42}},"148":{"start":{"line":192,"column":31},"end":{"line":192,"column":43}},"149":{"start":{"line":193,"column":31},"end":{"line":193,"column":43}},"150":{"start":{"line":194,"column":31},"end":{"line":194,"column":43}},"151":{"start":{"line":195,"column":31},"end":{"line":195,"column":43}},"152":{"start":{"line":196,"column":31},"end":{"line":196,"column":43}},"153":{"start":{"line":197,"column":31},"end":{"line":197,"column":43}},"154":{"start":{"line":198,"column":31},"end":{"line":198,"column":43}},"155":{"start":{"line":199,"column":31},"end":{"line":199,"column":43}},"156":{"start":{"line":200,"column":31},"end":{"line":200,"column":43}},"157":{"start":{"line":201,"column":31},"end":{"line":201,"column":43}},"158":{"start":{"line":202,"column":31},"end":{"line":202,"column":43}},"159":{"start":{"line":203,"column":31},"end":{"line":203,"column":43}},"160":{"start":{"line":204,"column":31},"end":{"line":204,"column":43}},"161":{"start":{"line":205,"column":31},"end":{"line":205,"column":43}},"162":{"start":{"line":206,"column":31},"end":{"line":206,"column":43}},"163":{"start":{"line":207,"column":31},"end":{"line":207,"column":43}},"164":{"start":{"line":208,"column":31},"end":{"line":208,"column":43}},"165":{"start":{"line":209,"column":31},"end":{"line":209,"column":43}},"166":{"start":{"line":210,"column":31},"end":{"line":210,"column":43}},"167":{"start":{"line":211,"column":31},"end":{"line":211,"column":43}},"168":{"start":{"line":212,"column":31},"end":{"line":212,"column":43}},"169":{"start":{"line":213,"column":31},"end":{"line":213,"column":43}},"170":{"start":{"line":214,"column":31},"end":{"line":214,"column":43}},"171":{"start":{"line":215,"column":31},"end":{"line":215,"column":43}},"172":{"start":{"line":216,"column":31},"end":{"line":216,"column":43}},"173":{"start":{"line":217,"column":31},"end":{"line":217,"column":43}},"174":{"start":{"line":218,"column":31},"end":{"line":218,"column":43}},"175":{"start":{"line":219,"column":31},"end":{"line":219,"column":43}},"176":{"start":{"line":220,"column":31},"end":{"line":220,"column":43}},"177":{"start":{"line":221,"column":31},"end":{"line":221,"column":43}},"178":{"start":{"line":222,"column":31},"end":{"line":222,"column":43}},"179":{"start":{"line":223,"column":31},"end":{"line":223,"column":43}},"180":{"start":{"line":224,"column":31},"end":{"line":224,"column":43}},"181":{"start":{"line":225,"column":31},"end":{"line":225,"column":43}},"182":{"start":{"line":226,"column":31},"end":{"line":226,"column":43}},"183":{"start":{"line":227,"column":31},"end":{"line":227,"column":43}},"184":{"start":{"line":228,"column":31},"end":{"line":228,"column":43}},"185":{"start":{"line":229,"column":31},"end":{"line":229,"column":43}},"186":{"start":{"line":230,"column":31},"end":{"line":230,"column":43}},"187":{"start":{"line":231,"column":31},"end":{"line":231,"column":43}},"188":{"start":{"line":232,"column":31},"end":{"line":232,"column":43}},"189":{"start":{"line":233,"column":31},"end":{"line":233,"column":43}},"190":{"start":{"line":234,"column":31},"end":{"line":234,"column":43}},"191":{"start":{"line":235,"column":31},"end":{"line":235,"column":43}},"192":{"start":{"line":236,"column":31},"end":{"line":236,"column":43}},"193":{"start":{"line":237,"column":31},"end":{"line":237,"column":43}},"194":{"start":{"line":238,"column":31},"end":{"line":238,"column":43}},"195":{"start":{"line":239,"column":31},"end":{"line":239,"column":43}},"196":{"start":{"line":240,"column":31},"end":{"line":240,"column":43}},"197":{"start":{"line":241,"column":31},"end":{"line":241,"column":43}},"198":{"start":{"line":242,"column":31},"end":{"line":242,"column":43}},"199":{"start":{"line":243,"column":31},"end":{"line":243,"column":43}},"200":{"start":{"line":244,"column":31},"end":{"line":244,"column":43}},"201":{"start":{"line":245,"column":31},"end":{"line":245,"column":43}},"202":{"start":{"line":246,"column":31},"end":{"line":246,"column":43}},"203":{"start":{"line":247,"column":31},"end":{"line":247,"column":43}},"204":{"start":{"line":248,"column":31},"end":{"line":248,"column":43}},"205":{"start":{"line":249,"column":31},"end":{"line":249,"column":43}},"206":{"start":{"line":250,"column":31},"end":{"line":250,"column":43}},"207":{"start":{"line":251,"column":31},"end":{"line":251,"column":43}},"208":{"start":{"line":252,"column":31},"end":{"line":252,"column":43}},"209":{"start":{"line":253,"column":31},"end":{"line":253,"column":43}},"210":{"start":{"line":254,"column":31},"end":{"line":254,"column":43}},"211":{"start":{"line":255,"column":31},"end":{"line":255,"column":43}},"212":{"start":{"line":256,"column":31},"end":{"line":256,"column":43}},"213":{"start":{"line":258,"column":0},"end":{"line":272,"column":2}}},"fnMap":{"0":{"name":"formatDate","decl":{"start":{"line":5,"column":9},"end":{"line":5,"column":19}},"loc":{"start":{"line":5,"column":26},"end":{"line":18,"column":1}},"line":5},"1":{"name":"getDaysInMonth","decl":{"start":{"line":20,"column":9},"end":{"line":20,"column":23}},"loc":{"start":{"line":20,"column":37},"end":{"line":22,"column":1}},"line":20},"2":{"name":"isLeapYear","decl":{"start":{"line":24,"column":9},"end":{"line":24,"column":19}},"loc":{"start":{"line":24,"column":26},"end":{"line":26,"column":1}},"line":24},"3":{"name":"addDays","decl":{"start":{"line":28,"column":9},"end":{"line":28,"column":16}},"loc":{"start":{"line":28,"column":29},"end":{"line":32,"column":1}},"line":28},"4":{"name":"diffDays","decl":{"start":{"line":34,"column":9},"end":{"line":34,"column":17}},"loc":{"start":{"line":34,"column":26},"end":{"line":37,"column":1}},"line":34},"5":{"name":"getStartOfWeek","decl":{"start":{"line":39,"column":9},"end":{"line":39,"column":23}},"loc":{"start":{"line":39,"column":30},"end":{"line":44,"column":1}},"line":39},"6":{"name":"getEndOfWeek","decl":{"start":{"line":46,"column":9},"end":{"line":46,"column":21}},"loc":{"start":{"line":46,"column":28},"end":{"line":49,"column":1}},"line":46},"7":{"name":"formatRelativeTime","decl":{"start":{"line":51,"column":9},"end":{"line":51,"column":27}},"loc":{"start":{"line":51,"column":34},"end":{"line":63,"column":1}},"line":51},"8":{"name":"isValidDate","decl":{"start":{"line":65,"column":9},"end":{"line":65,"column":20}},"loc":{"start":{"line":65,"column":27},"end":{"line":68,"column":1}},"line":65},"9":{"name":"convertToTimezone","decl":{"start":{"line":70,"column":9},"end":{"line":70,"column":26}},"loc":{"start":{"line":70,"column":37},"end":{"line":72,"column":1}},"line":70},"10":{"name":"getQuarter","decl":{"start":{"line":74,"column":9},"end":{"line":74,"column":19}},"loc":{"start":{"line":74,"column":26},"end":{"line":77,"column":1}},"line":74},"11":{"name":"isWeekend","decl":{"start":{"line":79,"column":9},"end":{"line":79,"column":18}},"loc":{"start":{"line":79,"column":25},"end":{"line":83,"column":1}},"line":79},"12":{"name":"getFiscalYear","decl":{"start":{"line":85,"column":9},"end":{"line":85,"column":22}},"loc":{"start":{"line":85,"column":29},"end":{"line":88,"column":1}},"line":85},"13":{"name":"businessLogic_1","decl":{"start":{"line":93,"column":9},"end":{"line":93,"column":24}},"loc":{"start":{"line":93,"column":27},"end":{"line":93,"column":43}},"line":93},"14":{"name":"businessLogic_2","decl":{"start":{"line":94,"column":9},"end":{"line":94,"column":24}},"loc":{"start":{"line":94,"column":27},"end":{"line":94,"column":43}},"line":94},"15":{"name":"businessLogic_3","decl":{"start":{"line":95,"column":9},"end":{"line":95,"column":24}},"loc":{"start":{"line":95,"column":27},"end":{"line":95,"column":43}},"line":95},"16":{"name":"businessLogic_4","decl":{"start":{"line":96,"column":9},"end":{"line":96,"column":24}},"loc":{"start":{"line":96,"column":27},"end":{"line":96,"column":43}},"line":96},"17":{"name":"businessLogic_5","decl":{"start":{"line":97,"column":9},"end":{"line":97,"column":24}},"loc":{"start":{"line":97,"column":27},"end":{"line":97,"column":43}},"line":97},"18":{"name":"businessLogic_6","decl":{"start":{"line":98,"column":9},"end":{"line":98,"column":24}},"loc":{"start":{"line":98,"column":27},"end":{"line":98,"column":43}},"line":98},"19":{"name":"businessLogic_7","decl":{"start":{"line":99,"column":9},"end":{"line":99,"column":24}},"loc":{"start":{"line":99,"column":27},"end":{"line":99,"column":43}},"line":99},"20":{"name":"businessLogic_8","decl":{"start":{"line":100,"column":9},"end":{"line":100,"column":24}},"loc":{"start":{"line":100,"column":27},"end":{"line":100,"column":43}},"line":100},"21":{"name":"businessLogic_9","decl":{"start":{"line":101,"column":9},"end":{"line":101,"column":24}},"loc":{"start":{"line":101,"column":27},"end":{"line":101,"column":43}},"line":101},"22":{"name":"businessLogic_10","decl":{"start":{"line":102,"column":9},"end":{"line":102,"column":25}},"loc":{"start":{"line":102,"column":28},"end":{"line":102,"column":44}},"line":102},"23":{"name":"businessLogic_11","decl":{"start":{"line":103,"column":9},"end":{"line":103,"column":25}},"loc":{"start":{"line":103,"column":28},"end":{"line":103,"column":44}},"line":103},"24":{"name":"businessLogic_12","decl":{"start":{"line":104,"column":9},"end":{"line":104,"column":25}},"loc":{"start":{"line":104,"column":28},"end":{"line":104,"column":44}},"line":104},"25":{"name":"businessLogic_13","decl":{"start":{"line":105,"column":9},"end":{"line":105,"column":25}},"loc":{"start":{"line":105,"column":28},"end":{"line":105,"column":44}},"line":105},"26":{"name":"businessLogic_14","decl":{"start":{"line":106,"column":9},"end":{"line":106,"column":25}},"loc":{"start":{"line":106,"column":28},"end":{"line":106,"column":44}},"line":106},"27":{"name":"businessLogic_15","decl":{"start":{"line":107,"column":9},"end":{"line":107,"column":25}},"loc":{"start":{"line":107,"column":28},"end":{"line":107,"column":44}},"line":107},"28":{"name":"businessLogic_16","decl":{"start":{"line":108,"column":9},"end":{"line":108,"column":25}},"loc":{"start":{"line":108,"column":28},"end":{"line":108,"column":44}},"line":108},"29":{"name":"businessLogic_17","decl":{"start":{"line":109,"column":9},"end":{"line":109,"column":25}},"loc":{"start":{"line":109,"column":28},"end":{"line":109,"column":44}},"line":109},"30":{"name":"businessLogic_18","decl":{"start":{"line":110,"column":9},"end":{"line":110,"column":25}},"loc":{"start":{"line":110,"column":28},"end":{"line":110,"column":44}},"line":110},"31":{"name":"businessLogic_19","decl":{"start":{"line":111,"column":9},"end":{"line":111,"column":25}},"loc":{"start":{"line":111,"column":28},"end":{"line":111,"column":44}},"line":111},"32":{"name":"businessLogic_20","decl":{"start":{"line":112,"column":9},"end":{"line":112,"column":25}},"loc":{"start":{"line":112,"column":28},"end":{"line":112,"column":44}},"line":112},"33":{"name":"businessLogic_21","decl":{"start":{"line":113,"column":9},"end":{"line":113,"column":25}},"loc":{"start":{"line":113,"column":28},"end":{"line":113,"column":44}},"line":113},"34":{"name":"businessLogic_22","decl":{"start":{"line":114,"column":9},"end":{"line":114,"column":25}},"loc":{"start":{"line":114,"column":28},"end":{"line":114,"column":44}},"line":114},"35":{"name":"businessLogic_23","decl":{"start":{"line":115,"column":9},"end":{"line":115,"column":25}},"loc":{"start":{"line":115,"column":28},"end":{"line":115,"column":44}},"line":115},"36":{"name":"businessLogic_24","decl":{"start":{"line":116,"column":9},"end":{"line":116,"column":25}},"loc":{"start":{"line":116,"column":28},"end":{"line":116,"column":44}},"line":116},"37":{"name":"businessLogic_25","decl":{"start":{"line":117,"column":9},"end":{"line":117,"column":25}},"loc":{"start":{"line":117,"column":28},"end":{"line":117,"column":44}},"line":117},"38":{"name":"businessLogic_26","decl":{"start":{"line":118,"column":9},"end":{"line":118,"column":25}},"loc":{"start":{"line":118,"column":28},"end":{"line":118,"column":44}},"line":118},"39":{"name":"businessLogic_27","decl":{"start":{"line":119,"column":9},"end":{"line":119,"column":25}},"loc":{"start":{"line":119,"column":28},"end":{"line":119,"column":44}},"line":119},"40":{"name":"businessLogic_28","decl":{"start":{"line":120,"column":9},"end":{"line":120,"column":25}},"loc":{"start":{"line":120,"column":28},"end":{"line":120,"column":44}},"line":120},"41":{"name":"businessLogic_29","decl":{"start":{"line":121,"column":9},"end":{"line":121,"column":25}},"loc":{"start":{"line":121,"column":28},"end":{"line":121,"column":44}},"line":121},"42":{"name":"businessLogic_30","decl":{"start":{"line":122,"column":9},"end":{"line":122,"column":25}},"loc":{"start":{"line":122,"column":28},"end":{"line":122,"column":44}},"line":122},"43":{"name":"businessLogic_31","decl":{"start":{"line":123,"column":9},"end":{"line":123,"column":25}},"loc":{"start":{"line":123,"column":28},"end":{"line":123,"column":44}},"line":123},"44":{"name":"businessLogic_32","decl":{"start":{"line":124,"column":9},"end":{"line":124,"column":25}},"loc":{"start":{"line":124,"column":28},"end":{"line":124,"column":44}},"line":124},"45":{"name":"businessLogic_33","decl":{"start":{"line":125,"column":9},"end":{"line":125,"column":25}},"loc":{"start":{"line":125,"column":28},"end":{"line":125,"column":44}},"line":125},"46":{"name":"businessLogic_34","decl":{"start":{"line":126,"column":9},"end":{"line":126,"column":25}},"loc":{"start":{"line":126,"column":28},"end":{"line":126,"column":44}},"line":126},"47":{"name":"businessLogic_35","decl":{"start":{"line":127,"column":9},"end":{"line":127,"column":25}},"loc":{"start":{"line":127,"column":28},"end":{"line":127,"column":44}},"line":127},"48":{"name":"businessLogic_36","decl":{"start":{"line":128,"column":9},"end":{"line":128,"column":25}},"loc":{"start":{"line":128,"column":28},"end":{"line":128,"column":44}},"line":128},"49":{"name":"businessLogic_37","decl":{"start":{"line":129,"column":9},"end":{"line":129,"column":25}},"loc":{"start":{"line":129,"column":28},"end":{"line":129,"column":44}},"line":129},"50":{"name":"businessLogic_38","decl":{"start":{"line":130,"column":9},"end":{"line":130,"column":25}},"loc":{"start":{"line":130,"column":28},"end":{"line":130,"column":44}},"line":130},"51":{"name":"businessLogic_39","decl":{"start":{"line":131,"column":9},"end":{"line":131,"column":25}},"loc":{"start":{"line":131,"column":28},"end":{"line":131,"column":44}},"line":131},"52":{"name":"businessLogic_40","decl":{"start":{"line":132,"column":9},"end":{"line":132,"column":25}},"loc":{"start":{"line":132,"column":28},"end":{"line":132,"column":44}},"line":132},"53":{"name":"businessLogic_41","decl":{"start":{"line":133,"column":9},"end":{"line":133,"column":25}},"loc":{"start":{"line":133,"column":28},"end":{"line":133,"column":44}},"line":133},"54":{"name":"businessLogic_42","decl":{"start":{"line":134,"column":9},"end":{"line":134,"column":25}},"loc":{"start":{"line":134,"column":28},"end":{"line":134,"column":44}},"line":134},"55":{"name":"businessLogic_43","decl":{"start":{"line":135,"column":9},"end":{"line":135,"column":25}},"loc":{"start":{"line":135,"column":28},"end":{"line":135,"column":44}},"line":135},"56":{"name":"businessLogic_44","decl":{"start":{"line":136,"column":9},"end":{"line":136,"column":25}},"loc":{"start":{"line":136,"column":28},"end":{"line":136,"column":44}},"line":136},"57":{"name":"businessLogic_45","decl":{"start":{"line":137,"column":9},"end":{"line":137,"column":25}},"loc":{"start":{"line":137,"column":28},"end":{"line":137,"column":44}},"line":137},"58":{"name":"businessLogic_46","decl":{"start":{"line":138,"column":9},"end":{"line":138,"column":25}},"loc":{"start":{"line":138,"column":28},"end":{"line":138,"column":44}},"line":138},"59":{"name":"businessLogic_47","decl":{"start":{"line":139,"column":9},"end":{"line":139,"column":25}},"loc":{"start":{"line":139,"column":28},"end":{"line":139,"column":44}},"line":139},"60":{"name":"businessLogic_48","decl":{"start":{"line":140,"column":9},"end":{"line":140,"column":25}},"loc":{"start":{"line":140,"column":28},"end":{"line":140,"column":44}},"line":140},"61":{"name":"businessLogic_49","decl":{"start":{"line":141,"column":9},"end":{"line":141,"column":25}},"loc":{"start":{"line":141,"column":28},"end":{"line":141,"column":44}},"line":141},"62":{"name":"businessLogic_50","decl":{"start":{"line":142,"column":9},"end":{"line":142,"column":25}},"loc":{"start":{"line":142,"column":28},"end":{"line":142,"column":44}},"line":142},"63":{"name":"businessLogic_51","decl":{"start":{"line":143,"column":9},"end":{"line":143,"column":25}},"loc":{"start":{"line":143,"column":28},"end":{"line":143,"column":44}},"line":143},"64":{"name":"businessLogic_52","decl":{"start":{"line":144,"column":9},"end":{"line":144,"column":25}},"loc":{"start":{"line":144,"column":28},"end":{"line":144,"column":44}},"line":144},"65":{"name":"businessLogic_53","decl":{"start":{"line":145,"column":9},"end":{"line":145,"column":25}},"loc":{"start":{"line":145,"column":28},"end":{"line":145,"column":44}},"line":145},"66":{"name":"businessLogic_54","decl":{"start":{"line":146,"column":9},"end":{"line":146,"column":25}},"loc":{"start":{"line":146,"column":28},"end":{"line":146,"column":44}},"line":146},"67":{"name":"businessLogic_55","decl":{"start":{"line":147,"column":9},"end":{"line":147,"column":25}},"loc":{"start":{"line":147,"column":28},"end":{"line":147,"column":44}},"line":147},"68":{"name":"businessLogic_56","decl":{"start":{"line":148,"column":9},"end":{"line":148,"column":25}},"loc":{"start":{"line":148,"column":28},"end":{"line":148,"column":44}},"line":148},"69":{"name":"businessLogic_57","decl":{"start":{"line":149,"column":9},"end":{"line":149,"column":25}},"loc":{"start":{"line":149,"column":28},"end":{"line":149,"column":44}},"line":149},"70":{"name":"businessLogic_58","decl":{"start":{"line":150,"column":9},"end":{"line":150,"column":25}},"loc":{"start":{"line":150,"column":28},"end":{"line":150,"column":44}},"line":150},"71":{"name":"businessLogic_59","decl":{"start":{"line":151,"column":9},"end":{"line":151,"column":25}},"loc":{"start":{"line":151,"column":28},"end":{"line":151,"column":44}},"line":151},"72":{"name":"businessLogic_60","decl":{"start":{"line":152,"column":9},"end":{"line":152,"column":25}},"loc":{"start":{"line":152,"column":28},"end":{"line":152,"column":44}},"line":152},"73":{"name":"businessLogic_61","decl":{"start":{"line":153,"column":9},"end":{"line":153,"column":25}},"loc":{"start":{"line":153,"column":28},"end":{"line":153,"column":44}},"line":153},"74":{"name":"businessLogic_62","decl":{"start":{"line":154,"column":9},"end":{"line":154,"column":25}},"loc":{"start":{"line":154,"column":28},"end":{"line":154,"column":44}},"line":154},"75":{"name":"businessLogic_63","decl":{"start":{"line":155,"column":9},"end":{"line":155,"column":25}},"loc":{"start":{"line":155,"column":28},"end":{"line":155,"column":44}},"line":155},"76":{"name":"businessLogic_64","decl":{"start":{"line":156,"column":9},"end":{"line":156,"column":25}},"loc":{"start":{"line":156,"column":28},"end":{"line":156,"column":44}},"line":156},"77":{"name":"businessLogic_65","decl":{"start":{"line":157,"column":9},"end":{"line":157,"column":25}},"loc":{"start":{"line":157,"column":28},"end":{"line":157,"column":44}},"line":157},"78":{"name":"businessLogic_66","decl":{"start":{"line":158,"column":9},"end":{"line":158,"column":25}},"loc":{"start":{"line":158,"column":28},"end":{"line":158,"column":44}},"line":158},"79":{"name":"businessLogic_67","decl":{"start":{"line":159,"column":9},"end":{"line":159,"column":25}},"loc":{"start":{"line":159,"column":28},"end":{"line":159,"column":44}},"line":159},"80":{"name":"businessLogic_68","decl":{"start":{"line":160,"column":9},"end":{"line":160,"column":25}},"loc":{"start":{"line":160,"column":28},"end":{"line":160,"column":44}},"line":160},"81":{"name":"businessLogic_69","decl":{"start":{"line":161,"column":9},"end":{"line":161,"column":25}},"loc":{"start":{"line":161,"column":28},"end":{"line":161,"column":44}},"line":161},"82":{"name":"businessLogic_70","decl":{"start":{"line":162,"column":9},"end":{"line":162,"column":25}},"loc":{"start":{"line":162,"column":28},"end":{"line":162,"column":44}},"line":162},"83":{"name":"businessLogic_71","decl":{"start":{"line":163,"column":9},"end":{"line":163,"column":25}},"loc":{"start":{"line":163,"column":28},"end":{"line":163,"column":44}},"line":163},"84":{"name":"businessLogic_72","decl":{"start":{"line":164,"column":9},"end":{"line":164,"column":25}},"loc":{"start":{"line":164,"column":28},"end":{"line":164,"column":44}},"line":164},"85":{"name":"businessLogic_73","decl":{"start":{"line":165,"column":9},"end":{"line":165,"column":25}},"loc":{"start":{"line":165,"column":28},"end":{"line":165,"column":44}},"line":165},"86":{"name":"businessLogic_74","decl":{"start":{"line":166,"column":9},"end":{"line":166,"column":25}},"loc":{"start":{"line":166,"column":28},"end":{"line":166,"column":44}},"line":166},"87":{"name":"businessLogic_75","decl":{"start":{"line":167,"column":9},"end":{"line":167,"column":25}},"loc":{"start":{"line":167,"column":28},"end":{"line":167,"column":44}},"line":167},"88":{"name":"businessLogic_76","decl":{"start":{"line":168,"column":9},"end":{"line":168,"column":25}},"loc":{"start":{"line":168,"column":28},"end":{"line":168,"column":44}},"line":168},"89":{"name":"businessLogic_77","decl":{"start":{"line":169,"column":9},"end":{"line":169,"column":25}},"loc":{"start":{"line":169,"column":28},"end":{"line":169,"column":44}},"line":169},"90":{"name":"businessLogic_78","decl":{"start":{"line":170,"column":9},"end":{"line":170,"column":25}},"loc":{"start":{"line":170,"column":28},"end":{"line":170,"column":44}},"line":170},"91":{"name":"businessLogic_79","decl":{"start":{"line":171,"column":9},"end":{"line":171,"column":25}},"loc":{"start":{"line":171,"column":28},"end":{"line":171,"column":44}},"line":171},"92":{"name":"businessLogic_80","decl":{"start":{"line":172,"column":9},"end":{"line":172,"column":25}},"loc":{"start":{"line":172,"column":28},"end":{"line":172,"column":44}},"line":172},"93":{"name":"businessLogic_81","decl":{"start":{"line":173,"column":9},"end":{"line":173,"column":25}},"loc":{"start":{"line":173,"column":28},"end":{"line":173,"column":44}},"line":173},"94":{"name":"businessLogic_82","decl":{"start":{"line":174,"column":9},"end":{"line":174,"column":25}},"loc":{"start":{"line":174,"column":28},"end":{"line":174,"column":44}},"line":174},"95":{"name":"businessLogic_83","decl":{"start":{"line":175,"column":9},"end":{"line":175,"column":25}},"loc":{"start":{"line":175,"column":28},"end":{"line":175,"column":44}},"line":175},"96":{"name":"businessLogic_84","decl":{"start":{"line":176,"column":9},"end":{"line":176,"column":25}},"loc":{"start":{"line":176,"column":28},"end":{"line":176,"column":44}},"line":176},"97":{"name":"businessLogic_85","decl":{"start":{"line":177,"column":9},"end":{"line":177,"column":25}},"loc":{"start":{"line":177,"column":28},"end":{"line":177,"column":44}},"line":177},"98":{"name":"businessLogic_86","decl":{"start":{"line":178,"column":9},"end":{"line":178,"column":25}},"loc":{"start":{"line":178,"column":28},"end":{"line":178,"column":44}},"line":178},"99":{"name":"businessLogic_87","decl":{"start":{"line":179,"column":9},"end":{"line":179,"column":25}},"loc":{"start":{"line":179,"column":28},"end":{"line":179,"column":44}},"line":179},"100":{"name":"businessLogic_88","decl":{"start":{"line":180,"column":9},"end":{"line":180,"column":25}},"loc":{"start":{"line":180,"column":28},"end":{"line":180,"column":44}},"line":180},"101":{"name":"businessLogic_89","decl":{"start":{"line":181,"column":9},"end":{"line":181,"column":25}},"loc":{"start":{"line":181,"column":28},"end":{"line":181,"column":44}},"line":181},"102":{"name":"businessLogic_90","decl":{"start":{"line":182,"column":9},"end":{"line":182,"column":25}},"loc":{"start":{"line":182,"column":28},"end":{"line":182,"column":44}},"line":182},"103":{"name":"businessLogic_91","decl":{"start":{"line":183,"column":9},"end":{"line":183,"column":25}},"loc":{"start":{"line":183,"column":28},"end":{"line":183,"column":44}},"line":183},"104":{"name":"businessLogic_92","decl":{"start":{"line":184,"column":9},"end":{"line":184,"column":25}},"loc":{"start":{"line":184,"column":28},"end":{"line":184,"column":44}},"line":184},"105":{"name":"businessLogic_93","decl":{"start":{"line":185,"column":9},"end":{"line":185,"column":25}},"loc":{"start":{"line":185,"column":28},"end":{"line":185,"column":44}},"line":185},"106":{"name":"businessLogic_94","decl":{"start":{"line":186,"column":9},"end":{"line":186,"column":25}},"loc":{"start":{"line":186,"column":28},"end":{"line":186,"column":44}},"line":186},"107":{"name":"businessLogic_95","decl":{"start":{"line":187,"column":9},"end":{"line":187,"column":25}},"loc":{"start":{"line":187,"column":28},"end":{"line":187,"column":44}},"line":187},"108":{"name":"businessLogic_96","decl":{"start":{"line":188,"column":9},"end":{"line":188,"column":25}},"loc":{"start":{"line":188,"column":28},"end":{"line":188,"column":44}},"line":188},"109":{"name":"businessLogic_97","decl":{"start":{"line":189,"column":9},"end":{"line":189,"column":25}},"loc":{"start":{"line":189,"column":28},"end":{"line":189,"column":44}},"line":189},"110":{"name":"businessLogic_98","decl":{"start":{"line":190,"column":9},"end":{"line":190,"column":25}},"loc":{"start":{"line":190,"column":28},"end":{"line":190,"column":44}},"line":190},"111":{"name":"businessLogic_99","decl":{"start":{"line":191,"column":9},"end":{"line":191,"column":25}},"loc":{"start":{"line":191,"column":28},"end":{"line":191,"column":44}},"line":191},"112":{"name":"businessLogic_100","decl":{"start":{"line":192,"column":9},"end":{"line":192,"column":26}},"loc":{"start":{"line":192,"column":29},"end":{"line":192,"column":45}},"line":192},"113":{"name":"businessLogic_101","decl":{"start":{"line":193,"column":9},"end":{"line":193,"column":26}},"loc":{"start":{"line":193,"column":29},"end":{"line":193,"column":45}},"line":193},"114":{"name":"businessLogic_102","decl":{"start":{"line":194,"column":9},"end":{"line":194,"column":26}},"loc":{"start":{"line":194,"column":29},"end":{"line":194,"column":45}},"line":194},"115":{"name":"businessLogic_103","decl":{"start":{"line":195,"column":9},"end":{"line":195,"column":26}},"loc":{"start":{"line":195,"column":29},"end":{"line":195,"column":45}},"line":195},"116":{"name":"businessLogic_104","decl":{"start":{"line":196,"column":9},"end":{"line":196,"column":26}},"loc":{"start":{"line":196,"column":29},"end":{"line":196,"column":45}},"line":196},"117":{"name":"businessLogic_105","decl":{"start":{"line":197,"column":9},"end":{"line":197,"column":26}},"loc":{"start":{"line":197,"column":29},"end":{"line":197,"column":45}},"line":197},"118":{"name":"businessLogic_106","decl":{"start":{"line":198,"column":9},"end":{"line":198,"column":26}},"loc":{"start":{"line":198,"column":29},"end":{"line":198,"column":45}},"line":198},"119":{"name":"businessLogic_107","decl":{"start":{"line":199,"column":9},"end":{"line":199,"column":26}},"loc":{"start":{"line":199,"column":29},"end":{"line":199,"column":45}},"line":199},"120":{"name":"businessLogic_108","decl":{"start":{"line":200,"column":9},"end":{"line":200,"column":26}},"loc":{"start":{"line":200,"column":29},"end":{"line":200,"column":45}},"line":200},"121":{"name":"businessLogic_109","decl":{"start":{"line":201,"column":9},"end":{"line":201,"column":26}},"loc":{"start":{"line":201,"column":29},"end":{"line":201,"column":45}},"line":201},"122":{"name":"businessLogic_110","decl":{"start":{"line":202,"column":9},"end":{"line":202,"column":26}},"loc":{"start":{"line":202,"column":29},"end":{"line":202,"column":45}},"line":202},"123":{"name":"businessLogic_111","decl":{"start":{"line":203,"column":9},"end":{"line":203,"column":26}},"loc":{"start":{"line":203,"column":29},"end":{"line":203,"column":45}},"line":203},"124":{"name":"businessLogic_112","decl":{"start":{"line":204,"column":9},"end":{"line":204,"column":26}},"loc":{"start":{"line":204,"column":29},"end":{"line":204,"column":45}},"line":204},"125":{"name":"businessLogic_113","decl":{"start":{"line":205,"column":9},"end":{"line":205,"column":26}},"loc":{"start":{"line":205,"column":29},"end":{"line":205,"column":45}},"line":205},"126":{"name":"businessLogic_114","decl":{"start":{"line":206,"column":9},"end":{"line":206,"column":26}},"loc":{"start":{"line":206,"column":29},"end":{"line":206,"column":45}},"line":206},"127":{"name":"businessLogic_115","decl":{"start":{"line":207,"column":9},"end":{"line":207,"column":26}},"loc":{"start":{"line":207,"column":29},"end":{"line":207,"column":45}},"line":207},"128":{"name":"businessLogic_116","decl":{"start":{"line":208,"column":9},"end":{"line":208,"column":26}},"loc":{"start":{"line":208,"column":29},"end":{"line":208,"column":45}},"line":208},"129":{"name":"businessLogic_117","decl":{"start":{"line":209,"column":9},"end":{"line":209,"column":26}},"loc":{"start":{"line":209,"column":29},"end":{"line":209,"column":45}},"line":209},"130":{"name":"businessLogic_118","decl":{"start":{"line":210,"column":9},"end":{"line":210,"column":26}},"loc":{"start":{"line":210,"column":29},"end":{"line":210,"column":45}},"line":210},"131":{"name":"businessLogic_119","decl":{"start":{"line":211,"column":9},"end":{"line":211,"column":26}},"loc":{"start":{"line":211,"column":29},"end":{"line":211,"column":45}},"line":211},"132":{"name":"businessLogic_120","decl":{"start":{"line":212,"column":9},"end":{"line":212,"column":26}},"loc":{"start":{"line":212,"column":29},"end":{"line":212,"column":45}},"line":212},"133":{"name":"businessLogic_121","decl":{"start":{"line":213,"column":9},"end":{"line":213,"column":26}},"loc":{"start":{"line":213,"column":29},"end":{"line":213,"column":45}},"line":213},"134":{"name":"businessLogic_122","decl":{"start":{"line":214,"column":9},"end":{"line":214,"column":26}},"loc":{"start":{"line":214,"column":29},"end":{"line":214,"column":45}},"line":214},"135":{"name":"businessLogic_123","decl":{"start":{"line":215,"column":9},"end":{"line":215,"column":26}},"loc":{"start":{"line":215,"column":29},"end":{"line":215,"column":45}},"line":215},"136":{"name":"businessLogic_124","decl":{"start":{"line":216,"column":9},"end":{"line":216,"column":26}},"loc":{"start":{"line":216,"column":29},"end":{"line":216,"column":45}},"line":216},"137":{"name":"businessLogic_125","decl":{"start":{"line":217,"column":9},"end":{"line":217,"column":26}},"loc":{"start":{"line":217,"column":29},"end":{"line":217,"column":45}},"line":217},"138":{"name":"businessLogic_126","decl":{"start":{"line":218,"column":9},"end":{"line":218,"column":26}},"loc":{"start":{"line":218,"column":29},"end":{"line":218,"column":45}},"line":218},"139":{"name":"businessLogic_127","decl":{"start":{"line":219,"column":9},"end":{"line":219,"column":26}},"loc":{"start":{"line":219,"column":29},"end":{"line":219,"column":45}},"line":219},"140":{"name":"businessLogic_128","decl":{"start":{"line":220,"column":9},"end":{"line":220,"column":26}},"loc":{"start":{"line":220,"column":29},"end":{"line":220,"column":45}},"line":220},"141":{"name":"businessLogic_129","decl":{"start":{"line":221,"column":9},"end":{"line":221,"column":26}},"loc":{"start":{"line":221,"column":29},"end":{"line":221,"column":45}},"line":221},"142":{"name":"businessLogic_130","decl":{"start":{"line":222,"column":9},"end":{"line":222,"column":26}},"loc":{"start":{"line":222,"column":29},"end":{"line":222,"column":45}},"line":222},"143":{"name":"businessLogic_131","decl":{"start":{"line":223,"column":9},"end":{"line":223,"column":26}},"loc":{"start":{"line":223,"column":29},"end":{"line":223,"column":45}},"line":223},"144":{"name":"businessLogic_132","decl":{"start":{"line":224,"column":9},"end":{"line":224,"column":26}},"loc":{"start":{"line":224,"column":29},"end":{"line":224,"column":45}},"line":224},"145":{"name":"businessLogic_133","decl":{"start":{"line":225,"column":9},"end":{"line":225,"column":26}},"loc":{"start":{"line":225,"column":29},"end":{"line":225,"column":45}},"line":225},"146":{"name":"businessLogic_134","decl":{"start":{"line":226,"column":9},"end":{"line":226,"column":26}},"loc":{"start":{"line":226,"column":29},"end":{"line":226,"column":45}},"line":226},"147":{"name":"businessLogic_135","decl":{"start":{"line":227,"column":9},"end":{"line":227,"column":26}},"loc":{"start":{"line":227,"column":29},"end":{"line":227,"column":45}},"line":227},"148":{"name":"businessLogic_136","decl":{"start":{"line":228,"column":9},"end":{"line":228,"column":26}},"loc":{"start":{"line":228,"column":29},"end":{"line":228,"column":45}},"line":228},"149":{"name":"businessLogic_137","decl":{"start":{"line":229,"column":9},"end":{"line":229,"column":26}},"loc":{"start":{"line":229,"column":29},"end":{"line":229,"column":45}},"line":229},"150":{"name":"businessLogic_138","decl":{"start":{"line":230,"column":9},"end":{"line":230,"column":26}},"loc":{"start":{"line":230,"column":29},"end":{"line":230,"column":45}},"line":230},"151":{"name":"businessLogic_139","decl":{"start":{"line":231,"column":9},"end":{"line":231,"column":26}},"loc":{"start":{"line":231,"column":29},"end":{"line":231,"column":45}},"line":231},"152":{"name":"businessLogic_140","decl":{"start":{"line":232,"column":9},"end":{"line":232,"column":26}},"loc":{"start":{"line":232,"column":29},"end":{"line":232,"column":45}},"line":232},"153":{"name":"businessLogic_141","decl":{"start":{"line":233,"column":9},"end":{"line":233,"column":26}},"loc":{"start":{"line":233,"column":29},"end":{"line":233,"column":45}},"line":233},"154":{"name":"businessLogic_142","decl":{"start":{"line":234,"column":9},"end":{"line":234,"column":26}},"loc":{"start":{"line":234,"column":29},"end":{"line":234,"column":45}},"line":234},"155":{"name":"businessLogic_143","decl":{"start":{"line":235,"column":9},"end":{"line":235,"column":26}},"loc":{"start":{"line":235,"column":29},"end":{"line":235,"column":45}},"line":235},"156":{"name":"businessLogic_144","decl":{"start":{"line":236,"column":9},"end":{"line":236,"column":26}},"loc":{"start":{"line":236,"column":29},"end":{"line":236,"column":45}},"line":236},"157":{"name":"businessLogic_145","decl":{"start":{"line":237,"column":9},"end":{"line":237,"column":26}},"loc":{"start":{"line":237,"column":29},"end":{"line":237,"column":45}},"line":237},"158":{"name":"businessLogic_146","decl":{"start":{"line":238,"column":9},"end":{"line":238,"column":26}},"loc":{"start":{"line":238,"column":29},"end":{"line":238,"column":45}},"line":238},"159":{"name":"businessLogic_147","decl":{"start":{"line":239,"column":9},"end":{"line":239,"column":26}},"loc":{"start":{"line":239,"column":29},"end":{"line":239,"column":45}},"line":239},"160":{"name":"businessLogic_148","decl":{"start":{"line":240,"column":9},"end":{"line":240,"column":26}},"loc":{"start":{"line":240,"column":29},"end":{"line":240,"column":45}},"line":240},"161":{"name":"businessLogic_149","decl":{"start":{"line":241,"column":9},"end":{"line":241,"column":26}},"loc":{"start":{"line":241,"column":29},"end":{"line":241,"column":45}},"line":241},"162":{"name":"businessLogic_150","decl":{"start":{"line":242,"column":9},"end":{"line":242,"column":26}},"loc":{"start":{"line":242,"column":29},"end":{"line":242,"column":45}},"line":242},"163":{"name":"businessLogic_151","decl":{"start":{"line":243,"column":9},"end":{"line":243,"column":26}},"loc":{"start":{"line":243,"column":29},"end":{"line":243,"column":45}},"line":243},"164":{"name":"businessLogic_152","decl":{"start":{"line":244,"column":9},"end":{"line":244,"column":26}},"loc":{"start":{"line":244,"column":29},"end":{"line":244,"column":45}},"line":244},"165":{"name":"businessLogic_153","decl":{"start":{"line":245,"column":9},"end":{"line":245,"column":26}},"loc":{"start":{"line":245,"column":29},"end":{"line":245,"column":45}},"line":245},"166":{"name":"businessLogic_154","decl":{"start":{"line":246,"column":9},"end":{"line":246,"column":26}},"loc":{"start":{"line":246,"column":29},"end":{"line":246,"column":45}},"line":246},"167":{"name":"businessLogic_155","decl":{"start":{"line":247,"column":9},"end":{"line":247,"column":26}},"loc":{"start":{"line":247,"column":29},"end":{"line":247,"column":45}},"line":247},"168":{"name":"businessLogic_156","decl":{"start":{"line":248,"column":9},"end":{"line":248,"column":26}},"loc":{"start":{"line":248,"column":29},"end":{"line":248,"column":45}},"line":248},"169":{"name":"businessLogic_157","decl":{"start":{"line":249,"column":9},"end":{"line":249,"column":26}},"loc":{"start":{"line":249,"column":29},"end":{"line":249,"column":45}},"line":249},"170":{"name":"businessLogic_158","decl":{"start":{"line":250,"column":9},"end":{"line":250,"column":26}},"loc":{"start":{"line":250,"column":29},"end":{"line":250,"column":45}},"line":250},"171":{"name":"businessLogic_159","decl":{"start":{"line":251,"column":9},"end":{"line":251,"column":26}},"loc":{"start":{"line":251,"column":29},"end":{"line":251,"column":45}},"line":251},"172":{"name":"businessLogic_160","decl":{"start":{"line":252,"column":9},"end":{"line":252,"column":26}},"loc":{"start":{"line":252,"column":29},"end":{"line":252,"column":45}},"line":252},"173":{"name":"businessLogic_161","decl":{"start":{"line":253,"column":9},"end":{"line":253,"column":26}},"loc":{"start":{"line":253,"column":29},"end":{"line":253,"column":45}},"line":253},"174":{"name":"businessLogic_162","decl":{"start":{"line":254,"column":9},"end":{"line":254,"column":26}},"loc":{"start":{"line":254,"column":29},"end":{"line":254,"column":45}},"line":254},"175":{"name":"businessLogic_163","decl":{"start":{"line":255,"column":9},"end":{"line":255,"column":26}},"loc":{"start":{"line":255,"column":29},"end":{"line":255,"column":45}},"line":255},"176":{"name":"businessLogic_164","decl":{"start":{"line":256,"column":9},"end":{"line":256,"column":26}},"loc":{"start":{"line":256,"column":29},"end":{"line":256,"column":45}},"line":256}},"branchMap":{"0":{"loc":{"start":{"line":6,"column":4},"end":{"line":6,"column":36}},"type":"if","locations":[{"start":{"line":6,"column":4},"end":{"line":6,"column":36}},{"start":{},"end":{}}],"line":6},"1":{"loc":{"start":{"line":8,"column":4},"end":{"line":8,"column":49}},"type":"if","locations":[{"start":{"line":8,"column":4},"end":{"line":8,"column":49}},{"start":{},"end":{}}],"line":8},"2":{"loc":{"start":{"line":14,"column":4},"end":{"line":14,"column":46}},"type":"if","locations":[{"start":{"line":14,"column":4},"end":{"line":14,"column":46}},{"start":{},"end":{}}],"line":14},"3":{"loc":{"start":{"line":15,"column":4},"end":{"line":15,"column":40}},"type":"if","locations":[{"start":{"line":15,"column":4},"end":{"line":15,"column":40}},{"start":{},"end":{}}],"line":15},"4":{"loc":{"start":{"line":25,"column":11},"end":{"line":25,"column":69}},"type":"binary-expr","locations":[{"start":{"line":25,"column":12},"end":{"line":25,"column":26}},{"start":{"line":25,"column":30},"end":{"line":25,"column":46}},{"start":{"line":25,"column":52},"end":{"line":25,"column":68}}],"line":25},"5":{"loc":{"start":{"line":42,"column":38},"end":{"line":42,"column":56}},"type":"cond-expr","locations":[{"start":{"line":42,"column":50},"end":{"line":42,"column":52}},{"start":{"line":42,"column":55},"end":{"line":42,"column":56}}],"line":42},"6":{"loc":{"start":{"line":59,"column":4},"end":{"line":59,"column":44}},"type":"if","locations":[{"start":{"line":59,"column":4},"end":{"line":59,"column":44}},{"start":{},"end":{}}],"line":59},"7":{"loc":{"start":{"line":60,"column":4},"end":{"line":60,"column":47}},"type":"if","locations":[{"start":{"line":60,"column":4},"end":{"line":60,"column":47}},{"start":{},"end":{}}],"line":60},"8":{"loc":{"start":{"line":61,"column":4},"end":{"line":61,"column":53}},"type":"if","locations":[{"start":{"line":61,"column":4},"end":{"line":61,"column":53}},{"start":{},"end":{}}],"line":61},"9":{"loc":{"start":{"line":67,"column":11},"end":{"line":67,"column":41}},"type":"binary-expr","locations":[{"start":{"line":67,"column":11},"end":{"line":67,"column":28}},{"start":{"line":67,"column":32},"end":{"line":67,"column":41}}],"line":67},"10":{"loc":{"start":{"line":82,"column":11},"end":{"line":82,"column":33}},"type":"binary-expr","locations":[{"start":{"line":82,"column":11},"end":{"line":82,"column":20}},{"start":{"line":82,"column":24},"end":{"line":82,"column":33}}],"line":82},"11":{"loc":{"start":{"line":87,"column":11},"end":{"line":87,"column":68}},"type":"cond-expr","locations":[{"start":{"line":87,"column":31},"end":{"line":87,"column":46}},{"start":{"line":87,"column":49},"end":{"line":87,"column":68}}],"line":87}},"s":{"0":4,"1":2,"2":2,"3":2,"4":1,"5":1,"6":1,"7":1,"8":1,"9":1,"10":1,"11":1,"12":1,"13":3,"14":4,"15":2,"16":2,"17":2,"18":1,"19":1,"20":2,"21":2,"22":2,"23":2,"24":1,"25":1,"26":5,"27":5,"28":5,"29":5,"30":5,"31":5,"32":5,"33":5,"34":0,"35":0,"36":0,"37":0,"38":0,"39":2,"40":2,"41":1,"42":4,"43":4,"44":3,"45":3,"46":3,"47":2,"48":2,"49":0,"50":0,"51":0,"52":0,"53":0,"54":0,"55":0,"56":0,"57":0,"58":0,"59":0,"60":0,"61":0,"62":0,"63":0,"64":0,"65":0,"66":0,"67":0,"68":0,"69":0,"70":0,"71":0,"72":0,"73":0,"74":0,"75":0,"76":0,"77":0,"78":0,"79":0,"80":0,"81":0,"82":0,"83":0,"84":0,"85":0,"86":0,"87":0,"88":0,"89":0,"90":0,"91":0,"92":0,"93":0,"94":0,"95":0,"96":0,"97":0,"98":0,"99":0,"100":0,"101":0,"102":0,"103":0,"104":0,"105":0,"106":0,"107":0,"108":0,"109":0,"110":0,"111":0,"112":0,"113":0,"114":0,"115":0,"116":0,"117":0,"118":0,"119":0,"120":0,"121":0,"122":0,"123":0,"124":0,"125":0,"126":0,"127":0,"128":0,"129":0,"130":0,"131":0,"132":0,"133":0,"134":0,"135":0,"136":0,"137":0,"138":0,"139":0,"140":0,"141":0,"142":0,"143":0,"144":0,"145":0,"146":0,"147":0,"148":0,"149":0,"150":0,"151":0,"152":0,"153":0,"154":0,"155":0,"156":0,"157":0,"158":0,"159":0,"160":0,"161":0,"162":0,"163":0,"164":0,"165":0,"166":0,"167":0,"168":0,"169":0,"170":0,"171":0,"172":0,"173":0,"174":0,"175":0,"176":0,"177":0,"178":0,"179":0,"180":0,"181":0,"182":0,"183":0,"184":0,"185":0,"186":0,"187":0,"188":0,"189":0,"190":0,"191":0,"192":0,"193":0,"194":0,"195":0,"196":0,"197":0,"198":0,"199":0,"200":0,"201":0,"202":0,"203":0,"204":0,"205":0,"206":0,"207":0,"208":0,"209":0,"210":0,"211":0,"212":0,"213":1},"f":{"0":4,"1":3,"2":4,"3":2,"4":1,"5":2,"6":1,"7":5,"8":2,"9":1,"10":4,"11":3,"12":2,"13":0,"14":0,"15":0,"16":0,"17":0,"18":0,"19":0,"20":0,"21":0,"22":0,"23":0,"24":0,"25":0,"26":0,"27":0,"28":0,"29":0,"30":0,"31":0,"32":0,"33":0,"34":0,"35":0,"36":0,"37":0,"38":0,"39":0,"40":0,"41":0,"42":0,"43":0,"44":0,"45":0,"46":0,"47":0,"48":0,"49":0,"50":0,"51":0,"52":0,"53":0,"54":0,"55":0,"56":0,"57":0,"58":0,"59":0,"60":0,"61":0,"62":0,"63":0,"64":0,"65":0,"66":0,"67":0,"68":0,"69":0,"70":0,"71":0,"72":0,"73":0,"74":0,"75":0,"76":0,"77":0,"78":0,"79":0,"80":0,"81":0,"82":0,"83":0,"84":0,"85":0,"86":0,"87":0,"88":0,"89":0,"90":0,"91":0,"92":0,"93":0,"94":0,"95":0,"96":0,"97":0,"98":0,"99":0,"100":0,"101":0,"102":0,"103":0,"104":0,"105":0,"106":0,"107":0,"108":0,"109":0,"110":0,"111":0,"112":0,"113":0,"114":0,"115":0,"116":0,"117":0,"118":0,"119":0,"120":0,"121":0,"122":0,"123":0,"124":0,"125":0,"126":0,"127":0,"128":0,"129":0,"130":0,"131":0,"132":0,"133":0,"134":0,"135":0,"136":0,"137":0,"138":0,"139":0,"140":0,"141":0,"142":0,"143":0,"144":0,"145":0,"146":0,"147":0,"148":0,"149":0,"150":0,"151":0,"152":0,"153":0,"154":0,"155":0,"156":0,"157":0,"158":0,"159":0,"160":0,"161":0,"162":0,"163":0,"164":0,"165":0,"166":0,"167":0,"168":0,"169":0,"170":0,"171":0,"172":0,"173":0,"174":0,"175":0,"176":0},"b":{"0":[2,2],"1":[1,1],"2":[1,0],"3":[1,0],"4":[4,2,3],"5":[0,2],"6":[5,0],"7":[0,0],"8":[0,0],"9":[2,2],"10":[3,2],"11":[1,1]},"inputSourceMap":null,"_coverageSchema":"1a1c01bbd47fc00a2c39e90264f33305004495a9","hash":"03b9bf9a1e0d63d9d73e5c6d8a21abf2ed345993"}
}
