{"total": {"lines":{"total":618,"covered":1,"skipped":0,"pct":0.16},"statements":{"total":675,"covered":1,"skipped":0,"pct":0.14},"functions":{"total":78,"covered":0,"skipped":0,"pct":0},"branches":{"total":283,"covered":0,"skipped":0,"pct":0},"branchesTrue":{"total":0,"covered":0,"skipped":0,"pct":100}}
,"/home/runner/work/AiTestGen/AiTestGen/jest.config.js": {"lines":{"total":1,"covered":0,"skipped":0,"pct":0},"functions":{"total":0,"covered":0,"skipped":0,"pct":100},"statements":{"total":1,"covered":0,"skipped":0,"pct":0},"branches":{"total":0,"covered":0,"skipped":0,"pct":100}}
,"/home/runner/work/AiTestGen/AiTestGen/test-glob.js": {"lines":{"total":6,"covered":0,"skipped":0,"pct":0},"functions":{"total":0,"covered":0,"skipped":0,"pct":100},"statements":{"total":6,"covered":0,"skipped":0,"pct":0},"branches":{"total":0,"covered":0,"skipped":0,"pct":100}}
,"/home/runner/work/AiTestGen/AiTestGen/src/index.ts": {"lines":{"total":237,"covered":0,"skipped":0,"pct":0},"functions":{"total":29,"covered":0,"skipped":0,"pct":0},"statements":{"total":258,"covered":0,"skipped":0,"pct":0},"branches":{"total":98,"covered":0,"skipped":0,"pct":0}}
,"/home/runner/work/AiTestGen/AiTestGen/src/adapters/BaseAdapter.ts": {"lines":{"total":3,"covered":0,"skipped":0,"pct":0},"functions":{"total":1,"covered":0,"skipped":0,"pct":0},"statements":{"total":3,"covered":0,"skipped":0,"pct":0},"branches":{"total":0,"covered":0,"skipped":0,"pct":100}}
,"/home/runner/work/AiTestGen/AiTestGen/src/adapters/ClaudeAdapter.ts": {"lines":{"total":18,"covered":0,"skipped":0,"pct":0},"functions":{"total":1,"covered":0,"skipped":0,"pct":0},"statements":{"total":18,"covered":0,"skipped":0,"pct":0},"branches":{"total":8,"covered":0,"skipped":0,"pct":0}}
,"/home/runner/work/AiTestGen/AiTestGen/src/adapters/GeminiAdapter.ts": {"lines":{"total":18,"covered":0,"skipped":0,"pct":0},"functions":{"total":1,"covered":0,"skipped":0,"pct":0},"statements":{"total":18,"covered":0,"skipped":0,"pct":0},"branches":{"total":8,"covered":0,"skipped":0,"pct":0}}
,"/home/runner/work/AiTestGen/AiTestGen/src/adapters/GroqAdapter.ts": {"lines":{"total":18,"covered":0,"skipped":0,"pct":0},"functions":{"total":1,"covered":0,"skipped":0,"pct":0},"statements":{"total":18,"covered":0,"skipped":0,"pct":0},"branches":{"total":8,"covered":0,"skipped":0,"pct":0}}
,"/home/runner/work/AiTestGen/AiTestGen/src/adapters/OpenAIAdapter.ts": {"lines":{"total":18,"covered":0,"skipped":0,"pct":0},"functions":{"total":1,"covered":0,"skipped":0,"pct":0},"statements":{"total":18,"covered":0,"skipped":0,"pct":0},"branches":{"total":8,"covered":0,"skipped":0,"pct":0}}
,"/home/runner/work/AiTestGen/AiTestGen/src/config/aws-config.js": {"lines":{"total":2,"covered":0,"skipped":0,"pct":0},"functions":{"total":0,"covered":0,"skipped":0,"pct":100},"statements":{"total":2,"covered":0,"skipped":0,"pct":0},"branches":{"total":0,"covered":0,"skipped":0,"pct":100}}
,"/home/runner/work/AiTestGen/AiTestGen/src/core/ModelFactory.ts": {"lines":{"total":11,"covered":0,"skipped":0,"pct":0},"functions":{"total":1,"covered":0,"skipped":0,"pct":0},"statements":{"total":11,"covered":0,"skipped":0,"pct":0},"branches":{"total":13,"covered":0,"skipped":0,"pct":0}}
,"/home/runner/work/AiTestGen/AiTestGen/src/core/Orchestrator.ts": {"lines":{"total":71,"covered":0,"skipped":0,"pct":0},"functions":{"total":4,"covered":0,"skipped":0,"pct":0},"statements":{"total":75,"covered":0,"skipped":0,"pct":0},"branches":{"total":30,"covered":0,"skipped":0,"pct":0}}
,"/home/runner/work/AiTestGen/AiTestGen/src/services/auth_service.js": {"lines":{"total":16,"covered":1,"skipped":0,"pct":6.25},"functions":{"total":5,"covered":0,"skipped":0,"pct":0},"statements":{"total":16,"covered":1,"skipped":0,"pct":6.25},"branches":{"total":12,"covered":0,"skipped":0,"pct":0}}
,"/home/runner/work/AiTestGen/AiTestGen/src/utils/CoverageParser.ts": {"lines":{"total":59,"covered":0,"skipped":0,"pct":0},"functions":{"total":6,"covered":0,"skipped":0,"pct":0},"statements":{"total":68,"covered":0,"skipped":0,"pct":0},"branches":{"total":32,"covered":0,"skipped":0,"pct":0}}
,"/home/runner/work/AiTestGen/AiTestGen/src/utils/LanguageDetector.ts": {"lines":{"total":140,"covered":0,"skipped":0,"pct":0},"functions":{"total":28,"covered":0,"skipped":0,"pct":0},"statements":{"total":163,"covered":0,"skipped":0,"pct":0},"branches":{"total":66,"covered":0,"skipped":0,"pct":0}}
}
