TN:
SF:jest.config.js
FNF:0
FNH:0
DA:1,0
LF:1
LH:0
BRF:0
BRH:0
end_of_record
TN:
SF:src/index.ts
FN:27,(anonymous_10)
FN:43,(anonymous_11)
FN:61,(anonymous_12)
FN:67,(anonymous_13)
FN:68,(anonymous_14)
FN:73,(anonymous_15)
FN:74,(anonymous_16)
FN:79,(anonymous_17)
FN:91,(anonymous_18)
FN:152,(anonymous_19)
FN:167,(anonymous_20)
FN:195,runBatchGeneration
FN:228,getApiKey
FN:242,findAndParseReports
FN:249,(anonymous_24)
FN:256,(anonymous_25)
FN:263,(anonymous_26)
FN:270,(anonymous_27)
FN:277,resolveFilePath
FN:299,(anonymous_29)
FN:311,saveResults
FN:331,(anonymous_31)
FN:344,updateCoverageOnly
FN:362,(anonymous_33)
FN:363,(anonymous_34)
FNF:25
FNH:0
FNDA:0,(anonymous_10)
FNDA:0,(anonymous_11)
FNDA:0,(anonymous_12)
FNDA:0,(anonymous_13)
FNDA:0,(anonymous_14)
FNDA:0,(anonymous_15)
FNDA:0,(anonymous_16)
FNDA:0,(anonymous_17)
FNDA:0,(anonymous_18)
FNDA:0,(anonymous_19)
FNDA:0,(anonymous_20)
FNDA:0,runBatchGeneration
FNDA:0,getApiKey
FNDA:0,findAndParseReports
FNDA:0,(anonymous_24)
FNDA:0,(anonymous_25)
FNDA:0,(anonymous_26)
FNDA:0,(anonymous_27)
FNDA:0,resolveFilePath
FNDA:0,(anonymous_29)
FNDA:0,saveResults
FNDA:0,(anonymous_31)
FNDA:0,updateCoverageOnly
FNDA:0,(anonymous_33)
FNDA:0,(anonymous_34)
DA:1,0
DA:2,0
DA:3,0
DA:4,0
DA:5,0
DA:6,0
DA:7,0
DA:8,0
DA:10,0
DA:12,0
DA:13,0
DA:15,0
DA:20,0
DA:28,0
DA:29,0
DA:32,0
DA:44,0
DA:45,0
DA:46,0
DA:47,0
DA:49,0
DA:53,0
DA:54,0
DA:55,0
DA:59,0
DA:61,0
DA:62,0
DA:63,0
DA:65,0
DA:66,0
DA:67,0
DA:68,0
DA:71,0
DA:72,0
DA:73,0
DA:74,0
DA:78,0
DA:79,0
DA:81,0
DA:84,0
DA:86,0
DA:87,0
DA:88,0
DA:90,0
DA:91,0
DA:92,0
DA:94,0
DA:97,0
DA:99,0
DA:100,0
DA:101,0
DA:104,0
DA:105,0
DA:106,0
DA:108,0
DA:109,0
DA:111,0
DA:112,0
DA:113,0
DA:114,0
DA:115,0
DA:116,0
DA:118,0
DA:121,0
DA:125,0
DA:127,0
DA:128,0
DA:129,0
DA:130,0
DA:133,0
DA:134,0
DA:135,0
DA:138,0
DA:141,0
DA:142,0
DA:146,0
DA:153,0
DA:154,0
DA:156,0
DA:157,0
DA:158,0
DA:161,0
DA:163,0
DA:164,0
DA:166,0
DA:167,0
DA:168,0
DA:170,0
DA:171,0
DA:172,0
DA:173,0
DA:174,0
DA:175,0
DA:176,0
DA:180,0
DA:181,0
DA:182,0
DA:183,0
DA:184,0
DA:185,0
DA:186,0
DA:187,0
DA:188,0
DA:189,0
DA:191,0
DA:196,0
DA:197,0
DA:198,0
DA:200,0
DA:201,0
DA:202,0
DA:205,0
DA:207,0
DA:208,0
DA:209,0
DA:211,0
DA:212,0
DA:213,0
DA:214,0
DA:215,0
DA:217,0
DA:221,0
DA:223,0
DA:224,0
DA:229,0
DA:230,0
DA:231,0
DA:232,0
DA:234,0
DA:235,0
DA:236,0
DA:237,0
DA:239,0
DA:243,0
DA:244,0
DA:247,0
DA:248,0
DA:249,0
DA:250,0
DA:254,0
DA:255,0
DA:256,0
DA:257,0
DA:261,0
DA:262,0
DA:263,0
DA:264,0
DA:268,0
DA:269,0
DA:270,0
DA:271,0
DA:274,0
DA:279,0
DA:280,0
DA:283,0
DA:284,0
DA:287,0
DA:288,0
DA:289,0
DA:291,0
DA:296,0
DA:298,0
DA:299,0
DA:300,0
DA:302,0
DA:305,0
DA:308,0
DA:312,0
DA:313,0
DA:315,0
DA:316,0
DA:319,0
DA:320,0
DA:321,0
DA:322,0
DA:324,0
DA:329,0
DA:330,0
DA:331,0
DA:332,0
DA:333,0
DA:335,0
DA:339,0
DA:340,0
DA:345,0
DA:346,0
DA:348,0
DA:349,0
DA:351,0
DA:354,0
DA:355,0
DA:357,0
DA:362,0
DA:363,0
DA:364,0
DA:369,0
DA:370,0
DA:371,0
DA:372,0
DA:375,0
DA:376,0
DA:383,0
DA:386,0
DA:387,0
DA:388,0
DA:390,0
DA:394,0
LF:207
LH:0
BRDA:53,0,0,0
BRDA:66,1,0,0
BRDA:72,2,0,0
BRDA:81,3,0,0
BRDA:81,3,1,0
BRDA:81,3,2,0
BRDA:81,3,3,0
BRDA:81,3,4,0
BRDA:86,4,0,0
BRDA:87,5,0,0
BRDA:87,5,1,0
BRDA:92,6,0,0
BRDA:99,7,0,0
BRDA:112,8,0,0
BRDA:112,8,1,0
BRDA:112,9,0,0
BRDA:112,9,1,0
BRDA:127,10,0,0
BRDA:127,10,1,0
BRDA:129,11,0,0
BRDA:133,12,0,0
BRDA:156,13,0,0
BRDA:161,14,0,0
BRDA:161,14,1,0
BRDA:164,15,0,0
BRDA:164,15,1,0
BRDA:173,16,0,0
BRDA:174,17,0,0
BRDA:175,18,0,0
BRDA:186,19,0,0
BRDA:186,19,1,0
BRDA:188,20,0,0
BRDA:200,21,0,0
BRDA:230,22,0,0
BRDA:230,22,1,0
BRDA:230,23,0,0
BRDA:230,23,1,0
BRDA:231,24,0,0
BRDA:231,24,1,0
BRDA:231,25,0,0
BRDA:231,25,1,0
BRDA:232,26,0,0
BRDA:232,27,0,0
BRDA:232,27,1,0
BRDA:234,28,0,0
BRDA:235,29,0,0
BRDA:235,29,1,0
BRDA:235,30,0,0
BRDA:235,30,1,0
BRDA:250,31,0,0
BRDA:250,31,1,0
BRDA:257,32,0,0
BRDA:257,32,1,0
BRDA:264,33,0,0
BRDA:264,33,1,0
BRDA:271,34,0,0
BRDA:271,34,1,0
BRDA:279,35,0,0
BRDA:279,36,0,0
BRDA:279,36,1,0
BRDA:280,37,0,0
BRDA:280,38,0,0
BRDA:280,38,1,0
BRDA:284,39,0,0
BRDA:284,40,0,0
BRDA:284,40,1,0
BRDA:296,41,0,0
BRDA:298,42,0,0
BRDA:300,43,0,0
BRDA:300,43,1,0
BRDA:315,44,0,0
BRDA:320,45,0,0
BRDA:332,46,0,0
BRDA:332,46,1,0
BRDA:349,47,0,0
BRDA:364,48,0,0
BRDA:364,48,1,0
BRDA:371,49,0,0
BRDA:371,50,0,0
BRDA:371,50,1,0
BRDA:375,51,0,0
BRDA:380,52,0,0
BRDA:380,52,1,0
BRF:83
BRH:0
end_of_record
TN:
SF:src/adapters/BaseAdapter.ts
FN:10,(anonymous_0)
FNF:1
FNH:0
FNDA:0,(anonymous_0)
DA:6,0
DA:11,0
DA:12,0
LF:3
LH:0
BRF:0
BRH:0
end_of_record
TN:
SF:src/adapters/GeminiAdapter.ts
FN:7,(anonymous_1)
FNF:1
FNH:0
FNDA:0,(anonymous_1)
DA:1,0
DA:2,0
DA:4,0
DA:5,0
DA:8,0
DA:9,0
DA:10,0
DA:19,0
DA:20,0
DA:21,0
DA:35,0
DA:60,0
DA:61,0
DA:68,0
DA:69,0
DA:70,0
DA:72,0
DA:77,0
LF:18
LH:0
BRDA:9,0,0,0
BRDA:14,1,0,0
BRDA:14,1,1,0
BRDA:20,2,0,0
BRDA:70,3,0,0
BRDA:70,3,1,0
BRDA:77,4,0,0
BRDA:77,4,1,0
BRF:8
BRH:0
end_of_record
TN:
SF:src/adapters/GroqAdapter.ts
FN:7,(anonymous_1)
FNF:1
FNH:0
FNDA:0,(anonymous_1)
DA:1,0
DA:2,0
DA:4,0
DA:5,0
DA:8,0
DA:9,0
DA:10,0
DA:19,0
DA:20,0
DA:21,0
DA:35,0
DA:61,0
DA:62,0
DA:80,0
DA:81,0
DA:82,0
DA:84,0
DA:89,0
LF:18
LH:0
BRDA:9,0,0,0
BRDA:14,1,0,0
BRDA:14,1,1,0
BRDA:20,2,0,0
BRDA:82,3,0,0
BRDA:82,3,1,0
BRDA:89,4,0,0
BRDA:89,4,1,0
BRF:8
BRH:0
end_of_record
TN:
SF:src/adapters/OpenAIAdapter.ts
FN:7,(anonymous_1)
FNF:1
FNH:0
FNDA:0,(anonymous_1)
DA:1,0
DA:2,0
DA:4,0
DA:5,0
DA:8,0
DA:9,0
DA:10,0
DA:19,0
DA:20,0
DA:21,0
DA:35,0
DA:60,0
DA:61,0
DA:78,0
DA:79,0
DA:80,0
DA:82,0
DA:87,0
LF:18
LH:0
BRDA:9,0,0,0
BRDA:14,1,0,0
BRDA:14,1,1,0
BRDA:20,2,0,0
BRDA:80,3,0,0
BRDA:80,3,1,0
BRDA:87,4,0,0
BRDA:87,4,1,0
BRF:8
BRH:0
end_of_record
TN:
SF:src/core/ModelFactory.ts
FN:7,(anonymous_0)
FNF:1
FNH:0
FNDA:0,(anonymous_0)
DA:2,0
DA:3,0
DA:4,0
DA:6,0
DA:8,0
DA:10,0
DA:12,0
DA:14,0
DA:16,0
LF:9
LH:0
BRDA:8,0,0,0
BRDA:8,0,1,0
BRDA:8,0,2,0
BRDA:8,0,3,0
BRDA:10,1,0,0
BRDA:10,1,1,0
BRDA:12,2,0,0
BRDA:12,2,1,0
BRDA:14,3,0,0
BRDA:14,3,1,0
BRF:10
BRH:0
end_of_record
TN:
SF:src/core/Orchestrator.ts
FN:11,(anonymous_10)
FN:25,(anonymous_11)
FN:78,(anonymous_12)
FN:92,(anonymous_13)
FNF:4
FNH:0
FNDA:0,(anonymous_10)
FNDA:0,(anonymous_11)
FNDA:0,(anonymous_12)
FNDA:0,(anonymous_13)
DA:1,0
DA:2,0
DA:3,0
DA:4,0
DA:6,0
DA:12,0
DA:13,0
DA:15,0
DA:16,0
DA:17,0
DA:18,0
DA:19,0
DA:21,0
DA:26,0
DA:27,0
DA:30,0
DA:33,0
DA:34,0
DA:35,0
DA:36,0
DA:37,0
DA:40,0
DA:41,0
DA:43,0
DA:44,0
DA:45,0
DA:47,0
DA:49,0
DA:50,0
DA:52,0
DA:53,0
DA:54,0
DA:55,0
DA:56,0
DA:59,0
DA:61,0
DA:62,0
DA:64,0
DA:65,0
DA:67,0
DA:79,0
DA:89,0
DA:93,0
DA:94,0
DA:96,0
DA:97,0
DA:99,0
DA:100,0
DA:103,0
DA:106,0
LF:50
LH:0
BRDA:15,0,0,0
BRDA:15,0,1,0
BRDA:16,1,0,0
BRDA:16,1,1,0
BRDA:17,2,0,0
BRDA:17,2,1,0
BRDA:18,3,0,0
BRDA:18,3,1,0
BRDA:26,4,0,0
BRDA:34,5,0,0
BRDA:44,6,0,0
BRDA:54,7,0,0
BRDA:74,8,0,0
BRDA:74,8,1,0
BRDA:89,9,0,0
BRDA:89,9,1,0
BRDA:97,10,0,0
BRDA:97,10,1,0
BRF:18
BRH:0
end_of_record
TN:
SF:src/utils/CoverageParser.ts
FN:11,(anonymous_9)
FN:19,(anonymous_10)
FN:33,(anonymous_11)
FN:59,(anonymous_12)
FN:68,(anonymous_13)
FN:86,(anonymous_14)
FNF:6
FNH:0
FNDA:0,(anonymous_9)
FNDA:0,(anonymous_10)
FNDA:0,(anonymous_11)
FNDA:0,(anonymous_12)
FNDA:0,(anonymous_13)
FNDA:0,(anonymous_14)
DA:1,0
DA:2,0
DA:10,0
DA:12,0
DA:13,0
DA:14,0
DA:16,0
DA:17,0
DA:18,0
DA:19,0
DA:20,0
DA:23,0
DA:24,0
DA:25,0
DA:28,0
DA:30,0
DA:34,0
DA:35,0
DA:36,0
DA:37,0
DA:39,0
DA:40,0
DA:41,0
DA:42,0
DA:44,0
DA:45,0
DA:46,0
DA:47,0
DA:48,0
DA:50,0
DA:51,0
DA:52,0
DA:53,0
DA:55,0
DA:59,0
DA:60,0
DA:69,0
DA:70,0
DA:71,0
DA:73,0
DA:74,0
DA:75,0
DA:76,0
DA:83,0
DA:87,0
DA:88,0
DA:89,0
DA:93,0
DA:95,0
DA:96,0
DA:97,0
DA:98,0
DA:99,0
DA:100,0
DA:105,0
LF:55
LH:0
BRDA:12,0,0,0
BRDA:20,1,0,0
BRDA:20,1,1,0
BRDA:24,2,0,0
BRDA:24,3,0,0
BRDA:24,3,1,0
BRDA:34,4,0,0
BRDA:40,5,0,0
BRDA:40,6,0,0
BRDA:40,6,1,0
BRDA:42,7,0,0
BRDA:50,8,0,0
BRDA:52,9,0,0
BRDA:52,9,1,0
BRDA:62,10,0,0
BRDA:62,10,1,0
BRDA:63,11,0,0
BRDA:63,11,1,0
BRDA:63,12,0,0
BRDA:63,12,1,0
BRDA:69,13,0,0
BRDA:73,14,0,0
BRDA:79,15,0,0
BRDA:79,15,1,0
BRDA:79,16,0,0
BRDA:79,16,1,0
BRDA:87,17,0,0
BRDA:102,18,0,0
BRDA:102,18,1,0
BRF:29
BRH:0
end_of_record
TN:
SF:src/utils/LanguageDetector.ts
FN:41,(anonymous_9)
FN:45,(anonymous_10)
FN:50,(anonymous_11)
FN:53,(anonymous_12)
FN:59,(anonymous_13)
FN:68,(anonymous_14)
FN:75,(anonymous_15)
FN:78,(anonymous_16)
FN:84,(anonymous_17)
FN:87,(anonymous_18)
FN:92,(anonymous_19)
FN:98,(anonymous_20)
FN:106,(anonymous_21)
FN:113,(anonymous_22)
FN:121,(anonymous_23)
FN:187,(anonymous_24)
FN:195,(anonymous_25)
FN:209,(anonymous_26)
FN:221,(anonymous_27)
FN:239,(anonymous_28)
FN:257,(anonymous_29)
FN:276,(anonymous_30)
FN:291,(anonymous_31)
FN:304,(anonymous_32)
FN:317,(anonymous_33)
FN:341,(anonymous_34)
FN:375,(anonymous_35)
FN:385,readJson
FNF:28
FNH:0
FNDA:0,(anonymous_9)
FNDA:0,(anonymous_10)
FNDA:0,(anonymous_11)
FNDA:0,(anonymous_12)
FNDA:0,(anonymous_13)
FNDA:0,(anonymous_14)
FNDA:0,(anonymous_15)
FNDA:0,(anonymous_16)
FNDA:0,(anonymous_17)
FNDA:0,(anonymous_18)
FNDA:0,(anonymous_19)
FNDA:0,(anonymous_20)
FNDA:0,(anonymous_21)
FNDA:0,(anonymous_22)
FNDA:0,(anonymous_23)
FNDA:0,(anonymous_24)
FNDA:0,(anonymous_25)
FNDA:0,(anonymous_26)
FNDA:0,(anonymous_27)
FNDA:0,(anonymous_28)
FNDA:0,(anonymous_29)
FNDA:0,(anonymous_30)
FNDA:0,(anonymous_31)
FNDA:0,(anonymous_32)
FNDA:0,(anonymous_33)
FNDA:0,(anonymous_34)
FNDA:0,(anonymous_35)
FNDA:0,readJson
DA:1,0
DA:2,0
DA:34,0
DA:36,0
DA:42,0
DA:46,0
DA:47,0
DA:50,0
DA:51,0
DA:52,0
DA:53,0
DA:54,0
DA:59,0
DA:60,0
DA:62,0
DA:63,0
DA:64,0
DA:68,0
DA:69,0
DA:70,0
DA:71,0
DA:75,0
DA:76,0
DA:77,0
DA:78,0
DA:79,0
DA:84,0
DA:85,0
DA:87,0
DA:88,0
DA:92,0
DA:93,0
DA:94,0
DA:98,0
DA:99,0
DA:101,0
DA:102,0
DA:106,0
DA:107,0
DA:108,0
DA:111,0
DA:114,0
DA:122,0
DA:123,0
DA:125,0
DA:131,0
DA:132,0
DA:133,0
DA:140,0
DA:141,0
DA:142,0
DA:143,0
DA:144,0
DA:145,0
DA:146,0
DA:147,0
DA:148,0
DA:149,0
DA:150,0
DA:151,0
DA:152,0
DA:153,0
DA:154,0
DA:156,0
DA:157,0
DA:160,0
DA:164,0
DA:165,0
DA:166,0
DA:167,0
DA:168,0
DA:170,0
DA:171,0
DA:174,0
DA:188,0
DA:189,0
DA:190,0
DA:191,0
DA:192,0
DA:195,0
DA:196,0
DA:197,0
DA:198,0
DA:199,0
DA:201,0
DA:202,0
DA:203,0
DA:205,0
DA:209,0
DA:210,0
DA:211,0
DA:212,0
DA:213,0
DA:214,0
DA:216,0
DA:221,0
DA:222,0
DA:223,0
DA:224,0
DA:227,0
DA:240,0
DA:241,0
DA:242,0
DA:243,0
DA:245,0
DA:258,0
DA:259,0
DA:260,0
DA:261,0
DA:263,0
DA:277,0
DA:278,0
DA:292,0
DA:305,0
DA:318,0
DA:319,0
DA:321,0
DA:342,0
DA:344,0
DA:354,0
DA:356,0
DA:359,0
DA:360,0
DA:362,0
DA:365,0
DA:366,0
DA:367,0
DA:369,0
DA:370,0
DA:371,0
DA:372,0
DA:373,0
DA:374,0
DA:375,0
DA:376,0
DA:381,0
DA:386,0
DA:387,0
DA:388,0
DA:390,0
LF:140
LH:0
BRDA:41,0,0,0
BRDA:53,1,0,0
BRDA:53,2,0,0
BRDA:53,2,1,0
BRDA:62,3,0,0
BRDA:64,4,0,0
BRDA:71,5,0,0
BRDA:78,6,0,0
BRDA:78,7,0,0
BRDA:78,7,1,0
BRDA:87,8,0,0
BRDA:87,9,0,0
BRDA:87,9,1,0
BRDA:93,10,0,0
BRDA:99,11,0,0
BRDA:99,11,1,0
BRDA:101,12,0,0
BRDA:107,13,0,0
BRDA:123,14,0,0
BRDA:133,15,0,0
BRDA:133,15,1,0
BRDA:133,16,0,0
BRDA:133,16,1,0
BRDA:140,17,0,0
BRDA:140,17,1,0
BRDA:143,18,0,0
BRDA:143,18,1,0
BRDA:143,19,0,0
BRDA:143,19,1,0
BRDA:146,20,0,0
BRDA:146,20,1,0
BRDA:150,21,0,0
BRDA:150,21,1,0
BRDA:154,22,0,0
BRDA:154,22,1,0
BRDA:166,23,0,0
BRDA:166,23,1,0
BRDA:168,24,0,0
BRDA:171,25,0,0
BRDA:196,26,0,0
BRDA:199,27,0,0
BRDA:201,28,0,0
BRDA:205,29,0,0
BRDA:210,30,0,0
BRDA:212,31,0,0
BRDA:212,31,1,0
BRDA:222,32,0,0
BRDA:243,33,0,0
BRDA:261,34,0,0
BRDA:279,35,0,0
BRDA:279,35,1,0
BRDA:323,36,0,0
BRDA:323,36,1,0
BRDA:325,37,0,0
BRDA:325,37,1,0
BRDA:342,38,0,0
BRDA:369,39,0,0
BRDA:369,39,1,0
BRDA:370,40,0,0
BRDA:370,41,0,0
BRDA:370,41,1,0
BRDA:372,42,0,0
BRDA:373,43,0,0
BRDA:373,43,1,0
BRDA:375,44,0,0
BRDA:387,45,0,0
BRF:66
BRH:0
end_of_record
